# JRE version: OpenJDK Runtime Environment (8.0_152-b06) (build 1.8.0_152-release-1136-b06)
# Java VM: OpenJDK 64-Bit Server VM (25.152-b06 mixed mode windows-amd64 compressed oops)
Heap:
 PSYoungGen      total 215040K, used 144506K [0x00000000e0000000, 0x00000000eec80000, 0x0000000100000000)
  eden space 198144K, 72% used [0x00000000e0000000,0x00000000e8d1e800,0x00000000ec180000)
  from space 16896K, 0% used [0x00000000edc00000,0x00000000edc00000,0x00000000eec80000)
  to   space 22016K, 0% used [0x00000000ec180000,0x00000000ec180000,0x00000000ed700000)
 ParOldGen       total 127488K, used 95649K [0x00000000a0000000, 0x00000000a7c80000, 0x00000000e0000000)
  object space 127488K, 75% used [0x00000000a0000000,0x00000000a5d68610,0x00000000a7c80000)
 Metaspace       used 90139K, capacity 92744K, committed 93016K, reserved 1130496K
  class space    used 11268K, capacity 11813K, committed 11904K, reserved 1048576K
GC Heap History (10 events):
Event: 358.835 GC heap before
{Heap before GC invocations=21 (full 5):
 PSYoungGen      total 215040K, used 13402K [0x00000000e0000000, 0x00000000eec80000, 0x0000000100000000)
  eden space 198144K, 0% used [0x00000000e0000000,0x00000000e0000000,0x00000000ec180000)
  from space 16896K, 79% used [0x00000000edc00000,0x00000000ee9169c8,0x00000000eec80000)
  to   space 22016K, 0% used [0x00000000ec180000,0x00000000ec180000,0x00000000ed700000)
 ParOldGen       total 51712K, used 44225K [0x00000000a0000000, 0x00000000a3280000, 0x00000000e0000000)
  object space 51712K, 85% used [0x00000000a0000000,0x00000000a2b304f0,0x00000000a3280000)
 Metaspace       used 66516K, capacity 68190K, committed 68312K, reserved 1107968K
  class space    used 8498K, capacity 8888K, committed 8960K, reserved 1048576K
Event: 359.459 GC heap after
Heap after GC invocations=21 (full 5):
 PSYoungGen      total 215040K, used 0K [0x00000000e0000000, 0x00000000eec80000, 0x0000000100000000)
  eden space 198144K, 0% used [0x00000000e0000000,0x00000000e0000000,0x00000000ec180000)
  from space 16896K, 0% used [0x00000000edc00000,0x00000000edc00000,0x00000000eec80000)
  to   space 22016K, 0% used [0x00000000ec180000,0x00000000ec180000,0x00000000ed700000)
 ParOldGen       total 127488K, used 49239K [0x00000000a0000000, 0x00000000a7c80000, 0x00000000e0000000)
  object space 127488K, 38% used [0x00000000a0000000,0x00000000a3015e78,0x00000000a7c80000)
 Metaspace       used 66516K, capacity 68190K, committed 68312K, reserved 1107968K
  class space    used 8498K, capacity 8888K, committed 8960K, reserved 1048576K
}
Event: 424.568 GC heap before
{Heap before GC invocations=22 (full 5):
 PSYoungGen      total 215040K, used 197863K [0x00000000e0000000, 0x00000000eec80000, 0x0000000100000000)
  eden space 198144K, 99% used [0x00000000e0000000,0x00000000ec139f18,0x00000000ec180000)
  from space 16896K, 0% used [0x00000000edc00000,0x00000000edc00000,0x00000000eec80000)
  to   space 22016K, 0% used [0x00000000ec180000,0x00000000ec180000,0x00000000ed700000)
 ParOldGen       total 127488K, used 49239K [0x00000000a0000000, 0x00000000a7c80000, 0x00000000e0000000)
  object space 127488K, 38% used [0x00000000a0000000,0x00000000a3015e78,0x00000000a7c80000)
 Metaspace       used 75036K, capacity 76856K, committed 77144K, reserved 1116160K
  class space    used 9629K, capacity 10059K, committed 10112K, reserved 1048576K
Event: 424.622 GC heap after
Heap after GC invocations=22 (full 5):
 PSYoungGen      total 220160K, used 13206K [0x00000000e0000000, 0x00000000eec80000, 0x0000000100000000)
  eden space 198144K, 0% used [0x00000000e0000000,0x00000000e0000000,0x00000000ec180000)
  from space 22016K, 59% used [0x00000000ec180000,0x00000000ece65840,0x00000000ed700000)
  to   space 16896K, 0% used [0x00000000edc00000,0x00000000edc00000,0x00000000eec80000)
 ParOldGen       total 127488K, used 49247K [0x00000000a0000000, 0x00000000a7c80000, 0x00000000e0000000)
  object space 127488K, 38% used [0x00000000a0000000,0x00000000a3017e78,0x00000000a7c80000)
 Metaspace       used 75036K, capacity 76856K, committed 77144K, reserved 1116160K
  class space    used 9629K, capacity 10059K, committed 10112K, reserved 1048576K
}
Event: 430.022 GC heap before
{Heap before GC invocations=23 (full 5):
 PSYoungGen      total 220160K, used 211350K [0x00000000e0000000, 0x00000000eec80000, 0x0000000100000000)
  eden space 198144K, 100% used [0x00000000e0000000,0x00000000ec180000,0x00000000ec180000)
  from space 22016K, 59% used [0x00000000ec180000,0x00000000ece65840,0x00000000ed700000)
  to   space 16896K, 0% used [0x00000000edc00000,0x00000000edc00000,0x00000000eec80000)
 ParOldGen       total 127488K, used 49247K [0x00000000a0000000, 0x00000000a7c80000, 0x00000000e0000000)
  object space 127488K, 38% used [0x00000000a0000000,0x00000000a3017e78,0x00000000a7c80000)
 Metaspace       used 79916K, capacity 81820K, committed 82008K, reserved 1120256K
  class space    used 10108K, capacity 10569K, committed 10624K, reserved 1048576K
Event: 430.322 GC heap after
Heap after GC invocations=23 (full 5):
 PSYoungGen      total 215040K, used 16875K [0x00000000e0000000, 0x00000000eec80000, 0x0000000100000000)
  eden space 198144K, 0% used [0x00000000e0000000,0x00000000e0000000,0x00000000ec180000)
  from space 16896K, 99% used [0x00000000edc00000,0x00000000eec7afb0,0x00000000eec80000)
  to   space 22016K, 0% used [0x00000000ec180000,0x00000000ec180000,0x00000000ed700000)
 ParOldGen       total 127488K, used 118479K [0x00000000a0000000, 0x00000000a7c80000, 0x00000000e0000000)
  object space 127488K, 92% used [0x00000000a0000000,0x00000000a73b3eb0,0x00000000a7c80000)
 Metaspace       used 79916K, capacity 81820K, committed 82008K, reserved 1120256K
  class space    used 10108K, capacity 10569K, committed 10624K, reserved 1048576K
}
Event: 430.322 GC heap before
{Heap before GC invocations=24 (full 6):
 PSYoungGen      total 215040K, used 16875K [0x00000000e0000000, 0x00000000eec80000, 0x0000000100000000)
  eden space 198144K, 0% used [0x00000000e0000000,0x00000000e0000000,0x00000000ec180000)
  from space 16896K, 99% used [0x00000000edc00000,0x00000000eec7afb0,0x00000000eec80000)
  to   space 22016K, 0% used [0x00000000ec180000,0x00000000ec180000,0x00000000ed700000)
 ParOldGen       total 127488K, used 118479K [0x00000000a0000000, 0x00000000a7c80000, 0x00000000e0000000)
  object space 127488K, 92% used [0x00000000a0000000,0x00000000a73b3eb0,0x00000000a7c80000)
 Metaspace       used 79916K, capacity 81820K, committed 82008K, reserved 1120256K
  class space    used 10108K, capacity 10569K, committed 10624K, reserved 1048576K
Event: 431.604 GC heap after
Heap after GC invocations=24 (full 6):
 PSYoungGen      total 215040K, used 0K [0x00000000e0000000, 0x00000000eec80000, 0x0000000100000000)
  eden space 198144K, 0% used [0x00000000e0000000,0x00000000e0000000,0x00000000ec180000)
  from space 16896K, 0% used [0x00000000edc00000,0x00000000edc00000,0x00000000eec80000)
  to   space 22016K, 0% used [0x00000000ec180000,0x00000000ec180000,0x00000000ed700000)
 ParOldGen       total 127488K, used 119871K [0x00000000a0000000, 0x00000000a7c80000, 0x00000000e0000000)
  object space 127488K, 94% used [0x00000000a0000000,0x00000000a750fe08,0x00000000a7c80000)
 Metaspace       used 79916K, capacity 81820K, committed 82008K, reserved 1120256K
  class space    used 10108K, capacity 10569K, committed 10624K, reserved 1048576K
}
Event: 433.777 GC heap before
{Heap before GC invocations=25 (full 7):
 PSYoungGen      total 215040K, used 198144K [0x00000000e0000000, 0x00000000eec80000, 0x0000000100000000)
  eden space 198144K, 100% used [0x00000000e0000000,0x00000000ec180000,0x00000000ec180000)
  from space 16896K, 0% used [0x00000000edc00000,0x00000000edc00000,0x00000000eec80000)
  to   space 22016K, 0% used [0x00000000ec180000,0x00000000ec180000,0x00000000ed700000)
 ParOldGen       total 127488K, used 119871K [0x00000000a0000000, 0x00000000a7c80000, 0x00000000e0000000)
  object space 127488K, 94% used [0x00000000a0000000,0x00000000a750fe08,0x00000000a7c80000)
 Metaspace       used 80397K, capacity 82300K, committed 82520K, reserved 1122304K
  class space    used 10163K, capacity 10601K, committed 10624K, reserved 1048576K
Event: 434.906 GC heap after
Heap after GC invocations=25 (full 7):
 PSYoungGen      total 215040K, used 0K [0x00000000e0000000, 0x00000000eec80000, 0x0000000100000000)
  eden space 198144K, 0% used [0x00000000e0000000,0x00000000e0000000,0x00000000ec180000)
  from space 16896K, 0% used [0x00000000edc00000,0x00000000edc00000,0x00000000eec80000)
  to   space 22016K, 0% used [0x00000000ec180000,0x00000000ec180000,0x00000000ed700000)
 ParOldGen       total 127488K, used 95649K [0x00000000a0000000, 0x00000000a7c80000, 0x00000000e0000000)
  object space 127488K, 75% used [0x00000000a0000000,0x00000000a5d68610,0x00000000a7c80000)
 Metaspace       used 80397K, capacity 82300K, committed 82520K, reserved 1122304K
  class space    used 10163K, capacity 10601K, committed 10624K, reserved 1048576K
}

