# JRE version: OpenJDK Runtime Environment (8.0_152-b06) (build 1.8.0_152-release-1136-b06)
# Java VM: OpenJDK 64-Bit Server VM (25.152-b06 mixed mode windows-amd64 compressed oops)
Heap:
 PSYoungGen      total 331776K, used 213718K [0x00000000e0000000, 0x00000000f8a00000, 0x0000000100000000)
  eden space 279040K, 58% used [0x00000000e0000000,0x00000000ea03c6f8,0x00000000f1080000)
  from space 52736K, 94% used [0x00000000f4b80000,0x00000000f7bf9218,0x00000000f7f00000)
  to   space 60416K, 0% used [0x00000000f1080000,0x00000000f1080000,0x00000000f4b80000)
 ParOldGen       total 201216K, used 116111K [0x00000000a0000000, 0x00000000ac480000, 0x00000000e0000000)
  object space 201216K, 57% used [0x00000000a0000000,0x00000000a7163c98,0x00000000ac480000)
 Metaspace       used 88130K, capacity 91234K, committed 91392K, reserved 1128448K
  class space    used 11334K, capacity 12008K, committed 12032K, reserved 1048576K
GC Heap History (10 events):
Event: 86.770 GC heap before
{Heap before GC invocations=18 (full 3):
 PSYoungGen      total 214528K, used 214317K [0x00000000e0000000, 0x00000000eed80000, 0x0000000100000000)
  eden space 202240K, 100% used [0x00000000e0000000,0x00000000ec580000,0x00000000ec580000)
  from space 12288K, 98% used [0x00000000ee180000,0x00000000eed4b5d8,0x00000000eed80000)
  to   space 20480K, 0% used [0x00000000ec580000,0x00000000ec580000,0x00000000ed980000)
 ParOldGen       total 99328K, used 46047K [0x00000000a0000000, 0x00000000a6100000, 0x00000000e0000000)
  object space 99328K, 46% used [0x00000000a0000000,0x00000000a2cf7e00,0x00000000a6100000)
 Metaspace       used 72907K, capacity 74914K, committed 75136K, reserved 1114112K
  class space    used 9601K, capacity 10112K, committed 10112K, reserved 1048576K
Event: 87.056 GC heap after
Heap after GC invocations=18 (full 3):
 PSYoungGen      total 222720K, used 20452K [0x00000000e0000000, 0x00000000f4e80000, 0x0000000100000000)
  eden space 202240K, 0% used [0x00000000e0000000,0x00000000e0000000,0x00000000ec580000)
  from space 20480K, 99% used [0x00000000ec580000,0x00000000ed979398,0x00000000ed980000)
  to   space 47616K, 0% used [0x00000000f2000000,0x00000000f2000000,0x00000000f4e80000)
 ParOldGen       total 110592K, used 110101K [0x00000000a0000000, 0x00000000a6c00000, 0x00000000e0000000)
  object space 110592K, 99% used [0x00000000a0000000,0x00000000a6b85630,0x00000000a6c00000)
 Metaspace       used 72907K, capacity 74914K, committed 75136K, reserved 1114112K
  class space    used 9601K, capacity 10112K, committed 10112K, reserved 1048576K
}
Event: 87.056 GC heap before
{Heap before GC invocations=19 (full 4):
 PSYoungGen      total 222720K, used 20452K [0x00000000e0000000, 0x00000000f4e80000, 0x0000000100000000)
  eden space 202240K, 0% used [0x00000000e0000000,0x00000000e0000000,0x00000000ec580000)
  from space 20480K, 99% used [0x00000000ec580000,0x00000000ed979398,0x00000000ed980000)
  to   space 47616K, 0% used [0x00000000f2000000,0x00000000f2000000,0x00000000f4e80000)
 ParOldGen       total 110592K, used 110101K [0x00000000a0000000, 0x00000000a6c00000, 0x00000000e0000000)
  object space 110592K, 99% used [0x00000000a0000000,0x00000000a6b85630,0x00000000a6c00000)
 Metaspace       used 72907K, capacity 74914K, committed 75136K, reserved 1114112K
  class space    used 9601K, capacity 10112K, committed 10112K, reserved 1048576K
Event: 88.432 GC heap after
Heap after GC invocations=19 (full 4):
 PSYoungGen      total 222720K, used 6645K [0x00000000e0000000, 0x00000000f4e80000, 0x0000000100000000)
  eden space 202240K, 0% used [0x00000000e0000000,0x00000000e0000000,0x00000000ec580000)
  from space 20480K, 32% used [0x00000000ec580000,0x00000000ecbfd7f0,0x00000000ed980000)
  to   space 47616K, 0% used [0x00000000f2000000,0x00000000f2000000,0x00000000f4e80000)
 ParOldGen       total 201216K, used 110086K [0x00000000a0000000, 0x00000000ac480000, 0x00000000e0000000)
  object space 201216K, 54% used [0x00000000a0000000,0x00000000a6b819b0,0x00000000ac480000)
 Metaspace       used 72907K, capacity 74914K, committed 75136K, reserved 1114112K
  class space    used 9601K, capacity 10112K, committed 10112K, reserved 1048576K
}
Event: 90.849 GC heap before
{Heap before GC invocations=20 (full 4):
 PSYoungGen      total 222720K, used 208885K [0x00000000e0000000, 0x00000000f4e80000, 0x0000000100000000)
  eden space 202240K, 100% used [0x00000000e0000000,0x00000000ec580000,0x00000000ec580000)
  from space 20480K, 32% used [0x00000000ec580000,0x00000000ecbfd7f0,0x00000000ed980000)
  to   space 47616K, 0% used [0x00000000f2000000,0x00000000f2000000,0x00000000f4e80000)
 ParOldGen       total 201216K, used 110086K [0x00000000a0000000, 0x00000000ac480000, 0x00000000e0000000)
  object space 201216K, 54% used [0x00000000a0000000,0x00000000a6b819b0,0x00000000ac480000)
 Metaspace       used 73361K, capacity 75380K, committed 75776K, reserved 1114112K
  class space    used 9627K, capacity 10117K, committed 10240K, reserved 1048576K
Event: 91.023 GC heap after
Heap after GC invocations=20 (full 4):
 PSYoungGen      total 294912K, used 25335K [0x00000000e0000000, 0x00000000f5880000, 0x0000000100000000)
  eden space 247296K, 0% used [0x00000000e0000000,0x00000000e0000000,0x00000000ef180000)
  from space 47616K, 53% used [0x00000000f2000000,0x00000000f38bdc48,0x00000000f4e80000)
  to   space 47616K, 0% used [0x00000000ef180000,0x00000000ef180000,0x00000000f2000000)
 ParOldGen       total 201216K, used 116095K [0x00000000a0000000, 0x00000000ac480000, 0x00000000e0000000)
  object space 201216K, 57% used [0x00000000a0000000,0x00000000a715fc98,0x00000000ac480000)
 Metaspace       used 73361K, capacity 75380K, committed 75776K, reserved 1114112K
  class space    used 9627K, capacity 10117K, committed 10240K, reserved 1048576K
}
Event: 128.137 GC heap before
{Heap before GC invocations=21 (full 4):
 PSYoungGen      total 294912K, used 272631K [0x00000000e0000000, 0x00000000f5880000, 0x0000000100000000)
  eden space 247296K, 100% used [0x00000000e0000000,0x00000000ef180000,0x00000000ef180000)
  from space 47616K, 53% used [0x00000000f2000000,0x00000000f38bdc48,0x00000000f4e80000)
  to   space 47616K, 0% used [0x00000000ef180000,0x00000000ef180000,0x00000000f2000000)
 ParOldGen       total 201216K, used 116095K [0x00000000a0000000, 0x00000000ac480000, 0x00000000e0000000)
  object space 201216K, 57% used [0x00000000a0000000,0x00000000a715fc98,0x00000000ac480000)
 Metaspace       used 76956K, capacity 79186K, committed 79488K, reserved 1118208K
  class space    used 10014K, capacity 10536K, committed 10624K, reserved 1048576K
Event: 128.279 GC heap after
Heap after GC invocations=21 (full 4):
 PSYoungGen      total 294912K, used 38900K [0x00000000e0000000, 0x00000000f7f00000, 0x0000000100000000)
  eden space 247296K, 0% used [0x00000000e0000000,0x00000000e0000000,0x00000000ef180000)
  from space 47616K, 81% used [0x00000000ef180000,0x00000000f177d380,0x00000000f2000000)
  to   space 52736K, 0% used [0x00000000f4b80000,0x00000000f4b80000,0x00000000f7f00000)
 ParOldGen       total 201216K, used 116103K [0x00000000a0000000, 0x00000000ac480000, 0x00000000e0000000)
  object space 201216K, 57% used [0x00000000a0000000,0x00000000a7161c98,0x00000000ac480000)
 Metaspace       used 76956K, capacity 79186K, committed 79488K, reserved 1118208K
  class space    used 10014K, capacity 10536K, committed 10624K, reserved 1048576K
}
Event: 150.176 GC heap before
{Heap before GC invocations=22 (full 4):
 PSYoungGen      total 294912K, used 286196K [0x00000000e0000000, 0x00000000f7f00000, 0x0000000100000000)
  eden space 247296K, 100% used [0x00000000e0000000,0x00000000ef180000,0x00000000ef180000)
  from space 47616K, 81% used [0x00000000ef180000,0x00000000f177d380,0x00000000f2000000)
  to   space 52736K, 0% used [0x00000000f4b80000,0x00000000f4b80000,0x00000000f7f00000)
 ParOldGen       total 201216K, used 116103K [0x00000000a0000000, 0x00000000ac480000, 0x00000000e0000000)
  object space 201216K, 57% used [0x00000000a0000000,0x00000000a7161c98,0x00000000ac480000)
 Metaspace       used 86628K, capacity 89660K, committed 89728K, reserved 1126400K
  class space    used 11205K, capacity 11877K, committed 11904K, reserved 1048576K
Event: 150.332 GC heap after
Heap after GC invocations=22 (full 4):
 PSYoungGen      total 331776K, used 49636K [0x00000000e0000000, 0x00000000f8a00000, 0x0000000100000000)
  eden space 279040K, 0% used [0x00000000e0000000,0x00000000e0000000,0x00000000f1080000)
  from space 52736K, 94% used [0x00000000f4b80000,0x00000000f7bf9218,0x00000000f7f00000)
  to   space 60416K, 0% used [0x00000000f1080000,0x00000000f1080000,0x00000000f4b80000)
 ParOldGen       total 201216K, used 116111K [0x00000000a0000000, 0x00000000ac480000, 0x00000000e0000000)
  object space 201216K, 57% used [0x00000000a0000000,0x00000000a7163c98,0x00000000ac480000)
 Metaspace       used 86628K, capacity 89660K, committed 89728K, reserved 1126400K
  class space    used 11205K, capacity 11877K, committed 11904K, reserved 1048576K
}

