# JRE version: OpenJDK Runtime Environment (8.0_152-b06) (build 1.8.0_152-release-1136-b06)
# Java VM: OpenJDK 64-Bit Server VM (25.152-b06 mixed mode windows-amd64 compressed oops)
Heap:
 PSYoungGen      total 283648K, used 128036K [0x00000000e0000000, 0x00000000fac00000, 0x0000000100000000)
  eden space 218112K, 58% used [0x00000000e0000000,0x00000000e7cf1338,0x00000000ed500000)
  from space 65536K, 0% used [0x00000000f2780000,0x00000000f2798000,0x00000000f6780000)
  to   space 84480K, 0% used [0x00000000ed500000,0x00000000ed500000,0x00000000f2780000)
 ParOldGen       total 249856K, used 200931K [0x00000000a0000000, 0x00000000af400000, 0x00000000e0000000)
  object space 249856K, 80% used [0x00000000a0000000,0x00000000ac438dc0,0x00000000af400000)
 Metaspace       used 88406K, capacity 90986K, committed 91136K, reserved 1128448K
  class space    used 11184K, capacity 11720K, committed 11776K, reserved 1048576K
GC Heap History (10 events):
Event: 269.798 GC heap before
{Heap before GC invocations=22 (full 4):
 PSYoungGen      total 228864K, used 38898K [0x00000000e0000000, 0x00000000f6000000, 0x0000000100000000)
  eden space 189952K, 0% used [0x00000000e0000000,0x00000000e0000000,0x00000000eb980000)
  from space 38912K, 99% used [0x00000000ef880000,0x00000000f1e7cb38,0x00000000f1e80000)
  to   space 64512K, 0% used [0x00000000eb980000,0x00000000eb980000,0x00000000ef880000)
 ParOldGen       total 139776K, used 139375K [0x00000000a0000000, 0x00000000a8880000, 0x00000000e0000000)
  object space 139776K, 99% used [0x00000000a0000000,0x00000000a881bd20,0x00000000a8880000)
 Metaspace       used 76880K, capacity 78746K, committed 78976K, reserved 1118208K
  class space    used 9917K, capacity 10362K, committed 10368K, reserved 1048576K
Event: 271.637 GC heap after
Heap after GC invocations=22 (full 4):
 PSYoungGen      total 228864K, used 2529K [0x00000000e0000000, 0x00000000f6000000, 0x0000000100000000)
  eden space 189952K, 0% used [0x00000000e0000000,0x00000000e0000000,0x00000000eb980000)
  from space 38912K, 6% used [0x00000000ef880000,0x00000000efaf86f0,0x00000000f1e80000)
  to   space 64512K, 0% used [0x00000000eb980000,0x00000000eb980000,0x00000000ef880000)
 ParOldGen       total 249856K, used 139532K [0x00000000a0000000, 0x00000000af400000, 0x00000000e0000000)
  object space 249856K, 55% used [0x00000000a0000000,0x00000000a88431a0,0x00000000af400000)
 Metaspace       used 76880K, capacity 78746K, committed 78976K, reserved 1118208K
  class space    used 9917K, capacity 10362K, committed 10368K, reserved 1048576K
}
Event: 311.549 GC heap before
{Heap before GC invocations=23 (full 4):
 PSYoungGen      total 228864K, used 192481K [0x00000000e0000000, 0x00000000f6000000, 0x0000000100000000)
  eden space 189952K, 100% used [0x00000000e0000000,0x00000000eb980000,0x00000000eb980000)
  from space 38912K, 6% used [0x00000000ef880000,0x00000000efaf86f0,0x00000000f1e80000)
  to   space 64512K, 0% used [0x00000000eb980000,0x00000000eb980000,0x00000000ef880000)
 ParOldGen       total 249856K, used 139532K [0x00000000a0000000, 0x00000000af400000, 0x00000000e0000000)
  object space 249856K, 55% used [0x00000000a0000000,0x00000000a88431a0,0x00000000af400000)
 Metaspace       used 80005K, capacity 82016K, committed 82176K, reserved 1120256K
  class space    used 10242K, capacity 10723K, committed 10752K, reserved 1048576K
Event: 311.762 GC heap after
Heap after GC invocations=23 (full 4):
 PSYoungGen      total 254464K, used 55868K [0x00000000e0000000, 0x00000000f6e80000, 0x0000000100000000)
  eden space 189952K, 0% used [0x00000000e0000000,0x00000000e0000000,0x00000000eb980000)
  from space 64512K, 86% used [0x00000000eb980000,0x00000000ef00f1a8,0x00000000ef880000)
  to   space 72704K, 0% used [0x00000000f2780000,0x00000000f2780000,0x00000000f6e80000)
 ParOldGen       total 249856K, used 142084K [0x00000000a0000000, 0x00000000af400000, 0x00000000e0000000)
  object space 249856K, 56% used [0x00000000a0000000,0x00000000a8ac10b0,0x00000000af400000)
 Metaspace       used 80005K, capacity 82016K, committed 82176K, reserved 1120256K
  class space    used 10242K, capacity 10723K, committed 10752K, reserved 1048576K
}
Event: 331.343 GC heap before
{Heap before GC invocations=24 (full 4):
 PSYoungGen      total 254464K, used 245820K [0x00000000e0000000, 0x00000000f6e80000, 0x0000000100000000)
  eden space 189952K, 100% used [0x00000000e0000000,0x00000000eb980000,0x00000000eb980000)
  from space 64512K, 86% used [0x00000000eb980000,0x00000000ef00f1a8,0x00000000ef880000)
  to   space 72704K, 0% used [0x00000000f2780000,0x00000000f2780000,0x00000000f6e80000)
 ParOldGen       total 249856K, used 142084K [0x00000000a0000000, 0x00000000af400000, 0x00000000e0000000)
  object space 249856K, 56% used [0x00000000a0000000,0x00000000a8ac10b0,0x00000000af400000)
 Metaspace       used 87321K, capacity 89826K, committed 89984K, reserved 1128448K
  class space    used 11072K, capacity 11592K, committed 11648K, reserved 1048576K
Event: 331.536 GC heap after
Heap after GC invocations=24 (full 4):
 PSYoungGen      total 292352K, used 12084K [0x00000000e0000000, 0x00000000f6780000, 0x0000000100000000)
  eden space 226816K, 0% used [0x00000000e0000000,0x00000000e0000000,0x00000000edd80000)
  from space 65536K, 18% used [0x00000000f2780000,0x00000000f334d308,0x00000000f6780000)
  to   space 70656K, 0% used [0x00000000edd80000,0x00000000edd80000,0x00000000f2280000)
 ParOldGen       total 249856K, used 194740K [0x00000000a0000000, 0x00000000af400000, 0x00000000e0000000)
  object space 249856K, 77% used [0x00000000a0000000,0x00000000abe2d280,0x00000000af400000)
 Metaspace       used 87321K, capacity 89826K, committed 89984K, reserved 1128448K
  class space    used 11072K, capacity 11592K, committed 11648K, reserved 1048576K
}
Event: 339.950 GC heap before
{Heap before GC invocations=25 (full 4):
 PSYoungGen      total 292352K, used 238900K [0x00000000e0000000, 0x00000000f6780000, 0x0000000100000000)
  eden space 226816K, 100% used [0x00000000e0000000,0x00000000edd80000,0x00000000edd80000)
  from space 65536K, 18% used [0x00000000f2780000,0x00000000f334d308,0x00000000f6780000)
  to   space 70656K, 0% used [0x00000000edd80000,0x00000000edd80000,0x00000000f2280000)
 ParOldGen       total 249856K, used 194740K [0x00000000a0000000, 0x00000000af400000, 0x00000000e0000000)
  object space 249856K, 77% used [0x00000000a0000000,0x00000000abe2d280,0x00000000af400000)
 Metaspace       used 88180K, capacity 90744K, committed 90880K, reserved 1128448K
  class space    used 11171K, capacity 11709K, committed 11776K, reserved 1048576K
Event: 340.270 GC heap after
Heap after GC invocations=25 (full 4):
 PSYoungGen      total 297472K, used 70646K [0x00000000e0000000, 0x00000000f6780000, 0x0000000100000000)
  eden space 226816K, 0% used [0x00000000e0000000,0x00000000e0000000,0x00000000edd80000)
  from space 70656K, 99% used [0x00000000edd80000,0x00000000f227db48,0x00000000f2280000)
  to   space 65536K, 0% used [0x00000000f2780000,0x00000000f2780000,0x00000000f6780000)
 ParOldGen       total 249856K, used 200187K [0x00000000a0000000, 0x00000000af400000, 0x00000000e0000000)
  object space 249856K, 80% used [0x00000000a0000000,0x00000000ac37ed70,0x00000000af400000)
 Metaspace       used 88180K, capacity 90744K, committed 90880K, reserved 1128448K
  class space    used 11171K, capacity 11709K, committed 11776K, reserved 1048576K
}
Event: 347.474 GC heap before
{Heap before GC invocations=26 (full 4):
 PSYoungGen      total 297472K, used 297429K [0x00000000e0000000, 0x00000000f6780000, 0x0000000100000000)
  eden space 226816K, 99% used [0x00000000e0000000,0x00000000edd77ca8,0x00000000edd80000)
  from space 70656K, 99% used [0x00000000edd80000,0x00000000f227db48,0x00000000f2280000)
  to   space 65536K, 0% used [0x00000000f2780000,0x00000000f2780000,0x00000000f6780000)
 ParOldGen       total 249856K, used 200187K [0x00000000a0000000, 0x00000000af400000, 0x00000000e0000000)
  object space 249856K, 80% used [0x00000000a0000000,0x00000000ac37ed70,0x00000000af400000)
 Metaspace       used 88333K, capacity 90878K, committed 91136K, reserved 1128448K
  class space    used 11173K, capacity 11710K, committed 11776K, reserved 1048576K
Event: 347.490 GC heap after
Heap after GC invocations=26 (full 4):
 PSYoungGen      total 283648K, used 96K [0x00000000e0000000, 0x00000000fac00000, 0x0000000100000000)
  eden space 218112K, 0% used [0x00000000e0000000,0x00000000e0000000,0x00000000ed500000)
  from space 65536K, 0% used [0x00000000f2780000,0x00000000f2798000,0x00000000f6780000)
  to   space 84480K, 0% used [0x00000000ed500000,0x00000000ed500000,0x00000000f2780000)
 ParOldGen       total 249856K, used 200931K [0x00000000a0000000, 0x00000000af400000, 0x00000000e0000000)
  object space 249856K, 80% used [0x00000000a0000000,0x00000000ac438dc0,0x00000000af400000)
 Metaspace       used 88333K, capacity 90878K, committed 91136K, reserved 1128448K
  class space    used 11173K, capacity 11710K, committed 11776K, reserved 1048576K
}

