# JRE version: OpenJDK Runtime Environment (8.0_152-b06) (build 1.8.0_152-release-1136-b06)
# Java VM: OpenJDK 64-Bit Server VM (25.152-b06 mixed mode windows-amd64 compressed oops)
Heap:
 PSYoungGen      total 219136K, used 182341K [0x00000000e0000000, 0x00000000eef00000, 0x0000000100000000)
  eden space 193536K, 94% used [0x00000000e0000000,0x00000000eb211648,0x00000000ebd00000)
  from space 25600K, 0% used [0x00000000ebd00000,0x00000000ebd00000,0x00000000ed600000)
  to   space 16896K, 0% used [0x00000000ede80000,0x00000000ede80000,0x00000000eef00000)
 ParOldGen       total 101888K, used 85753K [0x00000000a0000000, 0x00000000a6380000, 0x00000000e0000000)
  object space 101888K, 84% used [0x00000000a0000000,0x00000000a53be528,0x00000000a6380000)
 Metaspace       used 76917K, capacity 79152K, committed 79232K, reserved 1118208K
  class space    used 10030K, capacity 10559K, committed 10624K, reserved 1048576K
GC Heap History (10 events):
Event: 40.522 GC heap before
{Heap before GC invocations=16 (full 3):
 PSYoungGen      total 174592K, used 18425K [0x00000000e0000000, 0x00000000ef880000, 0x0000000100000000)
  eden space 156160K, 0% used [0x00000000e0000000,0x00000000e0000000,0x00000000e9880000)
  from space 18432K, 99% used [0x00000000e9880000,0x00000000eaa7e520,0x00000000eaa80000)
  to   space 26624K, 0% used [0x00000000ede80000,0x00000000ede80000,0x00000000ef880000)
 ParOldGen       total 52736K, used 37880K [0x00000000a0000000, 0x00000000a3380000, 0x00000000e0000000)
  object space 52736K, 71% used [0x00000000a0000000,0x00000000a24fe138,0x00000000a3380000)
 Metaspace       used 57320K, capacity 58942K, committed 59028K, reserved 1099776K
  class space    used 7749K, capacity 8168K, committed 8192K, reserved 1048576K
Event: 41.288 GC heap after
Heap after GC invocations=16 (full 3):
 PSYoungGen      total 174592K, used 0K [0x00000000e0000000, 0x00000000ef880000, 0x0000000100000000)
  eden space 156160K, 0% used [0x00000000e0000000,0x00000000e0000000,0x00000000e9880000)
  from space 18432K, 0% used [0x00000000e9880000,0x00000000e9880000,0x00000000eaa80000)
  to   space 26624K, 0% used [0x00000000ede80000,0x00000000ede80000,0x00000000ef880000)
 ParOldGen       total 101888K, used 45432K [0x00000000a0000000, 0x00000000a6380000, 0x00000000e0000000)
  object space 101888K, 44% used [0x00000000a0000000,0x00000000a2c5e118,0x00000000a6380000)
 Metaspace       used 57320K, capacity 58942K, committed 59028K, reserved 1099776K
  class space    used 7749K, capacity 8168K, committed 8192K, reserved 1048576K
}
Event: 79.727 GC heap before
{Heap before GC invocations=17 (full 3):
 PSYoungGen      total 174592K, used 156160K [0x00000000e0000000, 0x00000000ef880000, 0x0000000100000000)
  eden space 156160K, 100% used [0x00000000e0000000,0x00000000e9880000,0x00000000e9880000)
  from space 18432K, 0% used [0x00000000e9880000,0x00000000e9880000,0x00000000eaa80000)
  to   space 26624K, 0% used [0x00000000ede80000,0x00000000ede80000,0x00000000ef880000)
 ParOldGen       total 101888K, used 45432K [0x00000000a0000000, 0x00000000a6380000, 0x00000000e0000000)
  object space 101888K, 44% used [0x00000000a0000000,0x00000000a2c5e118,0x00000000a6380000)
 Metaspace       used 63868K, capacity 65580K, committed 65664K, reserved 1105920K
  class space    used 8612K, capacity 9021K, committed 9088K, reserved 1048576K
Event: 79.774 GC heap after
Heap after GC invocations=17 (full 3):
 PSYoungGen      total 210432K, used 12486K [0x00000000e0000000, 0x00000000eef00000, 0x0000000100000000)
  eden space 193536K, 0% used [0x00000000e0000000,0x00000000e0000000,0x00000000ebd00000)
  from space 16896K, 73% used [0x00000000ede80000,0x00000000eeab1a80,0x00000000eef00000)
  to   space 25600K, 0% used [0x00000000ebd00000,0x00000000ebd00000,0x00000000ed600000)
 ParOldGen       total 101888K, used 45440K [0x00000000a0000000, 0x00000000a6380000, 0x00000000e0000000)
  object space 101888K, 44% used [0x00000000a0000000,0x00000000a2c60118,0x00000000a6380000)
 Metaspace       used 63868K, capacity 65580K, committed 65664K, reserved 1105920K
  class space    used 8612K, capacity 9021K, committed 9088K, reserved 1048576K
}
Event: 98.689 GC heap before
{Heap before GC invocations=18 (full 3):
 PSYoungGen      total 210432K, used 206022K [0x00000000e0000000, 0x00000000eef00000, 0x0000000100000000)
  eden space 193536K, 100% used [0x00000000e0000000,0x00000000ebd00000,0x00000000ebd00000)
  from space 16896K, 73% used [0x00000000ede80000,0x00000000eeab1a80,0x00000000eef00000)
  to   space 25600K, 0% used [0x00000000ebd00000,0x00000000ebd00000,0x00000000ed600000)
 ParOldGen       total 101888K, used 45440K [0x00000000a0000000, 0x00000000a6380000, 0x00000000e0000000)
  object space 101888K, 44% used [0x00000000a0000000,0x00000000a2c60118,0x00000000a6380000)
 Metaspace       used 71477K, capacity 73260K, committed 73472K, reserved 1112064K
  class space    used 9469K, capacity 9885K, committed 9984K, reserved 1048576K
Event: 99.046 GC heap after
Heap after GC invocations=18 (full 3):
 PSYoungGen      total 219136K, used 25588K [0x00000000e0000000, 0x00000000eef00000, 0x0000000100000000)
  eden space 193536K, 0% used [0x00000000e0000000,0x00000000e0000000,0x00000000ebd00000)
  from space 25600K, 99% used [0x00000000ebd00000,0x00000000ed5fd308,0x00000000ed600000)
  to   space 16896K, 0% used [0x00000000ede80000,0x00000000ede80000,0x00000000eef00000)
 ParOldGen       total 101888K, used 101600K [0x00000000a0000000, 0x00000000a6380000, 0x00000000e0000000)
  object space 101888K, 99% used [0x00000000a0000000,0x00000000a6338170,0x00000000a6380000)
 Metaspace       used 71477K, capacity 73260K, committed 73472K, reserved 1112064K
  class space    used 9469K, capacity 9885K, committed 9984K, reserved 1048576K
}
Event: 99.046 GC heap before
{Heap before GC invocations=19 (full 4):
 PSYoungGen      total 219136K, used 25588K [0x00000000e0000000, 0x00000000eef00000, 0x0000000100000000)
  eden space 193536K, 0% used [0x00000000e0000000,0x00000000e0000000,0x00000000ebd00000)
  from space 25600K, 99% used [0x00000000ebd00000,0x00000000ed5fd308,0x00000000ed600000)
  to   space 16896K, 0% used [0x00000000ede80000,0x00000000ede80000,0x00000000eef00000)
 ParOldGen       total 101888K, used 101600K [0x00000000a0000000, 0x00000000a6380000, 0x00000000e0000000)
  object space 101888K, 99% used [0x00000000a0000000,0x00000000a6338170,0x00000000a6380000)
 Metaspace       used 71477K, capacity 73260K, committed 73472K, reserved 1112064K
  class space    used 9469K, capacity 9885K, committed 9984K, reserved 1048576K
Event: 100.526 GC heap after
Heap after GC invocations=19 (full 4):
 PSYoungGen      total 219136K, used 10138K [0x00000000e0000000, 0x00000000eef00000, 0x0000000100000000)
  eden space 193536K, 0% used [0x00000000e0000000,0x00000000e0000000,0x00000000ebd00000)
  from space 25600K, 39% used [0x00000000ebd00000,0x00000000ec6e68b8,0x00000000ed600000)
  to   space 16896K, 0% used [0x00000000ede80000,0x00000000ede80000,0x00000000eef00000)
 ParOldGen       total 101888K, used 101498K [0x00000000a0000000, 0x00000000a6380000, 0x00000000e0000000)
  object space 101888K, 99% used [0x00000000a0000000,0x00000000a631e880,0x00000000a6380000)
 Metaspace       used 71477K, capacity 73260K, committed 73472K, reserved 1112064K
  class space    used 9469K, capacity 9885K, committed 9984K, reserved 1048576K
}
Event: 103.656 GC heap before
{Heap before GC invocations=20 (full 5):
 PSYoungGen      total 219136K, used 203674K [0x00000000e0000000, 0x00000000eef00000, 0x0000000100000000)
  eden space 193536K, 100% used [0x00000000e0000000,0x00000000ebd00000,0x00000000ebd00000)
  from space 25600K, 39% used [0x00000000ebd00000,0x00000000ec6e68b8,0x00000000ed600000)
  to   space 16896K, 0% used [0x00000000ede80000,0x00000000ede80000,0x00000000eef00000)
 ParOldGen       total 101888K, used 101498K [0x00000000a0000000, 0x00000000a6380000, 0x00000000e0000000)
  object space 101888K, 99% used [0x00000000a0000000,0x00000000a631e880,0x00000000a6380000)
 Metaspace       used 72898K, capacity 74800K, committed 75136K, reserved 1114112K
  class space    used 9602K, capacity 10053K, committed 10112K, reserved 1048576K
Event: 104.614 GC heap after
Heap after GC invocations=20 (full 5):
 PSYoungGen      total 219136K, used 0K [0x00000000e0000000, 0x00000000eef00000, 0x0000000100000000)
  eden space 193536K, 0% used [0x00000000e0000000,0x00000000e0000000,0x00000000ebd00000)
  from space 25600K, 0% used [0x00000000ebd00000,0x00000000ebd00000,0x00000000ed600000)
  to   space 16896K, 0% used [0x00000000ede80000,0x00000000ede80000,0x00000000eef00000)
 ParOldGen       total 101888K, used 85753K [0x00000000a0000000, 0x00000000a6380000, 0x00000000e0000000)
  object space 101888K, 84% used [0x00000000a0000000,0x00000000a53be528,0x00000000a6380000)
 Metaspace       used 72898K, capacity 74800K, committed 75136K, reserved 1114112K
  class space    used 9602K, capacity 10053K, committed 10112K, reserved 1048576K
}

