# JRE version: OpenJDK Runtime Environment (8.0_152-b06) (build 1.8.0_152-release-1136-b06)
# Java VM: OpenJDK 64-Bit Server VM (25.152-b06 mixed mode windows-amd64 compressed oops)
Heap:
 PSYoungGen      total 307712K, used 248453K [0x00000000e0000000, 0x00000000f4d80000, 0x0000000100000000)
  eden space 279040K, 88% used [0x00000000e0000000,0x00000000eefd4cd0,0x00000000f1080000)
  from space 28672K, 9% used [0x00000000f3180000,0x00000000f344c950,0x00000000f4d80000)
  to   space 31232K, 0% used [0x00000000f1080000,0x00000000f1080000,0x00000000f2f00000)
 ParOldGen       total 114688K, used 48880K [0x00000000a0000000, 0x00000000a7000000, 0x00000000e0000000)
  object space 114688K, 42% used [0x00000000a0000000,0x00000000a2fbc280,0x00000000a7000000)
 Metaspace       used 81321K, capacity 84215K, committed 84480K, reserved 1122304K
  class space    used 10555K, capacity 11219K, committed 11264K, reserved 1048576K
GC Heap History (10 events):
Event: 34.974 GC heap before
{Heap before GC invocations=16 (full 3):
 PSYoungGen      total 182784K, used 7806K [0x00000000e0000000, 0x00000000ef880000, 0x0000000100000000)
  eden space 167936K, 0% used [0x00000000e0000000,0x00000000e0000000,0x00000000ea400000)
  from space 14848K, 52% used [0x00000000ea400000,0x00000000eab9f890,0x00000000eb280000)
  to   space 14336K, 0% used [0x00000000eea80000,0x00000000eea80000,0x00000000ef880000)
 ParOldGen       total 47616K, used 30512K [0x00000000a0000000, 0x00000000a2e80000, 0x00000000e0000000)
  object space 47616K, 64% used [0x00000000a0000000,0x00000000a1dcc2d0,0x00000000a2e80000)
 Metaspace       used 57307K, capacity 58971K, committed 59028K, reserved 1099776K
  class space    used 7739K, capacity 8135K, committed 8192K, reserved 1048576K
Event: 35.507 GC heap after
Heap after GC invocations=16 (full 3):
 PSYoungGen      total 182784K, used 0K [0x00000000e0000000, 0x00000000ef880000, 0x0000000100000000)
  eden space 167936K, 0% used [0x00000000e0000000,0x00000000e0000000,0x00000000ea400000)
  from space 14848K, 0% used [0x00000000ea400000,0x00000000ea400000,0x00000000eb280000)
  to   space 14336K, 0% used [0x00000000eea80000,0x00000000eea80000,0x00000000ef880000)
 ParOldGen       total 79872K, used 34236K [0x00000000a0000000, 0x00000000a4e00000, 0x00000000e0000000)
  object space 79872K, 42% used [0x00000000a0000000,0x00000000a216f0b8,0x00000000a4e00000)
 Metaspace       used 57307K, capacity 58971K, committed 59028K, reserved 1099776K
  class space    used 7739K, capacity 8135K, committed 8192K, reserved 1048576K
}
Event: 71.699 GC heap before
{Heap before GC invocations=17 (full 3):
 PSYoungGen      total 182784K, used 167936K [0x00000000e0000000, 0x00000000ef880000, 0x0000000100000000)
  eden space 167936K, 100% used [0x00000000e0000000,0x00000000ea400000,0x00000000ea400000)
  from space 14848K, 0% used [0x00000000ea400000,0x00000000ea400000,0x00000000eb280000)
  to   space 14336K, 0% used [0x00000000eea80000,0x00000000eea80000,0x00000000ef880000)
 ParOldGen       total 79872K, used 34236K [0x00000000a0000000, 0x00000000a4e00000, 0x00000000e0000000)
  object space 79872K, 42% used [0x00000000a0000000,0x00000000a216f0b8,0x00000000a4e00000)
 Metaspace       used 67123K, capacity 68909K, committed 69120K, reserved 1110016K
  class space    used 8924K, capacity 9357K, committed 9472K, reserved 1048576K
Event: 71.780 GC heap after
Heap after GC invocations=17 (full 3):
 PSYoungGen      total 232960K, used 14310K [0x00000000e0000000, 0x00000000efc80000, 0x0000000100000000)
  eden space 218624K, 0% used [0x00000000e0000000,0x00000000e0000000,0x00000000ed580000)
  from space 14336K, 99% used [0x00000000eea80000,0x00000000ef879a00,0x00000000ef880000)
  to   space 19968K, 0% used [0x00000000ed580000,0x00000000ed580000,0x00000000ee900000)
 ParOldGen       total 79872K, used 43640K [0x00000000a0000000, 0x00000000a4e00000, 0x00000000e0000000)
  object space 79872K, 54% used [0x00000000a0000000,0x00000000a2a9e180,0x00000000a4e00000)
 Metaspace       used 67123K, capacity 68909K, committed 69120K, reserved 1110016K
  class space    used 8924K, capacity 9357K, committed 9472K, reserved 1048576K
}
Event: 88.178 GC heap before
{Heap before GC invocations=18 (full 3):
 PSYoungGen      total 232960K, used 232582K [0x00000000e0000000, 0x00000000efc80000, 0x0000000100000000)
  eden space 218624K, 99% used [0x00000000e0000000,0x00000000ed527ea0,0x00000000ed580000)
  from space 14336K, 99% used [0x00000000eea80000,0x00000000ef879a00,0x00000000ef880000)
  to   space 19968K, 0% used [0x00000000ed580000,0x00000000ed580000,0x00000000ee900000)
 ParOldGen       total 79872K, used 43640K [0x00000000a0000000, 0x00000000a4e00000, 0x00000000e0000000)
  object space 79872K, 54% used [0x00000000a0000000,0x00000000a2a9e180,0x00000000a4e00000)
 Metaspace       used 70569K, capacity 72597K, committed 72832K, reserved 1112064K
  class space    used 9244K, capacity 9778K, committed 9856K, reserved 1048576K
Event: 88.426 GC heap after
Heap after GC invocations=18 (full 3):
 PSYoungGen      total 238592K, used 19951K [0x00000000e0000000, 0x00000000f5080000, 0x0000000100000000)
  eden space 218624K, 0% used [0x00000000e0000000,0x00000000e0000000,0x00000000ed580000)
  from space 19968K, 99% used [0x00000000ed580000,0x00000000ee8fbc08,0x00000000ee900000)
  to   space 31744K, 0% used [0x00000000f3180000,0x00000000f3180000,0x00000000f5080000)
 ParOldGen       total 79872K, used 67229K [0x00000000a0000000, 0x00000000a4e00000, 0x00000000e0000000)
  object space 79872K, 84% used [0x00000000a0000000,0x00000000a41a7508,0x00000000a4e00000)
 Metaspace       used 70569K, capacity 72597K, committed 72832K, reserved 1112064K
  class space    used 9244K, capacity 9778K, committed 9856K, reserved 1048576K
}
Event: 88.426 GC heap before
{Heap before GC invocations=19 (full 4):
 PSYoungGen      total 238592K, used 19951K [0x00000000e0000000, 0x00000000f5080000, 0x0000000100000000)
  eden space 218624K, 0% used [0x00000000e0000000,0x00000000e0000000,0x00000000ed580000)
  from space 19968K, 99% used [0x00000000ed580000,0x00000000ee8fbc08,0x00000000ee900000)
  to   space 31744K, 0% used [0x00000000f3180000,0x00000000f3180000,0x00000000f5080000)
 ParOldGen       total 79872K, used 67229K [0x00000000a0000000, 0x00000000a4e00000, 0x00000000e0000000)
  object space 79872K, 84% used [0x00000000a0000000,0x00000000a41a7508,0x00000000a4e00000)
 Metaspace       used 70569K, capacity 72597K, committed 72832K, reserved 1112064K
  class space    used 9244K, capacity 9778K, committed 9856K, reserved 1048576K
Event: 88.791 GC heap after
Heap after GC invocations=19 (full 4):
 PSYoungGen      total 238592K, used 0K [0x00000000e0000000, 0x00000000f5080000, 0x0000000100000000)
  eden space 218624K, 0% used [0x00000000e0000000,0x00000000e0000000,0x00000000ed580000)
  from space 19968K, 0% used [0x00000000ed580000,0x00000000ed580000,0x00000000ee900000)
  to   space 31744K, 0% used [0x00000000f3180000,0x00000000f3180000,0x00000000f5080000)
 ParOldGen       total 114688K, used 48872K [0x00000000a0000000, 0x00000000a7000000, 0x00000000e0000000)
  object space 114688K, 42% used [0x00000000a0000000,0x00000000a2fba280,0x00000000a7000000)
 Metaspace       used 70309K, capacity 72293K, committed 72832K, reserved 1112064K
  class space    used 9222K, capacity 9738K, committed 9856K, reserved 1048576K
}
Event: 102.862 GC heap before
{Heap before GC invocations=20 (full 4):
 PSYoungGen      total 238592K, used 218624K [0x00000000e0000000, 0x00000000f5080000, 0x0000000100000000)
  eden space 218624K, 100% used [0x00000000e0000000,0x00000000ed580000,0x00000000ed580000)
  from space 19968K, 0% used [0x00000000ed580000,0x00000000ed580000,0x00000000ee900000)
  to   space 31744K, 0% used [0x00000000f3180000,0x00000000f3180000,0x00000000f5080000)
 ParOldGen       total 114688K, used 48872K [0x00000000a0000000, 0x00000000a7000000, 0x00000000e0000000)
  object space 114688K, 42% used [0x00000000a0000000,0x00000000a2fba280,0x00000000a7000000)
 Metaspace       used 71301K, capacity 73485K, committed 73728K, reserved 1114112K
  class space    used 9352K, capacity 9862K, committed 9984K, reserved 1048576K
Event: 102.875 GC heap after
Heap after GC invocations=20 (full 4):
 PSYoungGen      total 307712K, used 2866K [0x00000000e0000000, 0x00000000f4d80000, 0x0000000100000000)
  eden space 279040K, 0% used [0x00000000e0000000,0x00000000e0000000,0x00000000f1080000)
  from space 28672K, 9% used [0x00000000f3180000,0x00000000f344c950,0x00000000f4d80000)
  to   space 31232K, 0% used [0x00000000f1080000,0x00000000f1080000,0x00000000f2f00000)
 ParOldGen       total 114688K, used 48880K [0x00000000a0000000, 0x00000000a7000000, 0x00000000e0000000)
  object space 114688K, 42% used [0x00000000a0000000,0x00000000a2fbc280,0x00000000a7000000)
 Metaspace       used 71301K, capacity 73485K, committed 73728K, reserved 1114112K
  class space    used 9352K, capacity 9862K, committed 9984K, reserved 1048576K
}

