# JRE version: OpenJDK Runtime Environment (8.0_152-b06) (build 1.8.0_152-release-1136-b06)
# Java VM: OpenJDK 64-Bit Server VM (25.152-b06 mixed mode windows-amd64 compressed oops)
Heap:
 PSYoungGen      total 269312K, used 86761K [0x00000000e0000000, 0x00000000f2800000, 0x0000000100000000)
  eden space 235520K, 36% used [0x00000000e0000000,0x00000000e54ba488,0x00000000ee600000)
  from space 33792K, 0% used [0x00000000ee600000,0x00000000ee600000,0x00000000f0700000)
  to   space 29696K, 0% used [0x00000000f0b00000,0x00000000f0b00000,0x00000000f2800000)
 ParOldGen       total 155136K, used 43430K [0x00000000a0000000, 0x00000000a9780000, 0x00000000e0000000)
  object space 155136K, 27% used [0x00000000a0000000,0x00000000a2a69ac0,0x00000000a9780000)
 Metaspace       used 77156K, capacity 79836K, committed 80088K, reserved 1118208K
  class space    used 9910K, capacity 10445K, committed 10496K, reserved 1048576K
GC Heap History (10 events):
Event: 160.378 GC heap before
{Heap before GC invocations=20 (full 3):
 PSYoungGen      total 241152K, used 231629K [0x00000000e0000000, 0x00000000f1100000, 0x0000000100000000)
  eden space 207360K, 100% used [0x00000000e0000000,0x00000000eca80000,0x00000000eca80000)
  from space 33792K, 71% used [0x00000000eed80000,0x00000000f0533540,0x00000000f0e80000)
  to   space 35840K, 0% used [0x00000000eca80000,0x00000000eca80000,0x00000000eed80000)
 ParOldGen       total 96256K, used 65540K [0x00000000a0000000, 0x00000000a5e00000, 0x00000000e0000000)
  object space 96256K, 68% used [0x00000000a0000000,0x00000000a4001068,0x00000000a5e00000)
 Metaspace       used 74973K, capacity 77292K, committed 77528K, reserved 1116160K
  class space    used 9686K, capacity 10187K, committed 10240K, reserved 1048576K
Event: 160.474 GC heap after
Heap after GC invocations=20 (full 3):
 PSYoungGen      total 243200K, used 17590K [0x00000000e0000000, 0x00000000f2d80000, 0x0000000100000000)
  eden space 207360K, 0% used [0x00000000e0000000,0x00000000e0000000,0x00000000eca80000)
  from space 35840K, 49% used [0x00000000eca80000,0x00000000edbada50,0x00000000eed80000)
  to   space 35328K, 0% used [0x00000000f0b00000,0x00000000f0b00000,0x00000000f2d80000)
 ParOldGen       total 96256K, used 65548K [0x00000000a0000000, 0x00000000a5e00000, 0x00000000e0000000)
  object space 96256K, 68% used [0x00000000a0000000,0x00000000a4003068,0x00000000a5e00000)
 Metaspace       used 74973K, capacity 77292K, committed 77528K, reserved 1116160K
  class space    used 9686K, capacity 10187K, committed 10240K, reserved 1048576K
}
Event: 175.540 GC heap before
{Heap before GC invocations=21 (full 3):
 PSYoungGen      total 243200K, used 224720K [0x00000000e0000000, 0x00000000f2d80000, 0x0000000100000000)
  eden space 207360K, 99% used [0x00000000e0000000,0x00000000eca465e0,0x00000000eca80000)
  from space 35840K, 49% used [0x00000000eca80000,0x00000000edbada50,0x00000000eed80000)
  to   space 35328K, 0% used [0x00000000f0b00000,0x00000000f0b00000,0x00000000f2d80000)
 ParOldGen       total 96256K, used 65548K [0x00000000a0000000, 0x00000000a5e00000, 0x00000000e0000000)
  object space 96256K, 68% used [0x00000000a0000000,0x00000000a4003068,0x00000000a5e00000)
 Metaspace       used 75497K, capacity 77880K, committed 78040K, reserved 1118208K
  class space    used 9714K, capacity 10229K, committed 10240K, reserved 1048576K
Event: 175.641 GC heap after
Heap after GC invocations=21 (full 3):
 PSYoungGen      total 265216K, used 15577K [0x00000000e0000000, 0x00000000f2800000, 0x0000000100000000)
  eden space 235520K, 0% used [0x00000000e0000000,0x00000000e0000000,0x00000000ee600000)
  from space 29696K, 52% used [0x00000000f0b00000,0x00000000f1a364e0,0x00000000f2800000)
  to   space 33792K, 0% used [0x00000000ee600000,0x00000000ee600000,0x00000000f0700000)
 ParOldGen       total 96256K, used 65548K [0x00000000a0000000, 0x00000000a5e00000, 0x00000000e0000000)
  object space 96256K, 68% used [0x00000000a0000000,0x00000000a4003068,0x00000000a5e00000)
 Metaspace       used 75497K, capacity 77880K, committed 78040K, reserved 1118208K
  class space    used 9714K, capacity 10229K, committed 10240K, reserved 1048576K
}
Event: 188.963 GC heap before
{Heap before GC invocations=22 (full 3):
 PSYoungGen      total 265216K, used 251097K [0x00000000e0000000, 0x00000000f2800000, 0x0000000100000000)
  eden space 235520K, 100% used [0x00000000e0000000,0x00000000ee600000,0x00000000ee600000)
  from space 29696K, 52% used [0x00000000f0b00000,0x00000000f1a364e0,0x00000000f2800000)
  to   space 33792K, 0% used [0x00000000ee600000,0x00000000ee600000,0x00000000f0700000)
 ParOldGen       total 96256K, used 65548K [0x00000000a0000000, 0x00000000a5e00000, 0x00000000e0000000)
  object space 96256K, 68% used [0x00000000a0000000,0x00000000a4003068,0x00000000a5e00000)
 Metaspace       used 76184K, capacity 78620K, committed 78936K, reserved 1118208K
  class space    used 9769K, capacity 10285K, committed 10368K, reserved 1048576K
Event: 189.262 GC heap after
Heap after GC invocations=22 (full 3):
 PSYoungGen      total 269312K, used 33768K [0x00000000e0000000, 0x00000000f2800000, 0x0000000100000000)
  eden space 235520K, 0% used [0x00000000e0000000,0x00000000e0000000,0x00000000ee600000)
  from space 33792K, 99% used [0x00000000ee600000,0x00000000f06fa028,0x00000000f0700000)
  to   space 29696K, 0% used [0x00000000f0b00000,0x00000000f0b00000,0x00000000f2800000)
 ParOldGen       total 96256K, used 84854K [0x00000000a0000000, 0x00000000a5e00000, 0x00000000e0000000)
  object space 96256K, 88% used [0x00000000a0000000,0x00000000a52dda30,0x00000000a5e00000)
 Metaspace       used 76184K, capacity 78620K, committed 78936K, reserved 1118208K
  class space    used 9769K, capacity 10285K, committed 10368K, reserved 1048576K
}
Event: 189.262 GC heap before
{Heap before GC invocations=23 (full 4):
 PSYoungGen      total 269312K, used 33768K [0x00000000e0000000, 0x00000000f2800000, 0x0000000100000000)
  eden space 235520K, 0% used [0x00000000e0000000,0x00000000e0000000,0x00000000ee600000)
  from space 33792K, 99% used [0x00000000ee600000,0x00000000f06fa028,0x00000000f0700000)
  to   space 29696K, 0% used [0x00000000f0b00000,0x00000000f0b00000,0x00000000f2800000)
 ParOldGen       total 96256K, used 84854K [0x00000000a0000000, 0x00000000a5e00000, 0x00000000e0000000)
  object space 96256K, 88% used [0x00000000a0000000,0x00000000a52dda30,0x00000000a5e00000)
 Metaspace       used 76184K, capacity 78620K, committed 78936K, reserved 1118208K
  class space    used 9769K, capacity 10285K, committed 10368K, reserved 1048576K
Event: 190.291 GC heap after
Heap after GC invocations=23 (full 4):
 PSYoungGen      total 269312K, used 0K [0x00000000e0000000, 0x00000000f2800000, 0x0000000100000000)
  eden space 235520K, 0% used [0x00000000e0000000,0x00000000e0000000,0x00000000ee600000)
  from space 33792K, 0% used [0x00000000ee600000,0x00000000ee600000,0x00000000f0700000)
  to   space 29696K, 0% used [0x00000000f0b00000,0x00000000f0b00000,0x00000000f2800000)
 ParOldGen       total 96256K, used 84868K [0x00000000a0000000, 0x00000000a5e00000, 0x00000000e0000000)
  object space 96256K, 88% used [0x00000000a0000000,0x00000000a52e13b0,0x00000000a5e00000)
 Metaspace       used 75903K, capacity 78264K, committed 78936K, reserved 1118208K
  class space    used 9740K, capacity 10233K, committed 10368K, reserved 1048576K
}
Event: 204.891 GC heap before
{Heap before GC invocations=24 (full 5):
 PSYoungGen      total 269312K, used 235520K [0x00000000e0000000, 0x00000000f2800000, 0x0000000100000000)
  eden space 235520K, 100% used [0x00000000e0000000,0x00000000ee600000,0x00000000ee600000)
  from space 33792K, 0% used [0x00000000ee600000,0x00000000ee600000,0x00000000f0700000)
  to   space 29696K, 0% used [0x00000000f0b00000,0x00000000f0b00000,0x00000000f2800000)
 ParOldGen       total 96256K, used 84868K [0x00000000a0000000, 0x00000000a5e00000, 0x00000000e0000000)
  object space 96256K, 88% used [0x00000000a0000000,0x00000000a52e13b0,0x00000000a5e00000)
 Metaspace       used 76935K, capacity 79532K, committed 79832K, reserved 1118208K
  class space    used 9876K, capacity 10423K, committed 10496K, reserved 1048576K
Event: 205.193 GC heap after
Heap after GC invocations=24 (full 5):
 PSYoungGen      total 269312K, used 0K [0x00000000e0000000, 0x00000000f2800000, 0x0000000100000000)
  eden space 235520K, 0% used [0x00000000e0000000,0x00000000e0000000,0x00000000ee600000)
  from space 33792K, 0% used [0x00000000ee600000,0x00000000ee600000,0x00000000f0700000)
  to   space 29696K, 0% used [0x00000000f0b00000,0x00000000f0b00000,0x00000000f2800000)
 ParOldGen       total 155136K, used 43430K [0x00000000a0000000, 0x00000000a9780000, 0x00000000e0000000)
  object space 155136K, 27% used [0x00000000a0000000,0x00000000a2a69ac0,0x00000000a9780000)
 Metaspace       used 76935K, capacity 79532K, committed 79832K, reserved 1118208K
  class space    used 9876K, capacity 10423K, committed 10496K, reserved 1048576K
}

