# JRE version: OpenJDK Runtime Environment (8.0_152-b06) (build 1.8.0_152-release-1136-b06)
# Java VM: OpenJDK 64-Bit Server VM (25.152-b06 mixed mode windows-amd64 compressed oops)
Heap:
 PSYoungGen      total 164864K, used 102704K [0x00000000e0000000, 0x00000000ee500000, 0x0000000100000000)
  eden space 146432K, 70% used [0x00000000e0000000,0x00000000e644c320,0x00000000e8f00000)
  from space 18432K, 0% used [0x00000000e8f00000,0x00000000e8f00000,0x00000000ea100000)
  to   space 27136K, 0% used [0x00000000eca80000,0x00000000eca80000,0x00000000ee500000)
 ParOldGen       total 112128K, used 47378K [0x00000000a0000000, 0x00000000a6d80000, 0x00000000e0000000)
  object space 112128K, 42% used [0x00000000a0000000,0x00000000a2e44828,0x00000000a6d80000)
 Metaspace       used 62630K, capacity 64420K, committed 64512K, reserved 1105920K
  class space    used 8236K, capacity 8669K, committed 8704K, reserved 1048576K
GC Heap History (10 events):
Event: 12.522 GC heap before
{Heap before GC invocations=12 (full 2):
 PSYoungGen      total 122368K, used 2560K [0x00000000e0000000, 0x00000000ea000000, 0x0000000100000000)
  eden space 119808K, 0% used [0x00000000e0000000,0x00000000e0000000,0x00000000e7500000)
  from space 2560K, 100% used [0x00000000e8000000,0x00000000e8280000,0x00000000e8280000)
  to   space 11264K, 0% used [0x00000000e7500000,0x00000000e7500000,0x00000000e8000000)
 ParOldGen       total 39424K, used 18919K [0x00000000a0000000, 0x00000000a2680000, 0x00000000e0000000)
  object space 39424K, 47% used [0x00000000a0000000,0x00000000a1279c58,0x00000000a2680000)
 Metaspace       used 34727K, capacity 35264K, committed 35416K, reserved 1079296K
  class space    used 4783K, capacity 5004K, committed 5120K, reserved 1048576K
Event: 12.735 GC heap after
Heap after GC invocations=12 (full 2):
 PSYoungGen      total 122368K, used 0K [0x00000000e0000000, 0x00000000ea000000, 0x0000000100000000)
  eden space 119808K, 0% used [0x00000000e0000000,0x00000000e0000000,0x00000000e7500000)
  from space 2560K, 0% used [0x00000000e8000000,0x00000000e8000000,0x00000000e8280000)
  to   space 11264K, 0% used [0x00000000e7500000,0x00000000e7500000,0x00000000e8000000)
 ParOldGen       total 58368K, used 14834K [0x00000000a0000000, 0x00000000a3900000, 0x00000000e0000000)
  object space 58368K, 25% used [0x00000000a0000000,0x00000000a0e7c980,0x00000000a3900000)
 Metaspace       used 34727K, capacity 35264K, committed 35416K, reserved 1079296K
  class space    used 4783K, capacity 5004K, committed 5120K, reserved 1048576K
}
Event: 16.218 GC heap before
{Heap before GC invocations=13 (full 2):
 PSYoungGen      total 122368K, used 119808K [0x00000000e0000000, 0x00000000ea000000, 0x0000000100000000)
  eden space 119808K, 100% used [0x00000000e0000000,0x00000000e7500000,0x00000000e7500000)
  from space 2560K, 0% used [0x00000000e8000000,0x00000000e8000000,0x00000000e8280000)
  to   space 11264K, 0% used [0x00000000e7500000,0x00000000e7500000,0x00000000e8000000)
 ParOldGen       total 58368K, used 14834K [0x00000000a0000000, 0x00000000a3900000, 0x00000000e0000000)
  object space 58368K, 25% used [0x00000000a0000000,0x00000000a0e7c980,0x00000000a3900000)
 Metaspace       used 41628K, capacity 42458K, committed 42752K, reserved 1085440K
  class space    used 5604K, capacity 5874K, committed 5888K, reserved 1048576K
Event: 16.256 GC heap after
Heap after GC invocations=13 (full 2):
 PSYoungGen      total 131072K, used 11250K [0x00000000e0000000, 0x00000000eae80000, 0x0000000100000000)
  eden space 119808K, 0% used [0x00000000e0000000,0x00000000e0000000,0x00000000e7500000)
  from space 11264K, 99% used [0x00000000e7500000,0x00000000e7ffcb40,0x00000000e8000000)
  to   space 13824K, 0% used [0x00000000ea100000,0x00000000ea100000,0x00000000eae80000)
 ParOldGen       total 58368K, used 17568K [0x00000000a0000000, 0x00000000a3900000, 0x00000000e0000000)
  object space 58368K, 30% used [0x00000000a0000000,0x00000000a11282c8,0x00000000a3900000)
 Metaspace       used 41628K, capacity 42458K, committed 42752K, reserved 1085440K
  class space    used 5604K, capacity 5874K, committed 5888K, reserved 1048576K
}
Event: 21.288 GC heap before
{Heap before GC invocations=14 (full 2):
 PSYoungGen      total 131072K, used 131058K [0x00000000e0000000, 0x00000000eae80000, 0x0000000100000000)
  eden space 119808K, 100% used [0x00000000e0000000,0x00000000e7500000,0x00000000e7500000)
  from space 11264K, 99% used [0x00000000e7500000,0x00000000e7ffcb40,0x00000000e8000000)
  to   space 13824K, 0% used [0x00000000ea100000,0x00000000ea100000,0x00000000eae80000)
 ParOldGen       total 58368K, used 17568K [0x00000000a0000000, 0x00000000a3900000, 0x00000000e0000000)
  object space 58368K, 30% used [0x00000000a0000000,0x00000000a11282c8,0x00000000a3900000)
 Metaspace       used 52859K, capacity 54446K, committed 54784K, reserved 1095680K
  class space    used 7162K, capacity 7576K, committed 7680K, reserved 1048576K
Event: 21.389 GC heap after
Heap after GC invocations=14 (full 2):
 PSYoungGen      total 160256K, used 13805K [0x00000000e0000000, 0x00000000eb680000, 0x0000000100000000)
  eden space 146432K, 0% used [0x00000000e0000000,0x00000000e0000000,0x00000000e8f00000)
  from space 13824K, 99% used [0x00000000ea100000,0x00000000eae7b510,0x00000000eae80000)
  to   space 18432K, 0% used [0x00000000e8f00000,0x00000000e8f00000,0x00000000ea100000)
 ParOldGen       total 58368K, used 24389K [0x00000000a0000000, 0x00000000a3900000, 0x00000000e0000000)
  object space 58368K, 41% used [0x00000000a0000000,0x00000000a17d1538,0x00000000a3900000)
 Metaspace       used 52859K, capacity 54446K, committed 54784K, reserved 1095680K
  class space    used 7162K, capacity 7576K, committed 7680K, reserved 1048576K
}
Event: 31.839 GC heap before
{Heap before GC invocations=15 (full 2):
 PSYoungGen      total 160256K, used 157290K [0x00000000e0000000, 0x00000000eb680000, 0x0000000100000000)
  eden space 146432K, 97% used [0x00000000e0000000,0x00000000e8c1f300,0x00000000e8f00000)
  from space 13824K, 99% used [0x00000000ea100000,0x00000000eae7b510,0x00000000eae80000)
  to   space 18432K, 0% used [0x00000000e8f00000,0x00000000e8f00000,0x00000000ea100000)
 ParOldGen       total 58368K, used 24389K [0x00000000a0000000, 0x00000000a3900000, 0x00000000e0000000)
  object space 58368K, 41% used [0x00000000a0000000,0x00000000a17d1538,0x00000000a3900000)
 Metaspace       used 57419K, capacity 58994K, committed 59028K, reserved 1099776K
  class space    used 7748K, capacity 8166K, committed 8192K, reserved 1048576K
Event: 31.945 GC heap after
Heap after GC invocations=15 (full 2):
 PSYoungGen      total 164864K, used 18412K [0x00000000e0000000, 0x00000000ee500000, 0x0000000100000000)
  eden space 146432K, 0% used [0x00000000e0000000,0x00000000e0000000,0x00000000e8f00000)
  from space 18432K, 99% used [0x00000000e8f00000,0x00000000ea0fb028,0x00000000ea100000)
  to   space 27136K, 0% used [0x00000000eca80000,0x00000000eca80000,0x00000000ee500000)
 ParOldGen       total 58368K, used 40237K [0x00000000a0000000, 0x00000000a3900000, 0x00000000e0000000)
  object space 58368K, 68% used [0x00000000a0000000,0x00000000a274b770,0x00000000a3900000)
 Metaspace       used 57419K, capacity 58994K, committed 59028K, reserved 1099776K
  class space    used 7748K, capacity 8166K, committed 8192K, reserved 1048576K
}
Event: 31.945 GC heap before
{Heap before GC invocations=16 (full 3):
 PSYoungGen      total 164864K, used 18412K [0x00000000e0000000, 0x00000000ee500000, 0x0000000100000000)
  eden space 146432K, 0% used [0x00000000e0000000,0x00000000e0000000,0x00000000e8f00000)
  from space 18432K, 99% used [0x00000000e8f00000,0x00000000ea0fb028,0x00000000ea100000)
  to   space 27136K, 0% used [0x00000000eca80000,0x00000000eca80000,0x00000000ee500000)
 ParOldGen       total 58368K, used 40237K [0x00000000a0000000, 0x00000000a3900000, 0x00000000e0000000)
  object space 58368K, 68% used [0x00000000a0000000,0x00000000a274b770,0x00000000a3900000)
 Metaspace       used 57419K, capacity 58994K, committed 59028K, reserved 1099776K
  class space    used 7748K, capacity 8166K, committed 8192K, reserved 1048576K
Event: 32.614 GC heap after
Heap after GC invocations=16 (full 3):
 PSYoungGen      total 164864K, used 0K [0x00000000e0000000, 0x00000000ee500000, 0x0000000100000000)
  eden space 146432K, 0% used [0x00000000e0000000,0x00000000e0000000,0x00000000e8f00000)
  from space 18432K, 0% used [0x00000000e8f00000,0x00000000e8f00000,0x00000000ea100000)
  to   space 27136K, 0% used [0x00000000eca80000,0x00000000eca80000,0x00000000ee500000)
 ParOldGen       total 112128K, used 47378K [0x00000000a0000000, 0x00000000a6d80000, 0x00000000e0000000)
  object space 112128K, 42% used [0x00000000a0000000,0x00000000a2e44828,0x00000000a6d80000)
 Metaspace       used 57419K, capacity 58994K, committed 59028K, reserved 1099776K
  class space    used 7748K, capacity 8166K, committed 8192K, reserved 1048576K
}

