# JRE version: OpenJDK Runtime Environment (8.0_152-b06) (build 1.8.0_152-release-1136-b06)
# Java VM: OpenJDK 64-Bit Server VM (25.152-b06 mixed mode windows-amd64 compressed oops)
Heap:
 PSYoungGen      total 178176K, used 53456K [0x00000000e0000000, 0x00000000eed80000, 0x0000000100000000)
  eden space 150528K, 35% used [0x00000000e0000000,0x00000000e3434038,0x00000000e9300000)
  from space 27648K, 0% used [0x00000000ed280000,0x00000000ed280000,0x00000000eed80000)
  to   space 18432K, 0% used [0x00000000e9300000,0x00000000e9300000,0x00000000ea500000)
 ParOldGen       total 60416K, used 46078K [0x00000000a0000000, 0x00000000a3b00000, 0x00000000e0000000)
  object space 60416K, 76% used [0x00000000a0000000,0x00000000a2cffbe0,0x00000000a3b00000)
 Metaspace       used 59372K, capacity 61100K, committed 61184K, reserved 1101824K
  class space    used 8005K, capacity 8431K, committed 8448K, reserved 1048576K
GC Heap History (10 events):
Event: 19.016 GC heap before
{Heap before GC invocations=13 (full 2):
 PSYoungGen      total 127488K, used 120320K [0x00000000e0000000, 0x00000000eaf00000, 0x0000000100000000)
  eden space 120320K, 100% used [0x00000000e0000000,0x00000000e7580000,0x00000000e7580000)
  from space 7168K, 0% used [0x00000000e8080000,0x00000000e8080000,0x00000000e8780000)
  to   space 11264K, 0% used [0x00000000e7580000,0x00000000e7580000,0x00000000e8080000)
 ParOldGen       total 53760K, used 14660K [0x00000000a0000000, 0x00000000a3480000, 0x00000000e0000000)
  object space 53760K, 27% used [0x00000000a0000000,0x00000000a0e512d8,0x00000000a3480000)
 Metaspace       used 41734K, capacity 42586K, committed 42880K, reserved 1085440K
  class space    used 5632K, capacity 5926K, committed 6016K, reserved 1048576K
Event: 19.050 GC heap after
Heap after GC invocations=13 (full 2):
 PSYoungGen      total 131584K, used 11236K [0x00000000e0000000, 0x00000000eb280000, 0x0000000100000000)
  eden space 120320K, 0% used [0x00000000e0000000,0x00000000e0000000,0x00000000e7580000)
  from space 11264K, 99% used [0x00000000e7580000,0x00000000e8079000,0x00000000e8080000)
  to   space 13824K, 0% used [0x00000000ea500000,0x00000000ea500000,0x00000000eb280000)
 ParOldGen       total 53760K, used 17414K [0x00000000a0000000, 0x00000000a3480000, 0x00000000e0000000)
  object space 53760K, 32% used [0x00000000a0000000,0x00000000a1101aa0,0x00000000a3480000)
 Metaspace       used 41734K, capacity 42586K, committed 42880K, reserved 1085440K
  class space    used 5632K, capacity 5926K, committed 6016K, reserved 1048576K
}
Event: 24.892 GC heap before
{Heap before GC invocations=14 (full 2):
 PSYoungGen      total 131584K, used 131556K [0x00000000e0000000, 0x00000000eb280000, 0x0000000100000000)
  eden space 120320K, 100% used [0x00000000e0000000,0x00000000e7580000,0x00000000e7580000)
  from space 11264K, 99% used [0x00000000e7580000,0x00000000e8079000,0x00000000e8080000)
  to   space 13824K, 0% used [0x00000000ea500000,0x00000000ea500000,0x00000000eb280000)
 ParOldGen       total 53760K, used 17414K [0x00000000a0000000, 0x00000000a3480000, 0x00000000e0000000)
  object space 53760K, 32% used [0x00000000a0000000,0x00000000a1101aa0,0x00000000a3480000)
 Metaspace       used 53008K, capacity 54542K, committed 54784K, reserved 1095680K
  class space    used 7202K, capacity 7596K, committed 7680K, reserved 1048576K
Event: 24.957 GC heap after
Heap after GC invocations=14 (full 2):
 PSYoungGen      total 164352K, used 13805K [0x00000000e0000000, 0x00000000eb900000, 0x0000000100000000)
  eden space 150528K, 0% used [0x00000000e0000000,0x00000000e0000000,0x00000000e9300000)
  from space 13824K, 99% used [0x00000000ea500000,0x00000000eb27b520,0x00000000eb280000)
  to   space 18432K, 0% used [0x00000000e9300000,0x00000000e9300000,0x00000000ea500000)
 ParOldGen       total 53760K, used 24146K [0x00000000a0000000, 0x00000000a3480000, 0x00000000e0000000)
  object space 53760K, 44% used [0x00000000a0000000,0x00000000a1794a40,0x00000000a3480000)
 Metaspace       used 53008K, capacity 54542K, committed 54784K, reserved 1095680K
  class space    used 7202K, capacity 7596K, committed 7680K, reserved 1048576K
}
Event: 36.716 GC heap before
{Heap before GC invocations=15 (full 2):
 PSYoungGen      total 164352K, used 164333K [0x00000000e0000000, 0x00000000eb900000, 0x0000000100000000)
  eden space 150528K, 100% used [0x00000000e0000000,0x00000000e9300000,0x00000000e9300000)
  from space 13824K, 99% used [0x00000000ea500000,0x00000000eb27b520,0x00000000eb280000)
  to   space 18432K, 0% used [0x00000000e9300000,0x00000000e9300000,0x00000000ea500000)
 ParOldGen       total 53760K, used 24146K [0x00000000a0000000, 0x00000000a3480000, 0x00000000e0000000)
  object space 53760K, 44% used [0x00000000a0000000,0x00000000a1794a40,0x00000000a3480000)
 Metaspace       used 57280K, capacity 58946K, committed 59028K, reserved 1099776K
  class space    used 7746K, capacity 8168K, committed 8192K, reserved 1048576K
Event: 36.860 GC heap after
Heap after GC invocations=15 (full 2):
 PSYoungGen      total 168960K, used 18416K [0x00000000e0000000, 0x00000000eed80000, 0x0000000100000000)
  eden space 150528K, 0% used [0x00000000e0000000,0x00000000e0000000,0x00000000e9300000)
  from space 18432K, 99% used [0x00000000e9300000,0x00000000ea4fc060,0x00000000ea500000)
  to   space 27648K, 0% used [0x00000000ed280000,0x00000000ed280000,0x00000000eed80000)
 ParOldGen       total 53760K, used 41640K [0x00000000a0000000, 0x00000000a3480000, 0x00000000e0000000)
  object space 53760K, 77% used [0x00000000a0000000,0x00000000a28aa3c0,0x00000000a3480000)
 Metaspace       used 57280K, capacity 58946K, committed 59028K, reserved 1099776K
  class space    used 7746K, capacity 8168K, committed 8192K, reserved 1048576K
}
Event: 36.862 GC heap before
{Heap before GC invocations=16 (full 2):
 PSYoungGen      total 168960K, used 19380K [0x00000000e0000000, 0x00000000eed80000, 0x0000000100000000)
  eden space 150528K, 0% used [0x00000000e0000000,0x00000000e00f1290,0x00000000e9300000)
  from space 18432K, 99% used [0x00000000e9300000,0x00000000ea4fc060,0x00000000ea500000)
  to   space 27648K, 0% used [0x00000000ed280000,0x00000000ed280000,0x00000000eed80000)
 ParOldGen       total 53760K, used 41640K [0x00000000a0000000, 0x00000000a3480000, 0x00000000e0000000)
  object space 53760K, 77% used [0x00000000a0000000,0x00000000a28aa3c0,0x00000000a3480000)
 Metaspace       used 57283K, capacity 58946K, committed 59028K, reserved 1099776K
  class space    used 7746K, capacity 8168K, committed 8192K, reserved 1048576K
Event: 37.176 GC heap after
Heap after GC invocations=16 (full 2):
 PSYoungGen      total 178176K, used 32K [0x00000000e0000000, 0x00000000eed80000, 0x0000000100000000)
  eden space 150528K, 0% used [0x00000000e0000000,0x00000000e0000000,0x00000000e9300000)
  from space 27648K, 0% used [0x00000000ed280000,0x00000000ed288000,0x00000000eed80000)
  to   space 18432K, 0% used [0x00000000e9300000,0x00000000e9300000,0x00000000ea500000)
 ParOldGen       total 60416K, used 60149K [0x00000000a0000000, 0x00000000a3b00000, 0x00000000e0000000)
  object space 60416K, 99% used [0x00000000a0000000,0x00000000a3abd710,0x00000000a3b00000)
 Metaspace       used 57283K, capacity 58946K, committed 59028K, reserved 1099776K
  class space    used 7746K, capacity 8168K, committed 8192K, reserved 1048576K
}
Event: 37.176 GC heap before
{Heap before GC invocations=17 (full 3):
 PSYoungGen      total 178176K, used 32K [0x00000000e0000000, 0x00000000eed80000, 0x0000000100000000)
  eden space 150528K, 0% used [0x00000000e0000000,0x00000000e0000000,0x00000000e9300000)
  from space 27648K, 0% used [0x00000000ed280000,0x00000000ed288000,0x00000000eed80000)
  to   space 18432K, 0% used [0x00000000e9300000,0x00000000e9300000,0x00000000ea500000)
 ParOldGen       total 60416K, used 60149K [0x00000000a0000000, 0x00000000a3b00000, 0x00000000e0000000)
  object space 60416K, 99% used [0x00000000a0000000,0x00000000a3abd710,0x00000000a3b00000)
 Metaspace       used 57283K, capacity 58946K, committed 59028K, reserved 1099776K
  class space    used 7746K, capacity 8168K, committed 8192K, reserved 1048576K
Event: 38.259 GC heap after
Heap after GC invocations=17 (full 3):
 PSYoungGen      total 178176K, used 0K [0x00000000e0000000, 0x00000000eed80000, 0x0000000100000000)
  eden space 150528K, 0% used [0x00000000e0000000,0x00000000e0000000,0x00000000e9300000)
  from space 27648K, 0% used [0x00000000ed280000,0x00000000ed280000,0x00000000eed80000)
  to   space 18432K, 0% used [0x00000000e9300000,0x00000000e9300000,0x00000000ea500000)
 ParOldGen       total 60416K, used 46078K [0x00000000a0000000, 0x00000000a3b00000, 0x00000000e0000000)
  object space 60416K, 76% used [0x00000000a0000000,0x00000000a2cffbe0,0x00000000a3b00000)
 Metaspace       used 57283K, capacity 58946K, committed 59028K, reserved 1099776K
  class space    used 7746K, capacity 8168K, committed 8192K, reserved 1048576K
}

