# JRE version: OpenJDK Runtime Environment (8.0_152-b06) (build 1.8.0_152-release-1136-b06)
# Java VM: OpenJDK 64-Bit Server VM (25.152-b06 mixed mode windows-amd64 compressed oops)
Heap:
 PSYoungGen      total 477184K, used 114891K [0x00000000e0000000, 0x0000000100000000, 0x0000000100000000)
  eden space 436224K, 26% used [0x00000000e0000000,0x00000000e7032f98,0x00000000faa00000)
  from space 40960K, 0% used [0x00000000faa00000,0x00000000faa00000,0x00000000fd200000)
  to   space 47104K, 0% used [0x00000000fd200000,0x00000000fd200000,0x0000000100000000)
 ParOldGen       total 240640K, used 136224K [0x00000000a0000000, 0x00000000aeb00000, 0x00000000e0000000)
  object space 240640K, 56% used [0x00000000a0000000,0x00000000a8508270,0x00000000aeb00000)
 Metaspace       used 98713K, capacity 102128K, committed 102784K, reserved 1138688K
  class space    used 12260K, capacity 12997K, committed 13184K, reserved 1048576K
GC Heap History (10 events):
Event: 184.775 GC heap before
{Heap before GC invocations=24 (full 4):
 PSYoungGen      total 376832K, used 342687K [0x00000000e0000000, 0x00000000fcb00000, 0x0000000100000000)
  eden space 329728K, 99% used [0x00000000e0000000,0x00000000f4119038,0x00000000f4200000)
  from space 47104K, 29% used [0x00000000f4200000,0x00000000f4f8eec0,0x00000000f7000000)
  to   space 45056K, 0% used [0x00000000f9f00000,0x00000000f9f00000,0x00000000fcb00000)
 ParOldGen       total 196096K, used 152097K [0x00000000a0000000, 0x00000000abf80000, 0x00000000e0000000)
  object space 196096K, 77% used [0x00000000a0000000,0x00000000a94886c0,0x00000000abf80000)
 Metaspace       used 88752K, capacity 91876K, committed 92032K, reserved 1128448K
  class space    used 11401K, capacity 12073K, committed 12160K, reserved 1048576K
Event: 184.835 GC heap after
Heap after GC invocations=24 (full 4):
 PSYoungGen      total 427008K, used 10268K [0x00000000e0000000, 0x00000000ff480000, 0x0000000100000000)
  eden space 381952K, 0% used [0x00000000e0000000,0x00000000e0000000,0x00000000f7500000)
  from space 45056K, 22% used [0x00000000f9f00000,0x00000000fa907150,0x00000000fcb00000)
  to   space 43008K, 0% used [0x00000000f7500000,0x00000000f7500000,0x00000000f9f00000)
 ParOldGen       total 196096K, used 152105K [0x00000000a0000000, 0x00000000abf80000, 0x00000000e0000000)
  object space 196096K, 77% used [0x00000000a0000000,0x00000000a948a6c0,0x00000000abf80000)
 Metaspace       used 88752K, capacity 91876K, committed 92032K, reserved 1128448K
  class space    used 11401K, capacity 12073K, committed 12160K, reserved 1048576K
}
Event: 467.646 GC heap before
{Heap before GC invocations=25 (full 4):
 PSYoungGen      total 427008K, used 389436K [0x00000000e0000000, 0x00000000ff480000, 0x0000000100000000)
  eden space 381952K, 99% used [0x00000000e0000000,0x00000000f7248040,0x00000000f7500000)
  from space 45056K, 22% used [0x00000000f9f00000,0x00000000fa907150,0x00000000fcb00000)
  to   space 43008K, 0% used [0x00000000f7500000,0x00000000f7500000,0x00000000f9f00000)
 ParOldGen       total 196096K, used 152105K [0x00000000a0000000, 0x00000000abf80000, 0x00000000e0000000)
  object space 196096K, 77% used [0x00000000a0000000,0x00000000a948a6c0,0x00000000abf80000)
 Metaspace       used 92840K, capacity 96182K, committed 96256K, reserved 1132544K
  class space    used 11763K, capacity 12482K, committed 12544K, reserved 1048576K
Event: 467.720 GC heap after
Heap after GC invocations=25 (full 4):
 PSYoungGen      total 424960K, used 17718K [0x00000000e0000000, 0x00000000ffa00000, 0x0000000100000000)
  eden space 381952K, 0% used [0x00000000e0000000,0x00000000e0000000,0x00000000f7500000)
  from space 43008K, 41% used [0x00000000f7500000,0x00000000f864dbf0,0x00000000f9f00000)
  to   space 40960K, 0% used [0x00000000fd200000,0x00000000fd200000,0x00000000ffa00000)
 ParOldGen       total 196096K, used 157198K [0x00000000a0000000, 0x00000000abf80000, 0x00000000e0000000)
  object space 196096K, 80% used [0x00000000a0000000,0x00000000a9983890,0x00000000abf80000)
 Metaspace       used 92840K, capacity 96182K, committed 96256K, reserved 1132544K
  class space    used 11763K, capacity 12482K, committed 12544K, reserved 1048576K
}
Event: 491.831 GC heap before
{Heap before GC invocations=26 (full 4):
 PSYoungGen      total 424960K, used 399670K [0x00000000e0000000, 0x00000000ffa00000, 0x0000000100000000)
  eden space 381952K, 100% used [0x00000000e0000000,0x00000000f7500000,0x00000000f7500000)
  from space 43008K, 41% used [0x00000000f7500000,0x00000000f864dbf0,0x00000000f9f00000)
  to   space 40960K, 0% used [0x00000000fd200000,0x00000000fd200000,0x00000000ffa00000)
 ParOldGen       total 196096K, used 157198K [0x00000000a0000000, 0x00000000abf80000, 0x00000000e0000000)
  object space 196096K, 80% used [0x00000000a0000000,0x00000000a9983890,0x00000000abf80000)
 Metaspace       used 95659K, capacity 99154K, committed 99328K, reserved 1136640K
  class space    used 12024K, capacity 12760K, committed 12800K, reserved 1048576K
Event: 491.867 GC heap after
Heap after GC invocations=26 (full 4):
 PSYoungGen      total 477184K, used 4192K [0x00000000e0000000, 0x00000000ffe00000, 0x0000000100000000)
  eden space 436224K, 0% used [0x00000000e0000000,0x00000000e0000000,0x00000000faa00000)
  from space 40960K, 10% used [0x00000000fd200000,0x00000000fd618078,0x00000000ffa00000)
  to   space 40960K, 0% used [0x00000000faa00000,0x00000000faa00000,0x00000000fd200000)
 ParOldGen       total 196096K, used 162160K [0x00000000a0000000, 0x00000000abf80000, 0x00000000e0000000)
  object space 196096K, 82% used [0x00000000a0000000,0x00000000a9e5c218,0x00000000abf80000)
 Metaspace       used 95659K, capacity 99154K, committed 99328K, reserved 1136640K
  class space    used 12024K, capacity 12760K, committed 12800K, reserved 1048576K
}
Event: 1114.089 GC heap before
{Heap before GC invocations=27 (full 4):
 PSYoungGen      total 477184K, used 440416K [0x00000000e0000000, 0x00000000ffe00000, 0x0000000100000000)
  eden space 436224K, 100% used [0x00000000e0000000,0x00000000faa00000,0x00000000faa00000)
  from space 40960K, 10% used [0x00000000fd200000,0x00000000fd618078,0x00000000ffa00000)
  to   space 40960K, 0% used [0x00000000faa00000,0x00000000faa00000,0x00000000fd200000)
 ParOldGen       total 196096K, used 162160K [0x00000000a0000000, 0x00000000abf80000, 0x00000000e0000000)
  object space 196096K, 82% used [0x00000000a0000000,0x00000000a9e5c218,0x00000000abf80000)
 Metaspace       used 98799K, capacity 102412K, committed 102784K, reserved 1138688K
  class space    used 12297K, capacity 13063K, committed 13184K, reserved 1048576K
Event: 1114.379 GC heap after
Heap after GC invocations=27 (full 4):
 PSYoungGen      total 477184K, used 40938K [0x00000000e0000000, 0x0000000100000000, 0x0000000100000000)
  eden space 436224K, 0% used [0x00000000e0000000,0x00000000e0000000,0x00000000faa00000)
  from space 40960K, 99% used [0x00000000faa00000,0x00000000fd1faaf8,0x00000000fd200000)
  to   space 47104K, 0% used [0x00000000fd200000,0x00000000fd200000,0x0000000100000000)
 ParOldGen       total 212992K, used 212584K [0x00000000a0000000, 0x00000000ad000000, 0x00000000e0000000)
  object space 212992K, 99% used [0x00000000a0000000,0x00000000acf9a068,0x00000000ad000000)
 Metaspace       used 98799K, capacity 102412K, committed 102784K, reserved 1138688K
  class space    used 12297K, capacity 13063K, committed 13184K, reserved 1048576K
}
Event: 1114.379 GC heap before
{Heap before GC invocations=28 (full 5):
 PSYoungGen      total 477184K, used 40938K [0x00000000e0000000, 0x0000000100000000, 0x0000000100000000)
  eden space 436224K, 0% used [0x00000000e0000000,0x00000000e0000000,0x00000000faa00000)
  from space 40960K, 99% used [0x00000000faa00000,0x00000000fd1faaf8,0x00000000fd200000)
  to   space 47104K, 0% used [0x00000000fd200000,0x00000000fd200000,0x0000000100000000)
 ParOldGen       total 212992K, used 212584K [0x00000000a0000000, 0x00000000ad000000, 0x00000000e0000000)
  object space 212992K, 99% used [0x00000000a0000000,0x00000000acf9a068,0x00000000ad000000)
 Metaspace       used 98799K, capacity 102412K, committed 102784K, reserved 1138688K
  class space    used 12297K, capacity 13063K, committed 13184K, reserved 1048576K
Event: 1115.920 GC heap after
Heap after GC invocations=28 (full 5):
 PSYoungGen      total 477184K, used 0K [0x00000000e0000000, 0x0000000100000000, 0x0000000100000000)
  eden space 436224K, 0% used [0x00000000e0000000,0x00000000e0000000,0x00000000faa00000)
  from space 40960K, 0% used [0x00000000faa00000,0x00000000faa00000,0x00000000fd200000)
  to   space 47104K, 0% used [0x00000000fd200000,0x00000000fd200000,0x0000000100000000)
 ParOldGen       total 240640K, used 136224K [0x00000000a0000000, 0x00000000aeb00000, 0x00000000e0000000)
  object space 240640K, 56% used [0x00000000a0000000,0x00000000a8508270,0x00000000aeb00000)
 Metaspace       used 98689K, capacity 102128K, committed 102784K, reserved 1138688K
  class space    used 12258K, capacity 12997K, committed 13184K, reserved 1048576K
}

