# JRE version: OpenJDK Runtime Environment (8.0_152-b06) (build 1.8.0_152-release-1136-b06)
# Java VM: OpenJDK 64-Bit Server VM (25.152-b06 mixed mode windows-amd64 compressed oops)
Heap:
 PSYoungGen      total 371712K, used 134339K [0x00000000e0000000, 0x0000000100000000, 0x0000000100000000)
  eden space 301056K, 21% used [0x00000000e0000000,0x00000000e3e62c68,0x00000000f2600000)
  from space 70656K, 99% used [0x00000000f2600000,0x00000000f6ace0c0,0x00000000f6b00000)
  to   space 114176K, 0% used [0x00000000f9080000,0x00000000f9080000,0x0000000100000000)
 ParOldGen       total 229376K, used 110553K [0x00000000a0000000, 0x00000000ae000000, 0x00000000e0000000)
  object space 229376K, 48% used [0x00000000a0000000,0x00000000a6bf6608,0x00000000ae000000)
 Metaspace       used 93729K, capacity 97162K, committed 97280K, reserved 1134592K
  class space    used 11810K, capacity 12506K, committed 12544K, reserved 1048576K
GC Heap History (10 events):
Event: 603.038 GC heap before
{Heap before GC invocations=22 (full 4):
 PSYoungGen      total 308224K, used 292264K [0x00000000e0000000, 0x00000000f9380000, 0x0000000100000000)
  eden space 246784K, 100% used [0x00000000e0000000,0x00000000ef100000,0x00000000ef100000)
  from space 61440K, 74% used [0x00000000ef100000,0x00000000f1d6a278,0x00000000f2d00000)
  to   space 66560K, 0% used [0x00000000f5280000,0x00000000f5280000,0x00000000f9380000)
 ParOldGen       total 256000K, used 161434K [0x00000000a0000000, 0x00000000afa00000, 0x00000000e0000000)
  object space 256000K, 63% used [0x00000000a0000000,0x00000000a9da6870,0x00000000afa00000)
 Metaspace       used 88799K, capacity 91944K, committed 92032K, reserved 1128448K
  class space    used 11412K, capacity 12075K, committed 12160K, reserved 1048576K
Event: 603.423 GC heap after
Heap after GC invocations=22 (full 4):
 PSYoungGen      total 326656K, used 66548K [0x00000000e0000000, 0x00000000fb500000, 0x0000000100000000)
  eden space 260096K, 0% used [0x00000000e0000000,0x00000000e0000000,0x00000000efe00000)
  from space 66560K, 99% used [0x00000000f5280000,0x00000000f937d120,0x00000000f9380000)
  to   space 86528K, 0% used [0x00000000efe00000,0x00000000efe00000,0x00000000f5280000)
 ParOldGen       total 256000K, used 185133K [0x00000000a0000000, 0x00000000afa00000, 0x00000000e0000000)
  object space 256000K, 72% used [0x00000000a0000000,0x00000000ab4cb690,0x00000000afa00000)
 Metaspace       used 88799K, capacity 91944K, committed 92032K, reserved 1128448K
  class space    used 11412K, capacity 12075K, committed 12160K, reserved 1048576K
}
Event: 606.936 GC heap before
{Heap before GC invocations=23 (full 4):
 PSYoungGen      total 326656K, used 326644K [0x00000000e0000000, 0x00000000fb500000, 0x0000000100000000)
  eden space 260096K, 100% used [0x00000000e0000000,0x00000000efe00000,0x00000000efe00000)
  from space 66560K, 99% used [0x00000000f5280000,0x00000000f937d120,0x00000000f9380000)
  to   space 86528K, 0% used [0x00000000efe00000,0x00000000efe00000,0x00000000f5280000)
 ParOldGen       total 256000K, used 185133K [0x00000000a0000000, 0x00000000afa00000, 0x00000000e0000000)
  object space 256000K, 72% used [0x00000000a0000000,0x00000000ab4cb690,0x00000000afa00000)
 Metaspace       used 90120K, capacity 93308K, committed 93440K, reserved 1130496K
  class space    used 11533K, capacity 12207K, committed 12288K, reserved 1048576K
Event: 607.300 GC heap after
Heap after GC invocations=23 (full 4):
 PSYoungGen      total 346624K, used 86508K [0x00000000e0000000, 0x0000000100000000, 0x0000000100000000)
  eden space 260096K, 0% used [0x00000000e0000000,0x00000000e0000000,0x00000000efe00000)
  from space 86528K, 99% used [0x00000000efe00000,0x00000000f527b020,0x00000000f5280000)
  to   space 113664K, 0% used [0x00000000f9100000,0x00000000f9100000,0x0000000100000000)
 ParOldGen       total 256000K, used 217602K [0x00000000a0000000, 0x00000000afa00000, 0x00000000e0000000)
  object space 256000K, 85% used [0x00000000a0000000,0x00000000ad480b28,0x00000000afa00000)
 Metaspace       used 90120K, capacity 93308K, committed 93440K, reserved 1130496K
  class space    used 11533K, capacity 12207K, committed 12288K, reserved 1048576K
}
Event: 607.300 GC heap before
{Heap before GC invocations=24 (full 5):
 PSYoungGen      total 346624K, used 86508K [0x00000000e0000000, 0x0000000100000000, 0x0000000100000000)
  eden space 260096K, 0% used [0x00000000e0000000,0x00000000e0000000,0x00000000efe00000)
  from space 86528K, 99% used [0x00000000efe00000,0x00000000f527b020,0x00000000f5280000)
  to   space 113664K, 0% used [0x00000000f9100000,0x00000000f9100000,0x0000000100000000)
 ParOldGen       total 256000K, used 217602K [0x00000000a0000000, 0x00000000afa00000, 0x00000000e0000000)
  object space 256000K, 85% used [0x00000000a0000000,0x00000000ad480b28,0x00000000afa00000)
 Metaspace       used 90120K, capacity 93308K, committed 93440K, reserved 1130496K
  class space    used 11533K, capacity 12207K, committed 12288K, reserved 1048576K
Event: 608.845 GC heap after
Heap after GC invocations=24 (full 5):
 PSYoungGen      total 346624K, used 0K [0x00000000e0000000, 0x0000000100000000, 0x0000000100000000)
  eden space 260096K, 0% used [0x00000000e0000000,0x00000000e0000000,0x00000000efe00000)
  from space 86528K, 0% used [0x00000000efe00000,0x00000000efe00000,0x00000000f5280000)
  to   space 113664K, 0% used [0x00000000f9100000,0x00000000f9100000,0x0000000100000000)
 ParOldGen       total 229376K, used 110545K [0x00000000a0000000, 0x00000000ae000000, 0x00000000e0000000)
  object space 229376K, 48% used [0x00000000a0000000,0x00000000a6bf4608,0x00000000ae000000)
 Metaspace       used 90112K, capacity 93286K, committed 93440K, reserved 1130496K
  class space    used 11530K, capacity 12202K, committed 12288K, reserved 1048576K
}
Event: 1345.296 GC heap before
{Heap before GC invocations=25 (full 5):
 PSYoungGen      total 346624K, used 260096K [0x00000000e0000000, 0x0000000100000000, 0x0000000100000000)
  eden space 260096K, 100% used [0x00000000e0000000,0x00000000efe00000,0x00000000efe00000)
  from space 86528K, 0% used [0x00000000efe00000,0x00000000efe00000,0x00000000f5280000)
  to   space 113664K, 0% used [0x00000000f9100000,0x00000000f9100000,0x0000000100000000)
 ParOldGen       total 229376K, used 110545K [0x00000000a0000000, 0x00000000ae000000, 0x00000000e0000000)
  object space 229376K, 48% used [0x00000000a0000000,0x00000000a6bf4608,0x00000000ae000000)
 Metaspace       used 90957K, capacity 94314K, committed 94464K, reserved 1132544K
  class space    used 11549K, capacity 12228K, committed 12288K, reserved 1048576K
Event: 1345.369 GC heap after
Heap after GC invocations=25 (full 5):
 PSYoungGen      total 414720K, used 22583K [0x00000000e0000000, 0x0000000100000000, 0x0000000100000000)
  eden space 301056K, 0% used [0x00000000e0000000,0x00000000e0000000,0x00000000f2600000)
  from space 113664K, 19% used [0x00000000f9100000,0x00000000fa70dc90,0x0000000100000000)
  to   space 109568K, 0% used [0x00000000f2600000,0x00000000f2600000,0x00000000f9100000)
 ParOldGen       total 229376K, used 110553K [0x00000000a0000000, 0x00000000ae000000, 0x00000000e0000000)
  object space 229376K, 48% used [0x00000000a0000000,0x00000000a6bf6608,0x00000000ae000000)
 Metaspace       used 90957K, capacity 94314K, committed 94464K, reserved 1132544K
  class space    used 11549K, capacity 12228K, committed 12288K, reserved 1048576K
}
Event: 1349.009 GC heap before
{Heap before GC invocations=26 (full 5):
 PSYoungGen      total 414720K, used 323639K [0x00000000e0000000, 0x0000000100000000, 0x0000000100000000)
  eden space 301056K, 100% used [0x00000000e0000000,0x00000000f2600000,0x00000000f2600000)
  from space 113664K, 19% used [0x00000000f9100000,0x00000000fa70dc90,0x0000000100000000)
  to   space 109568K, 0% used [0x00000000f2600000,0x00000000f2600000,0x00000000f9100000)
 ParOldGen       total 229376K, used 110553K [0x00000000a0000000, 0x00000000ae000000, 0x00000000e0000000)
  object space 229376K, 48% used [0x00000000a0000000,0x00000000a6bf6608,0x00000000ae000000)
 Metaspace       used 93610K, capacity 97030K, committed 97280K, reserved 1134592K
  class space    used 11810K, capacity 12506K, committed 12544K, reserved 1048576K
Event: 1349.181 GC heap after
Heap after GC invocations=26 (full 5):
 PSYoungGen      total 371712K, used 70456K [0x00000000e0000000, 0x0000000100000000, 0x0000000100000000)
  eden space 301056K, 0% used [0x00000000e0000000,0x00000000e0000000,0x00000000f2600000)
  from space 70656K, 99% used [0x00000000f2600000,0x00000000f6ace0c0,0x00000000f6b00000)
  to   space 114176K, 0% used [0x00000000f9080000,0x00000000f9080000,0x0000000100000000)
 ParOldGen       total 229376K, used 110553K [0x00000000a0000000, 0x00000000ae000000, 0x00000000e0000000)
  object space 229376K, 48% used [0x00000000a0000000,0x00000000a6bf6608,0x00000000ae000000)
 Metaspace       used 93610K, capacity 97030K, committed 97280K, reserved 1134592K
  class space    used 11810K, capacity 12506K, committed 12544K, reserved 1048576K
}

