# JRE version: OpenJDK Runtime Environment (8.0_152-b06) (build 1.8.0_152-release-1136-b06)
# Java VM: OpenJDK 64-Bit Server VM (25.152-b06 mixed mode windows-amd64 compressed oops)
Heap:
 PSYoungGen      total 454656K, used 81405K [0x00000000e0000000, 0x0000000100000000, 0x0000000100000000)
  eden space 393216K, 19% used [0x00000000e0000000,0x00000000e4aceb00,0x00000000f8000000)
  from space 61440K, 7% used [0x00000000f8000000,0x00000000f84b0c90,0x00000000fbc00000)
  to   space 69632K, 0% used [0x00000000fbc00000,0x00000000fbc00000,0x0000000100000000)
 ParOldGen       total 311296K, used 169320K [0x00000000a0000000, 0x00000000b3000000, 0x00000000e0000000)
  object space 311296K, 54% used [0x00000000a0000000,0x00000000aa55a1a0,0x00000000b3000000)
 Metaspace       used 94547K, capacity 97686K, committed 100992K, reserved 1136640K
  class space    used 11854K, capacity 12504K, committed 12928K, reserved 1048576K
GC Heap History (10 events):
Event: 218.574 GC heap before
{Heap before GC invocations=21 (full 5):
 PSYoungGen      total 411136K, used 338315K [0x00000000e0000000, 0x00000000ffe80000, 0x0000000100000000)
  eden space 338944K, 99% used [0x00000000e0000000,0x00000000f4a62db8,0x00000000f4b00000)
  from space 72192K, 0% used [0x00000000f4b00000,0x00000000f4b00000,0x00000000f9180000)
  to   space 69120K, 0% used [0x00000000fbb00000,0x00000000fbb00000,0x00000000ffe80000)
 ParOldGen       total 169472K, used 60852K [0x00000000a0000000, 0x00000000aa580000, 0x00000000e0000000)
  object space 169472K, 35% used [0x00000000a0000000,0x00000000a3b6d308,0x00000000aa580000)
 Metaspace       used 87475K, capacity 90440K, committed 90752K, reserved 1128448K
  class space    used 11257K, capacity 11875K, committed 11904K, reserved 1048576K
Event: 218.597 GC heap after
Heap after GC invocations=21 (full 5):
 PSYoungGen      total 447488K, used 9332K [0x00000000e0000000, 0x00000000ffa00000, 0x0000000100000000)
  eden space 382976K, 0% used [0x00000000e0000000,0x00000000e0000000,0x00000000f7600000)
  from space 64512K, 14% used [0x00000000fbb00000,0x00000000fc41d190,0x00000000ffa00000)
  to   space 67584K, 0% used [0x00000000f7600000,0x00000000f7600000,0x00000000fb800000)
 ParOldGen       total 169472K, used 60860K [0x00000000a0000000, 0x00000000aa580000, 0x00000000e0000000)
  object space 169472K, 35% used [0x00000000a0000000,0x00000000a3b6f308,0x00000000aa580000)
 Metaspace       used 87475K, capacity 90440K, committed 90752K, reserved 1128448K
  class space    used 11257K, capacity 11875K, committed 11904K, reserved 1048576K
}
Event: 1877.111 GC heap before
{Heap before GC invocations=22 (full 5):
 PSYoungGen      total 447488K, used 391942K [0x00000000e0000000, 0x00000000ffa00000, 0x0000000100000000)
  eden space 382976K, 99% used [0x00000000e0000000,0x00000000f75a48f8,0x00000000f7600000)
  from space 64512K, 14% used [0x00000000fbb00000,0x00000000fc41d190,0x00000000ffa00000)
  to   space 67584K, 0% used [0x00000000f7600000,0x00000000f7600000,0x00000000fb800000)
 ParOldGen       total 169472K, used 60860K [0x00000000a0000000, 0x00000000aa580000, 0x00000000e0000000)
  object space 169472K, 35% used [0x00000000a0000000,0x00000000a3b6f308,0x00000000aa580000)
 Metaspace       used 91642K, capacity 94880K, committed 95104K, reserved 1132544K
  class space    used 11618K, capacity 12301K, committed 12416K, reserved 1048576K
Event: 1877.221 GC heap after
Heap after GC invocations=22 (full 5):
 PSYoungGen      total 450560K, used 23883K [0x00000000e0000000, 0x00000000ffb00000, 0x0000000100000000)
  eden space 382976K, 0% used [0x00000000e0000000,0x00000000e0000000,0x00000000f7600000)
  from space 67584K, 35% used [0x00000000f7600000,0x00000000f8d52dc8,0x00000000fb800000)
  to   space 63488K, 0% used [0x00000000fbd00000,0x00000000fbd00000,0x00000000ffb00000)
 ParOldGen       total 169472K, used 60860K [0x00000000a0000000, 0x00000000aa580000, 0x00000000e0000000)
  object space 169472K, 35% used [0x00000000a0000000,0x00000000a3b6f308,0x00000000aa580000)
 Metaspace       used 91642K, capacity 94880K, committed 95104K, reserved 1132544K
  class space    used 11618K, capacity 12301K, committed 12416K, reserved 1048576K
}
Event: 1884.604 GC heap before
{Heap before GC invocations=23 (full 5):
 PSYoungGen      total 450560K, used 406859K [0x00000000e0000000, 0x00000000ffb00000, 0x0000000100000000)
  eden space 382976K, 100% used [0x00000000e0000000,0x00000000f7600000,0x00000000f7600000)
  from space 67584K, 35% used [0x00000000f7600000,0x00000000f8d52dc8,0x00000000fb800000)
  to   space 63488K, 0% used [0x00000000fbd00000,0x00000000fbd00000,0x00000000ffb00000)
 ParOldGen       total 169472K, used 60860K [0x00000000a0000000, 0x00000000aa580000, 0x00000000e0000000)
  object space 169472K, 35% used [0x00000000a0000000,0x00000000a3b6f308,0x00000000aa580000)
 Metaspace       used 94484K, capacity 97720K, committed 97920K, reserved 1134592K
  class space    used 11897K, capacity 12589K, committed 12672K, reserved 1048576K
Event: 1884.637 GC heap after
Heap after GC invocations=23 (full 5):
 PSYoungGen      total 453632K, used 11013K [0x00000000e0000000, 0x00000000ff800000, 0x0000000100000000)
  eden space 393216K, 0% used [0x00000000e0000000,0x00000000e0000000,0x00000000f8000000)
  from space 60416K, 18% used [0x00000000fbd00000,0x00000000fc7c15e0,0x00000000ff800000)
  to   space 61440K, 0% used [0x00000000f8000000,0x00000000f8000000,0x00000000fbc00000)
 ParOldGen       total 169472K, used 60868K [0x00000000a0000000, 0x00000000aa580000, 0x00000000e0000000)
  object space 169472K, 35% used [0x00000000a0000000,0x00000000a3b71308,0x00000000aa580000)
 Metaspace       used 94484K, capacity 97720K, committed 97920K, reserved 1134592K
  class space    used 11897K, capacity 12589K, committed 12672K, reserved 1048576K
}
Event: 2082.368 GC heap before
{Heap before GC invocations=24 (full 5):
 PSYoungGen      total 453632K, used 404229K [0x00000000e0000000, 0x00000000ff800000, 0x0000000100000000)
  eden space 393216K, 100% used [0x00000000e0000000,0x00000000f8000000,0x00000000f8000000)
  from space 60416K, 18% used [0x00000000fbd00000,0x00000000fc7c15e0,0x00000000ff800000)
  to   space 61440K, 0% used [0x00000000f8000000,0x00000000f8000000,0x00000000fbc00000)
 ParOldGen       total 169472K, used 60868K [0x00000000a0000000, 0x00000000aa580000, 0x00000000e0000000)
  object space 169472K, 35% used [0x00000000a0000000,0x00000000a3b71308,0x00000000aa580000)
 Metaspace       used 97467K, capacity 100938K, committed 100992K, reserved 1136640K
  class space    used 12175K, capacity 12896K, committed 12928K, reserved 1048576K
Event: 2082.740 GC heap after
Heap after GC invocations=24 (full 5):
 PSYoungGen      total 454656K, used 61408K [0x00000000e0000000, 0x0000000100000000, 0x0000000100000000)
  eden space 393216K, 0% used [0x00000000e0000000,0x00000000e0000000,0x00000000f8000000)
  from space 61440K, 99% used [0x00000000f8000000,0x00000000fbbf8158,0x00000000fbc00000)
  to   space 69632K, 0% used [0x00000000fbc00000,0x00000000fbc00000,0x0000000100000000)
 ParOldGen       total 169472K, used 140291K [0x00000000a0000000, 0x00000000aa580000, 0x00000000e0000000)
  object space 169472K, 82% used [0x00000000a0000000,0x00000000a8900c20,0x00000000aa580000)
 Metaspace       used 97467K, capacity 100938K, committed 100992K, reserved 1136640K
  class space    used 12175K, capacity 12896K, committed 12928K, reserved 1048576K
}
Event: 2082.743 GC heap before
{Heap before GC invocations=25 (full 6):
 PSYoungGen      total 454656K, used 61408K [0x00000000e0000000, 0x0000000100000000, 0x0000000100000000)
  eden space 393216K, 0% used [0x00000000e0000000,0x00000000e0000000,0x00000000f8000000)
  from space 61440K, 99% used [0x00000000f8000000,0x00000000fbbf8158,0x00000000fbc00000)
  to   space 69632K, 0% used [0x00000000fbc00000,0x00000000fbc00000,0x0000000100000000)
 ParOldGen       total 169472K, used 140291K [0x00000000a0000000, 0x00000000aa580000, 0x00000000e0000000)
  object space 169472K, 82% used [0x00000000a0000000,0x00000000a8900c20,0x00000000aa580000)
 Metaspace       used 97467K, capacity 100938K, committed 100992K, reserved 1136640K
  class space    used 12175K, capacity 12896K, committed 12928K, reserved 1048576K
Event: 2085.176 GC heap after
Heap after GC invocations=25 (full 6):
 PSYoungGen      total 454656K, used 4803K [0x00000000e0000000, 0x0000000100000000, 0x0000000100000000)
  eden space 393216K, 0% used [0x00000000e0000000,0x00000000e0000000,0x00000000f8000000)
  from space 61440K, 7% used [0x00000000f8000000,0x00000000f84b0c90,0x00000000fbc00000)
  to   space 69632K, 0% used [0x00000000fbc00000,0x00000000fbc00000,0x0000000100000000)
 ParOldGen       total 311296K, used 169320K [0x00000000a0000000, 0x00000000b3000000, 0x00000000e0000000)
  object space 311296K, 54% used [0x00000000a0000000,0x00000000aa55a1a0,0x00000000b3000000)
 Metaspace       used 94473K, capacity 97622K, committed 100992K, reserved 1136640K
  class space    used 11852K, capacity 12504K, committed 12928K, reserved 1048576K
}

