# JRE version: OpenJDK Runtime Environment (8.0_152-b06) (build 1.8.0_152-release-1136-b06)
# Java VM: OpenJDK 64-Bit Server VM (25.152-b06 mixed mode windows-amd64 compressed oops)
Heap:
 PSYoungGen      total 411136K, used 66413K [0x00000000e0000000, 0x00000000ff100000, 0x0000000100000000)
  eden space 353792K, 3% used [0x00000000e0000000,0x00000000e0a9b5a8,0x00000000f5980000)
  from space 57344K, 96% used [0x00000000f9b00000,0x00000000fd13fe98,0x00000000fd300000)
  to   space 67072K, 0% used [0x00000000f5980000,0x00000000f5980000,0x00000000f9b00000)
 ParOldGen       total 215552K, used 145047K [0x00000000a0000000, 0x00000000ad280000, 0x00000000e0000000)
  object space 215552K, 67% used [0x00000000a0000000,0x00000000a8da5ef8,0x00000000ad280000)
 Metaspace       used 82731K, capacity 85262K, committed 85504K, reserved 1124352K
  class space    used 10649K, capacity 11230K, committed 11264K, reserved 1048576K
GC Heap History (10 events):
Event: 34.593 GC heap before
{Heap before GC invocations=16 (full 3):
 PSYoungGen      total 215552K, used 7671K [0x00000000e0000000, 0x00000000f3380000, 0x0000000100000000)
  eden space 199168K, 0% used [0x00000000e0000000,0x00000000e0000000,0x00000000ec280000)
  from space 16384K, 46% used [0x00000000ec280000,0x00000000ec9fdd28,0x00000000ed280000)
  to   space 15872K, 0% used [0x00000000f2400000,0x00000000f2400000,0x00000000f3380000)
 ParOldGen       total 43520K, used 34159K [0x00000000a0000000, 0x00000000a2a80000, 0x00000000e0000000)
  object space 43520K, 78% used [0x00000000a0000000,0x00000000a215bc08,0x00000000a2a80000)
 Metaspace       used 57190K, capacity 58948K, committed 59028K, reserved 1099776K
  class space    used 7768K, capacity 8169K, committed 8192K, reserved 1048576K
Event: 35.207 GC heap after
Heap after GC invocations=16 (full 3):
 PSYoungGen      total 215552K, used 0K [0x00000000e0000000, 0x00000000f3380000, 0x0000000100000000)
  eden space 199168K, 0% used [0x00000000e0000000,0x00000000e0000000,0x00000000ec280000)
  from space 16384K, 0% used [0x00000000ec280000,0x00000000ec280000,0x00000000ed280000)
  to   space 15872K, 0% used [0x00000000f2400000,0x00000000f2400000,0x00000000f3380000)
 ParOldGen       total 75776K, used 36581K [0x00000000a0000000, 0x00000000a4a00000, 0x00000000e0000000)
  object space 75776K, 48% used [0x00000000a0000000,0x00000000a23b9598,0x00000000a4a00000)
 Metaspace       used 57190K, capacity 58948K, committed 59028K, reserved 1099776K
  class space    used 7768K, capacity 8169K, committed 8192K, reserved 1048576K
}
Event: 845.654 GC heap before
{Heap before GC invocations=17 (full 3):
 PSYoungGen      total 215552K, used 199168K [0x00000000e0000000, 0x00000000f3380000, 0x0000000100000000)
  eden space 199168K, 100% used [0x00000000e0000000,0x00000000ec280000,0x00000000ec280000)
  from space 16384K, 0% used [0x00000000ec280000,0x00000000ec280000,0x00000000ed280000)
  to   space 15872K, 0% used [0x00000000f2400000,0x00000000f2400000,0x00000000f3380000)
 ParOldGen       total 75776K, used 36581K [0x00000000a0000000, 0x00000000a4a00000, 0x00000000e0000000)
  object space 75776K, 48% used [0x00000000a0000000,0x00000000a23b9598,0x00000000a4a00000)
 Metaspace       used 64512K, capacity 66350K, committed 66432K, reserved 1105920K
  class space    used 8573K, capacity 9022K, committed 9088K, reserved 1048576K
Event: 845.734 GC heap after
Heap after GC invocations=17 (full 3):
 PSYoungGen      total 287232K, used 15845K [0x00000000e0000000, 0x00000000f3380000, 0x0000000100000000)
  eden space 271360K, 0% used [0x00000000e0000000,0x00000000e0000000,0x00000000f0900000)
  from space 15872K, 99% used [0x00000000f2400000,0x00000000f3379718,0x00000000f3380000)
  to   space 18432K, 0% used [0x00000000f0f80000,0x00000000f0f80000,0x00000000f2180000)
 ParOldGen       total 75776K, used 37558K [0x00000000a0000000, 0x00000000a4a00000, 0x00000000e0000000)
  object space 75776K, 49% used [0x00000000a0000000,0x00000000a24adbb0,0x00000000a4a00000)
 Metaspace       used 64512K, capacity 66350K, committed 66432K, reserved 1105920K
  class space    used 8573K, capacity 9022K, committed 9088K, reserved 1048576K
}
Event: 864.701 GC heap before
{Heap before GC invocations=18 (full 3):
 PSYoungGen      total 287232K, used 287205K [0x00000000e0000000, 0x00000000f3380000, 0x0000000100000000)
  eden space 271360K, 100% used [0x00000000e0000000,0x00000000f0900000,0x00000000f0900000)
  from space 15872K, 99% used [0x00000000f2400000,0x00000000f3379718,0x00000000f3380000)
  to   space 18432K, 0% used [0x00000000f0f80000,0x00000000f0f80000,0x00000000f2180000)
 ParOldGen       total 75776K, used 37558K [0x00000000a0000000, 0x00000000a4a00000, 0x00000000e0000000)
  object space 75776K, 49% used [0x00000000a0000000,0x00000000a24adbb0,0x00000000a4a00000)
 Metaspace       used 73573K, capacity 75672K, committed 75904K, reserved 1116160K
  class space    used 9581K, capacity 10087K, committed 10112K, reserved 1048576K
Event: 865.027 GC heap after
Heap after GC invocations=18 (full 3):
 PSYoungGen      total 296448K, used 18400K [0x00000000e0000000, 0x00000000fd300000, 0x0000000100000000)
  eden space 278016K, 0% used [0x00000000e0000000,0x00000000e0000000,0x00000000f0f80000)
  from space 18432K, 99% used [0x00000000f0f80000,0x00000000f2178188,0x00000000f2180000)
  to   space 57344K, 0% used [0x00000000f9b00000,0x00000000f9b00000,0x00000000fd300000)
 ParOldGen       total 135168K, used 134826K [0x00000000a0000000, 0x00000000a8400000, 0x00000000e0000000)
  object space 135168K, 99% used [0x00000000a0000000,0x00000000a83aaa48,0x00000000a8400000)
 Metaspace       used 73573K, capacity 75672K, committed 75904K, reserved 1116160K
  class space    used 9581K, capacity 10087K, committed 10112K, reserved 1048576K
}
Event: 865.027 GC heap before
{Heap before GC invocations=19 (full 4):
 PSYoungGen      total 296448K, used 18400K [0x00000000e0000000, 0x00000000fd300000, 0x0000000100000000)
  eden space 278016K, 0% used [0x00000000e0000000,0x00000000e0000000,0x00000000f0f80000)
  from space 18432K, 99% used [0x00000000f0f80000,0x00000000f2178188,0x00000000f2180000)
  to   space 57344K, 0% used [0x00000000f9b00000,0x00000000f9b00000,0x00000000fd300000)
 ParOldGen       total 135168K, used 134826K [0x00000000a0000000, 0x00000000a8400000, 0x00000000e0000000)
  object space 135168K, 99% used [0x00000000a0000000,0x00000000a83aaa48,0x00000000a8400000)
 Metaspace       used 73573K, capacity 75672K, committed 75904K, reserved 1116160K
  class space    used 9581K, capacity 10087K, committed 10112K, reserved 1048576K
Event: 866.902 GC heap after
Heap after GC invocations=19 (full 4):
 PSYoungGen      total 296448K, used 10177K [0x00000000e0000000, 0x00000000fd300000, 0x0000000100000000)
  eden space 278016K, 0% used [0x00000000e0000000,0x00000000e0000000,0x00000000f0f80000)
  from space 18432K, 55% used [0x00000000f0f80000,0x00000000f19705f0,0x00000000f2180000)
  to   space 57344K, 0% used [0x00000000f9b00000,0x00000000f9b00000,0x00000000fd300000)
 ParOldGen       total 215552K, used 134875K [0x00000000a0000000, 0x00000000ad280000, 0x00000000e0000000)
  object space 215552K, 62% used [0x00000000a0000000,0x00000000a83b6ea8,0x00000000ad280000)
 Metaspace       used 73573K, capacity 75672K, committed 75904K, reserved 1116160K
  class space    used 9581K, capacity 10087K, committed 10112K, reserved 1048576K
}
Event: 892.968 GC heap before
{Heap before GC invocations=20 (full 4):
 PSYoungGen      total 296448K, used 288193K [0x00000000e0000000, 0x00000000fd300000, 0x0000000100000000)
  eden space 278016K, 100% used [0x00000000e0000000,0x00000000f0f80000,0x00000000f0f80000)
  from space 18432K, 55% used [0x00000000f0f80000,0x00000000f19705f0,0x00000000f2180000)
  to   space 57344K, 0% used [0x00000000f9b00000,0x00000000f9b00000,0x00000000fd300000)
 ParOldGen       total 215552K, used 134875K [0x00000000a0000000, 0x00000000ad280000, 0x00000000e0000000)
  object space 215552K, 62% used [0x00000000a0000000,0x00000000a83b6ea8,0x00000000ad280000)
 Metaspace       used 81437K, capacity 83860K, committed 84096K, reserved 1122304K
  class space    used 10509K, capacity 11055K, committed 11136K, reserved 1048576K
Event: 893.223 GC heap after
Heap after GC invocations=20 (full 4):
 PSYoungGen      total 411136K, used 55551K [0x00000000e0000000, 0x00000000ff100000, 0x0000000100000000)
  eden space 353792K, 0% used [0x00000000e0000000,0x00000000e0000000,0x00000000f5980000)
  from space 57344K, 96% used [0x00000000f9b00000,0x00000000fd13fe98,0x00000000fd300000)
  to   space 67072K, 0% used [0x00000000f5980000,0x00000000f5980000,0x00000000f9b00000)
 ParOldGen       total 215552K, used 145047K [0x00000000a0000000, 0x00000000ad280000, 0x00000000e0000000)
  object space 215552K, 67% used [0x00000000a0000000,0x00000000a8da5ef8,0x00000000ad280000)
 Metaspace       used 81437K, capacity 83860K, committed 84096K, reserved 1122304K
  class space    used 10509K, capacity 11055K, committed 11136K, reserved 1048576K
}

