# JRE version: OpenJDK Runtime Environment (8.0_152-b06) (build 1.8.0_152-release-1136-b06)
# Java VM: OpenJDK 64-Bit Server VM (25.152-b06 mixed mode windows-amd64 compressed oops)
Heap:
 PSYoungGen      total 133632K, used 12986K [0x00000000e0000000, 0x00000000e9780000, 0x0000000100000000)
  eden space 123392K, 2% used [0x00000000e0000000,0x00000000e02b3e70,0x00000000e7880000)
  from space 10240K, 99% used [0x00000000e7880000,0x00000000e827abc0,0x00000000e8280000)
  to   space 12800K, 0% used [0x00000000e8b00000,0x00000000e8b00000,0x00000000e9780000)
 ParOldGen       total 44544K, used 13700K [0x00000000a0000000, 0x00000000a2b80000, 0x00000000e0000000)
  object space 44544K, 30% used [0x00000000a0000000,0x00000000a0d61240,0x00000000a2b80000)
 Metaspace       used 31288K, capacity 31918K, committed 32128K, reserved 1077248K
  class space    used 4401K, capacity 4618K, committed 4736K, reserved 1048576K
GC Heap History (10 events):
Event: 5.456 GC heap before
{Heap before GC invocations=4 (full 0):
 PSYoungGen      total 34304K, used 34288K [0x00000000e0000000, 0x00000000e4300000, 0x0000000100000000)
  eden space 31744K, 100% used [0x00000000e0000000,0x00000000e1f00000,0x00000000e1f00000)
  from space 2560K, 99% used [0x00000000e1f00000,0x00000000e217c010,0x00000000e2180000)
  to   space 2560K, 0% used [0x00000000e4080000,0x00000000e4080000,0x00000000e4300000)
 ParOldGen       total 42496K, used 2857K [0x00000000a0000000, 0x00000000a2980000, 0x00000000e0000000)
  object space 42496K, 6% used [0x00000000a0000000,0x00000000a02ca788,0x00000000a2980000)
 Metaspace       used 13874K, capacity 14192K, committed 14464K, reserved 1060864K
  class space    used 1926K, capacity 2058K, committed 2176K, reserved 1048576K
Event: 5.489 GC heap after
Heap after GC invocations=4 (full 0):
 PSYoungGen      total 66048K, used 2528K [0x00000000e0000000, 0x00000000e4300000, 0x0000000100000000)
  eden space 63488K, 0% used [0x00000000e0000000,0x00000000e0000000,0x00000000e3e00000)
  from space 2560K, 98% used [0x00000000e4080000,0x00000000e42f8040,0x00000000e4300000)
  to   space 2560K, 0% used [0x00000000e3e00000,0x00000000e3e00000,0x00000000e4080000)
 ParOldGen       total 42496K, used 6441K [0x00000000a0000000, 0x00000000a2980000, 0x00000000e0000000)
  object space 42496K, 15% used [0x00000000a0000000,0x00000000a064a708,0x00000000a2980000)
 Metaspace       used 13874K, capacity 14192K, committed 14464K, reserved 1060864K
  class space    used 1926K, capacity 2058K, committed 2176K, reserved 1048576K
}
Event: 7.915 GC heap before
{Heap before GC invocations=5 (full 0):
 PSYoungGen      total 66048K, used 57616K [0x00000000e0000000, 0x00000000e4300000, 0x0000000100000000)
  eden space 63488K, 86% used [0x00000000e0000000,0x00000000e35cbff0,0x00000000e3e00000)
  from space 2560K, 98% used [0x00000000e4080000,0x00000000e42f8040,0x00000000e4300000)
  to   space 2560K, 0% used [0x00000000e3e00000,0x00000000e3e00000,0x00000000e4080000)
 ParOldGen       total 42496K, used 6441K [0x00000000a0000000, 0x00000000a2980000, 0x00000000e0000000)
  object space 42496K, 15% used [0x00000000a0000000,0x00000000a064a708,0x00000000a2980000)
 Metaspace       used 20829K, capacity 21200K, committed 21248K, reserved 1067008K
  class space    used 2913K, capacity 3039K, committed 3072K, reserved 1048576K
Event: 7.959 GC heap after
Heap after GC invocations=5 (full 0):
 PSYoungGen      total 66048K, used 2532K [0x00000000e0000000, 0x00000000e9000000, 0x0000000100000000)
  eden space 63488K, 0% used [0x00000000e0000000,0x00000000e0000000,0x00000000e3e00000)
  from space 2560K, 98% used [0x00000000e3e00000,0x00000000e4079050,0x00000000e4080000)
  to   space 10240K, 0% used [0x00000000e8600000,0x00000000e8600000,0x00000000e9000000)
 ParOldGen       total 42496K, used 13669K [0x00000000a0000000, 0x00000000a2980000, 0x00000000e0000000)
  object space 42496K, 32% used [0x00000000a0000000,0x00000000a0d59620,0x00000000a2980000)
 Metaspace       used 20829K, capacity 21200K, committed 21248K, reserved 1067008K
  class space    used 2913K, capacity 3039K, committed 3072K, reserved 1048576K
}
Event: 7.959 GC heap before
{Heap before GC invocations=6 (full 1):
 PSYoungGen      total 66048K, used 2532K [0x00000000e0000000, 0x00000000e9000000, 0x0000000100000000)
  eden space 63488K, 0% used [0x00000000e0000000,0x00000000e0000000,0x00000000e3e00000)
  from space 2560K, 98% used [0x00000000e3e00000,0x00000000e4079050,0x00000000e4080000)
  to   space 10240K, 0% used [0x00000000e8600000,0x00000000e8600000,0x00000000e9000000)
 ParOldGen       total 42496K, used 13669K [0x00000000a0000000, 0x00000000a2980000, 0x00000000e0000000)
  object space 42496K, 32% used [0x00000000a0000000,0x00000000a0d59620,0x00000000a2980000)
 Metaspace       used 20829K, capacity 21200K, committed 21248K, reserved 1067008K
  class space    used 2913K, capacity 3039K, committed 3072K, reserved 1048576K
Event: 8.201 GC heap after
Heap after GC invocations=6 (full 1):
 PSYoungGen      total 66048K, used 0K [0x00000000e0000000, 0x00000000e9000000, 0x0000000100000000)
  eden space 63488K, 0% used [0x00000000e0000000,0x00000000e0000000,0x00000000e3e00000)
  from space 2560K, 0% used [0x00000000e3e00000,0x00000000e3e00000,0x00000000e4080000)
  to   space 10240K, 0% used [0x00000000e8600000,0x00000000e8600000,0x00000000e9000000)
 ParOldGen       total 44544K, used 12336K [0x00000000a0000000, 0x00000000a2b80000, 0x00000000e0000000)
  object space 44544K, 27% used [0x00000000a0000000,0x00000000a0c0c268,0x00000000a2b80000)
 Metaspace       used 20829K, capacity 21200K, committed 21248K, reserved 1067008K
  class space    used 2913K, capacity 3039K, committed 3072K, reserved 1048576K
}
Event: 10.814 GC heap before
{Heap before GC invocations=7 (full 1):
 PSYoungGen      total 66048K, used 63488K [0x00000000e0000000, 0x00000000e9000000, 0x0000000100000000)
  eden space 63488K, 100% used [0x00000000e0000000,0x00000000e3e00000,0x00000000e3e00000)
  from space 2560K, 0% used [0x00000000e3e00000,0x00000000e3e00000,0x00000000e4080000)
  to   space 10240K, 0% used [0x00000000e8600000,0x00000000e8600000,0x00000000e9000000)
 ParOldGen       total 44544K, used 12336K [0x00000000a0000000, 0x00000000a2b80000, 0x00000000e0000000)
  object space 44544K, 27% used [0x00000000a0000000,0x00000000a0c0c268,0x00000000a2b80000)
 Metaspace       used 25824K, capacity 26290K, committed 26624K, reserved 1073152K
  class space    used 3612K, capacity 3791K, committed 3840K, reserved 1048576K
Event: 10.843 GC heap after
Heap after GC invocations=7 (full 1):
 PSYoungGen      total 98304K, used 6194K [0x00000000e0000000, 0x00000000e8c80000, 0x0000000100000000)
  eden space 91648K, 0% used [0x00000000e0000000,0x00000000e0000000,0x00000000e5980000)
  from space 6656K, 93% used [0x00000000e8600000,0x00000000e8c0c858,0x00000000e8c80000)
  to   space 10240K, 0% used [0x00000000e7880000,0x00000000e7880000,0x00000000e8280000)
 ParOldGen       total 44544K, used 12336K [0x00000000a0000000, 0x00000000a2b80000, 0x00000000e0000000)
  object space 44544K, 27% used [0x00000000a0000000,0x00000000a0c0c268,0x00000000a2b80000)
 Metaspace       used 25824K, capacity 26290K, committed 26624K, reserved 1073152K
  class space    used 3612K, capacity 3791K, committed 3840K, reserved 1048576K
}
Event: 14.546 GC heap before
{Heap before GC invocations=8 (full 1):
 PSYoungGen      total 98304K, used 97842K [0x00000000e0000000, 0x00000000e8c80000, 0x0000000100000000)
  eden space 91648K, 100% used [0x00000000e0000000,0x00000000e5980000,0x00000000e5980000)
  from space 6656K, 93% used [0x00000000e8600000,0x00000000e8c0c858,0x00000000e8c80000)
  to   space 10240K, 0% used [0x00000000e7880000,0x00000000e7880000,0x00000000e8280000)
 ParOldGen       total 44544K, used 12336K [0x00000000a0000000, 0x00000000a2b80000, 0x00000000e0000000)
  object space 44544K, 27% used [0x00000000a0000000,0x00000000a0c0c268,0x00000000a2b80000)
 Metaspace       used 31231K, capacity 31854K, committed 32128K, reserved 1077248K
  class space    used 4394K, capacity 4618K, committed 4736K, reserved 1048576K
Event: 14.603 GC heap after
Heap after GC invocations=8 (full 1):
 PSYoungGen      total 133632K, used 10218K [0x00000000e0000000, 0x00000000e9780000, 0x0000000100000000)
  eden space 123392K, 0% used [0x00000000e0000000,0x00000000e0000000,0x00000000e7880000)
  from space 10240K, 99% used [0x00000000e7880000,0x00000000e827abc0,0x00000000e8280000)
  to   space 12800K, 0% used [0x00000000e8b00000,0x00000000e8b00000,0x00000000e9780000)
 ParOldGen       total 44544K, used 13700K [0x00000000a0000000, 0x00000000a2b80000, 0x00000000e0000000)
  object space 44544K, 30% used [0x00000000a0000000,0x00000000a0d61240,0x00000000a2b80000)
 Metaspace       used 31231K, capacity 31854K, committed 32128K, reserved 1077248K
  class space    used 4394K, capacity 4618K, committed 4736K, reserved 1048576K
}

