# JRE version: OpenJDK Runtime Environment (8.0_152-b06) (build 1.8.0_152-release-1136-b06)
# Java VM: OpenJDK 64-Bit Server VM (25.152-b06 mixed mode windows-amd64 compressed oops)
Heap:
 PSYoungGen      total 273920K, used 240781K [0x00000000e0000000, 0x00000000f2c80000, 0x0000000100000000)
  eden space 244736K, 97% used [0x00000000e0000000,0x00000000ee7ffe38,0x00000000eef00000)
  from space 29184K, 11% used [0x00000000ef380000,0x00000000ef6a38f8,0x00000000f1000000)
  to   space 19968K, 0% used [0x00000000f1900000,0x00000000f1900000,0x00000000f2c80000)
 ParOldGen       total 133632K, used 64775K [0x00000000a0000000, 0x00000000a8280000, 0x00000000e0000000)
  object space 133632K, 48% used [0x00000000a0000000,0x00000000a3f41e18,0x00000000a8280000)
 Metaspace       used 94339K, capacity 98462K, committed 99148K, reserved 1136640K
  class space    used 11769K, capacity 12641K, committed 12928K, reserved 1048576K
GC Heap History (10 events):
Event: 2093.732 GC heap before
{Heap before GC invocations=21 (full 3):
 PSYoungGen      total 290304K, used 289753K [0x00000000e0000000, 0x00000000f3a80000, 0x0000000100000000)
  eden space 278528K, 99% used [0x00000000e0000000,0x00000000f0fd5510,0x00000000f1000000)
  from space 11776K, 96% used [0x00000000f1c80000,0x00000000f27a10c8,0x00000000f2800000)
  to   space 18944K, 0% used [0x00000000f2800000,0x00000000f2800000,0x00000000f3a80000)
 ParOldGen       total 83456K, used 55010K [0x00000000a0000000, 0x00000000a5180000, 0x00000000e0000000)
  object space 83456K, 65% used [0x00000000a0000000,0x00000000a35b8a18,0x00000000a5180000)
 Metaspace       used 83734K, capacity 87862K, committed 88152K, reserved 1126400K
  class space    used 10597K, capacity 11537K, committed 11648K, reserved 1048576K
Event: 2093.834 GC heap after
Heap after GC invocations=21 (full 3):
 PSYoungGen      total 285696K, used 18926K [0x00000000e0000000, 0x00000000f3a80000, 0x0000000100000000)
  eden space 266752K, 0% used [0x00000000e0000000,0x00000000e0000000,0x00000000f0480000)
  from space 18944K, 99% used [0x00000000f2800000,0x00000000f3a7ba88,0x00000000f3a80000)
  to   space 25600K, 0% used [0x00000000f0880000,0x00000000f0880000,0x00000000f2180000)
 ParOldGen       total 83456K, used 60917K [0x00000000a0000000, 0x00000000a5180000, 0x00000000e0000000)
  object space 83456K, 72% used [0x00000000a0000000,0x00000000a3b7d798,0x00000000a5180000)
 Metaspace       used 83734K, capacity 87862K, committed 88152K, reserved 1126400K
  class space    used 10597K, capacity 11537K, committed 11648K, reserved 1048576K
}
Event: 2102.112 GC heap before
{Heap before GC invocations=22 (full 3):
 PSYoungGen      total 285696K, used 285678K [0x00000000e0000000, 0x00000000f3a80000, 0x0000000100000000)
  eden space 266752K, 100% used [0x00000000e0000000,0x00000000f0480000,0x00000000f0480000)
  from space 18944K, 99% used [0x00000000f2800000,0x00000000f3a7ba88,0x00000000f3a80000)
  to   space 25600K, 0% used [0x00000000f0880000,0x00000000f0880000,0x00000000f2180000)
 ParOldGen       total 83456K, used 60917K [0x00000000a0000000, 0x00000000a5180000, 0x00000000e0000000)
  object space 83456K, 72% used [0x00000000a0000000,0x00000000a3b7d798,0x00000000a5180000)
 Metaspace       used 84657K, capacity 88982K, committed 89304K, reserved 1126400K
  class space    used 10723K, capacity 11687K, committed 11776K, reserved 1048576K
Event: 2102.199 GC heap after
Heap after GC invocations=22 (full 3):
 PSYoungGen      total 272384K, used 16504K [0x00000000e0000000, 0x00000000f2c80000, 0x0000000100000000)
  eden space 255488K, 0% used [0x00000000e0000000,0x00000000e0000000,0x00000000ef980000)
  from space 16896K, 97% used [0x00000000f0880000,0x00000000f189e138,0x00000000f1900000)
  to   space 19968K, 0% used [0x00000000f1900000,0x00000000f1900000,0x00000000f2c80000)
 ParOldGen       total 83456K, used 65860K [0x00000000a0000000, 0x00000000a5180000, 0x00000000e0000000)
  object space 83456K, 78% used [0x00000000a0000000,0x00000000a40512b8,0x00000000a5180000)
 Metaspace       used 84657K, capacity 88982K, committed 89304K, reserved 1126400K
  class space    used 10723K, capacity 11687K, committed 11776K, reserved 1048576K
}
Event: 2144.497 GC heap before
{Heap before GC invocations=23 (full 3):
 PSYoungGen      total 272384K, used 191645K [0x00000000e0000000, 0x00000000f2c80000, 0x0000000100000000)
  eden space 255488K, 68% used [0x00000000e0000000,0x00000000eab09378,0x00000000ef980000)
  from space 16896K, 97% used [0x00000000f0880000,0x00000000f189e138,0x00000000f1900000)
  to   space 19968K, 0% used [0x00000000f1900000,0x00000000f1900000,0x00000000f2c80000)
 ParOldGen       total 83456K, used 65860K [0x00000000a0000000, 0x00000000a5180000, 0x00000000e0000000)
  object space 83456K, 78% used [0x00000000a0000000,0x00000000a40512b8,0x00000000a5180000)
 Metaspace       used 93424K, capacity 98232K, committed 98380K, reserved 1134592K
  class space    used 11768K, capacity 12830K, committed 12928K, reserved 1048576K
Event: 2144.565 GC heap after
Heap after GC invocations=23 (full 3):
 PSYoungGen      total 264704K, used 19948K [0x00000000e0000000, 0x00000000f2c80000, 0x0000000100000000)
  eden space 244736K, 0% used [0x00000000e0000000,0x00000000e0000000,0x00000000eef00000)
  from space 19968K, 99% used [0x00000000f1900000,0x00000000f2c7b078,0x00000000f2c80000)
  to   space 29184K, 0% used [0x00000000ef380000,0x00000000ef380000,0x00000000f1000000)
 ParOldGen       total 83456K, used 70915K [0x00000000a0000000, 0x00000000a5180000, 0x00000000e0000000)
  object space 83456K, 84% used [0x00000000a0000000,0x00000000a4540c88,0x00000000a5180000)
 Metaspace       used 93424K, capacity 98232K, committed 98380K, reserved 1134592K
  class space    used 11768K, capacity 12830K, committed 12928K, reserved 1048576K
}
Event: 2144.565 GC heap before
{Heap before GC invocations=24 (full 4):
 PSYoungGen      total 264704K, used 19948K [0x00000000e0000000, 0x00000000f2c80000, 0x0000000100000000)
  eden space 244736K, 0% used [0x00000000e0000000,0x00000000e0000000,0x00000000eef00000)
  from space 19968K, 99% used [0x00000000f1900000,0x00000000f2c7b078,0x00000000f2c80000)
  to   space 29184K, 0% used [0x00000000ef380000,0x00000000ef380000,0x00000000f1000000)
 ParOldGen       total 83456K, used 70915K [0x00000000a0000000, 0x00000000a5180000, 0x00000000e0000000)
  object space 83456K, 84% used [0x00000000a0000000,0x00000000a4540c88,0x00000000a5180000)
 Metaspace       used 93424K, capacity 98232K, committed 98380K, reserved 1134592K
  class space    used 11768K, capacity 12830K, committed 12928K, reserved 1048576K
Event: 2148.381 GC heap after
Heap after GC invocations=24 (full 4):
 PSYoungGen      total 264704K, used 0K [0x00000000e0000000, 0x00000000f2c80000, 0x0000000100000000)
  eden space 244736K, 0% used [0x00000000e0000000,0x00000000e0000000,0x00000000eef00000)
  from space 19968K, 0% used [0x00000000f1900000,0x00000000f1900000,0x00000000f2c80000)
  to   space 29184K, 0% used [0x00000000ef380000,0x00000000ef380000,0x00000000f1000000)
 ParOldGen       total 133632K, used 64775K [0x00000000a0000000, 0x00000000a8280000, 0x00000000e0000000)
  object space 133632K, 48% used [0x00000000a0000000,0x00000000a3f41e18,0x00000000a8280000)
 Metaspace       used 92760K, capacity 96490K, committed 98380K, reserved 1134592K
  class space    used 11611K, capacity 12441K, committed 12928K, reserved 1048576K
}
Event: 2156.028 GC heap before
{Heap before GC invocations=25 (full 4):
 PSYoungGen      total 264704K, used 244736K [0x00000000e0000000, 0x00000000f2c80000, 0x0000000100000000)
  eden space 244736K, 100% used [0x00000000e0000000,0x00000000eef00000,0x00000000eef00000)
  from space 19968K, 0% used [0x00000000f1900000,0x00000000f1900000,0x00000000f2c80000)
  to   space 29184K, 0% used [0x00000000ef380000,0x00000000ef380000,0x00000000f1000000)
 ParOldGen       total 133632K, used 64775K [0x00000000a0000000, 0x00000000a8280000, 0x00000000e0000000)
  object space 133632K, 48% used [0x00000000a0000000,0x00000000a3f41e18,0x00000000a8280000)
 Metaspace       used 94121K, capacity 98210K, committed 98892K, reserved 1134592K
  class space    used 11752K, capacity 12609K, committed 12928K, reserved 1048576K
Event: 2156.063 GC heap after
Heap after GC invocations=25 (full 4):
 PSYoungGen      total 273920K, used 3214K [0x00000000e0000000, 0x00000000f2c80000, 0x0000000100000000)
  eden space 244736K, 0% used [0x00000000e0000000,0x00000000e0000000,0x00000000eef00000)
  from space 29184K, 11% used [0x00000000ef380000,0x00000000ef6a38f8,0x00000000f1000000)
  to   space 19968K, 0% used [0x00000000f1900000,0x00000000f1900000,0x00000000f2c80000)
 ParOldGen       total 133632K, used 64775K [0x00000000a0000000, 0x00000000a8280000, 0x00000000e0000000)
  object space 133632K, 48% used [0x00000000a0000000,0x00000000a3f41e18,0x00000000a8280000)
 Metaspace       used 94121K, capacity 98210K, committed 98892K, reserved 1134592K
  class space    used 11752K, capacity 12609K, committed 12928K, reserved 1048576K
}

