# JRE version: OpenJDK Runtime Environment (8.0_152-b06) (build 1.8.0_152-release-1136-b06)
# Java VM: OpenJDK 64-Bit Server VM (25.152-b06 mixed mode windows-amd64 compressed oops)
Heap:
 PSYoungGen      total 431104K, used 260201K [0x00000000e0000000, 0x0000000100000000, 0x0000000100000000)
  eden space 350208K, 51% used [0x00000000e0000000,0x00000000eaf1ad90,0x00000000f5600000)
  from space 80896K, 99% used [0x00000000f5600000,0x00000000fa4ff7c0,0x00000000fa500000)
  to   space 93184K, 0% used [0x00000000fa500000,0x00000000fa500000,0x0000000100000000)
 ParOldGen       total 265216K, used 156382K [0x00000000a0000000, 0x00000000b0300000, 0x00000000e0000000)
  object space 265216K, 58% used [0x00000000a0000000,0x00000000a98b79c8,0x00000000b0300000)
 Metaspace       used 95244K, capacity 99294K, committed 99476K, reserved 1136640K
  class space    used 12055K, capacity 12895K, committed 12948K, reserved 1048576K
GC Heap History (10 events):
Event: 463.515 GC heap before
{Heap before GC invocations=26 (full 5):
 PSYoungGen      total 420352K, used 54783K [0x00000000e0000000, 0x0000000100000000, 0x0000000100000000)
  eden space 365568K, 0% used [0x00000000e0000000,0x00000000e0000000,0x00000000f6500000)
  from space 54784K, 99% used [0x00000000f6500000,0x00000000f9a7fd60,0x00000000f9a80000)
  to   space 88064K, 0% used [0x00000000faa00000,0x00000000faa00000,0x0000000100000000)
 ParOldGen       total 228352K, used 203362K [0x00000000a0000000, 0x00000000adf00000, 0x00000000e0000000)
  object space 228352K, 89% used [0x00000000a0000000,0x00000000ac698b70,0x00000000adf00000)
 Metaspace       used 82805K, capacity 86310K, committed 86676K, reserved 1124352K
  class space    used 10726K, capacity 11479K, committed 11668K, reserved 1048576K
Event: 465.649 GC heap after
Heap after GC invocations=26 (full 5):
 PSYoungGen      total 420352K, used 0K [0x00000000e0000000, 0x0000000100000000, 0x0000000100000000)
  eden space 365568K, 0% used [0x00000000e0000000,0x00000000e0000000,0x00000000f6500000)
  from space 54784K, 0% used [0x00000000f6500000,0x00000000f6500000,0x00000000f9a80000)
  to   space 88064K, 0% used [0x00000000faa00000,0x00000000faa00000,0x0000000100000000)
 ParOldGen       total 265216K, used 146361K [0x00000000a0000000, 0x00000000b0300000, 0x00000000e0000000)
  object space 265216K, 55% used [0x00000000a0000000,0x00000000a8eee6e0,0x00000000b0300000)
 Metaspace       used 82805K, capacity 86310K, committed 86676K, reserved 1124352K
  class space    used 10726K, capacity 11479K, committed 11668K, reserved 1048576K
}
Event: 480.817 GC heap before
{Heap before GC invocations=27 (full 5):
 PSYoungGen      total 420352K, used 364872K [0x00000000e0000000, 0x0000000100000000, 0x0000000100000000)
  eden space 365568K, 99% used [0x00000000e0000000,0x00000000f6452158,0x00000000f6500000)
  from space 54784K, 0% used [0x00000000f6500000,0x00000000f6500000,0x00000000f9a80000)
  to   space 88064K, 0% used [0x00000000faa00000,0x00000000faa00000,0x0000000100000000)
 ParOldGen       total 265216K, used 146361K [0x00000000a0000000, 0x00000000b0300000, 0x00000000e0000000)
  object space 265216K, 55% used [0x00000000a0000000,0x00000000a8eee6e0,0x00000000b0300000)
 Metaspace       used 83459K, capacity 87062K, committed 87444K, reserved 1124352K
  class space    used 10800K, capacity 11591K, committed 11668K, reserved 1048576K
Event: 480.878 GC heap after
Heap after GC invocations=27 (full 5):
 PSYoungGen      total 439296K, used 35891K [0x00000000e0000000, 0x0000000100000000, 0x0000000100000000)
  eden space 351232K, 0% used [0x00000000e0000000,0x00000000e0000000,0x00000000f5700000)
  from space 88064K, 40% used [0x00000000faa00000,0x00000000fcd0ce78,0x0000000100000000)
  to   space 84992K, 0% used [0x00000000f5700000,0x00000000f5700000,0x00000000faa00000)
 ParOldGen       total 265216K, used 146369K [0x00000000a0000000, 0x00000000b0300000, 0x00000000e0000000)
  object space 265216K, 55% used [0x00000000a0000000,0x00000000a8ef06e0,0x00000000b0300000)
 Metaspace       used 83459K, capacity 87062K, committed 87444K, reserved 1124352K
  class space    used 10800K, capacity 11591K, committed 11668K, reserved 1048576K
}
Event: 481.084 GC heap before
{Heap before GC invocations=28 (full 5):
 PSYoungGen      total 439296K, used 386747K [0x00000000e0000000, 0x0000000100000000, 0x0000000100000000)
  eden space 351232K, 99% used [0x00000000e0000000,0x00000000f56a2108,0x00000000f5700000)
  from space 88064K, 40% used [0x00000000faa00000,0x00000000fcd0ce78,0x0000000100000000)
  to   space 84992K, 0% used [0x00000000f5700000,0x00000000f5700000,0x00000000faa00000)
 ParOldGen       total 265216K, used 146369K [0x00000000a0000000, 0x00000000b0300000, 0x00000000e0000000)
  object space 265216K, 55% used [0x00000000a0000000,0x00000000a8ef06e0,0x00000000b0300000)
 Metaspace       used 83459K, capacity 87062K, committed 87444K, reserved 1124352K
  class space    used 10800K, capacity 11591K, committed 11668K, reserved 1048576K
Event: 481.109 GC heap after
Heap after GC invocations=28 (full 5):
 PSYoungGen      total 376832K, used 25401K [0x00000000e0000000, 0x00000000ff300000, 0x0000000100000000)
  eden space 351232K, 0% used [0x00000000e0000000,0x00000000e0000000,0x00000000f5700000)
  from space 25600K, 99% used [0x00000000f5700000,0x00000000f6fce680,0x00000000f7000000)
  to   space 79872K, 0% used [0x00000000fa500000,0x00000000fa500000,0x00000000ff300000)
 ParOldGen       total 265216K, used 146369K [0x00000000a0000000, 0x00000000b0300000, 0x00000000e0000000)
  object space 265216K, 55% used [0x00000000a0000000,0x00000000a8ef06e0,0x00000000b0300000)
 Metaspace       used 83459K, capacity 87062K, committed 87444K, reserved 1124352K
  class space    used 10800K, capacity 11591K, committed 11668K, reserved 1048576K
}
Event: 1346.578 GC heap before
{Heap before GC invocations=29 (full 5):
 PSYoungGen      total 376832K, used 376633K [0x00000000e0000000, 0x00000000ff300000, 0x0000000100000000)
  eden space 351232K, 100% used [0x00000000e0000000,0x00000000f5700000,0x00000000f5700000)
  from space 25600K, 99% used [0x00000000f5700000,0x00000000f6fce680,0x00000000f7000000)
  to   space 79872K, 0% used [0x00000000fa500000,0x00000000fa500000,0x00000000ff300000)
 ParOldGen       total 265216K, used 146369K [0x00000000a0000000, 0x00000000b0300000, 0x00000000e0000000)
  object space 265216K, 55% used [0x00000000a0000000,0x00000000a8ef06e0,0x00000000b0300000)
 Metaspace       used 88702K, capacity 92420K, committed 92692K, reserved 1130496K
  class space    used 11442K, capacity 12222K, committed 12308K, reserved 1048576K
Event: 1346.793 GC heap after
Heap after GC invocations=29 (full 5):
 PSYoungGen      total 430080K, used 44433K [0x00000000e0000000, 0x0000000100000000, 0x0000000100000000)
  eden space 350208K, 0% used [0x00000000e0000000,0x00000000e0000000,0x00000000f5600000)
  from space 79872K, 55% used [0x00000000fa500000,0x00000000fd0647e8,0x00000000ff300000)
  to   space 80896K, 0% used [0x00000000f5600000,0x00000000f5600000,0x00000000fa500000)
 ParOldGen       total 265216K, used 146377K [0x00000000a0000000, 0x00000000b0300000, 0x00000000e0000000)
  object space 265216K, 55% used [0x00000000a0000000,0x00000000a8ef26e0,0x00000000b0300000)
 Metaspace       used 88702K, capacity 92420K, committed 92692K, reserved 1130496K
  class space    used 11442K, capacity 12222K, committed 12308K, reserved 1048576K
}
Event: 1359.502 GC heap before
{Heap before GC invocations=30 (full 5):
 PSYoungGen      total 430080K, used 394641K [0x00000000e0000000, 0x0000000100000000, 0x0000000100000000)
  eden space 350208K, 100% used [0x00000000e0000000,0x00000000f5600000,0x00000000f5600000)
  from space 79872K, 55% used [0x00000000fa500000,0x00000000fd0647e8,0x00000000ff300000)
  to   space 80896K, 0% used [0x00000000f5600000,0x00000000f5600000,0x00000000fa500000)
 ParOldGen       total 265216K, used 146377K [0x00000000a0000000, 0x00000000b0300000, 0x00000000e0000000)
  object space 265216K, 55% used [0x00000000a0000000,0x00000000a8ef26e0,0x00000000b0300000)
 Metaspace       used 94360K, capacity 98194K, committed 98324K, reserved 1134592K
  class space    used 11991K, capacity 12791K, committed 12820K, reserved 1048576K
Event: 1359.806 GC heap after
Heap after GC invocations=30 (full 5):
 PSYoungGen      total 431104K, used 80893K [0x00000000e0000000, 0x0000000100000000, 0x0000000100000000)
  eden space 350208K, 0% used [0x00000000e0000000,0x00000000e0000000,0x00000000f5600000)
  from space 80896K, 99% used [0x00000000f5600000,0x00000000fa4ff7c0,0x00000000fa500000)
  to   space 93184K, 0% used [0x00000000fa500000,0x00000000fa500000,0x0000000100000000)
 ParOldGen       total 265216K, used 156382K [0x00000000a0000000, 0x00000000b0300000, 0x00000000e0000000)
  object space 265216K, 58% used [0x00000000a0000000,0x00000000a98b79c8,0x00000000b0300000)
 Metaspace       used 94360K, capacity 98194K, committed 98324K, reserved 1134592K
  class space    used 11991K, capacity 12791K, committed 12820K, reserved 1048576K
}

