# JRE version: OpenJDK Runtime Environment (8.0_152-b06) (build 1.8.0_152-release-1136-b06)
# Java VM: OpenJDK 64-Bit Server VM (25.152-b06 mixed mode windows-amd64 compressed oops)
Heap:
 PSYoungGen      total 131072K, used 8105K [0x00000000e0000000, 0x00000000e9800000, 0x0000000100000000)
  eden space 122880K, 0% used [0x00000000e0000000,0x00000000e0000000,0x00000000e7800000)
  from space 8192K, 98% used [0x00000000e7800000,0x00000000e7fea560,0x00000000e8000000)
  to   space 11264K, 0% used [0x00000000e8d00000,0x00000000e8d00000,0x00000000e9800000)
 ParOldGen       total 35840K, used 16986K [0x00000000a0000000, 0x00000000a2300000, 0x00000000e0000000)
  object space 35840K, 47% used [0x00000000a0000000,0x00000000a1096918,0x00000000a2300000)
 Metaspace       used 41913K, capacity 42648K, committed 42880K, reserved 1089536K
  class space    used 5646K, capacity 5913K, committed 6016K, reserved 1048576K
GC Heap History (10 events):
Event: 9.678 GC heap after
Heap after GC invocations=9 (full 1):
 PSYoungGen      total 105984K, used 6045K [0x00000000e0000000, 0x00000000e8800000, 0x0000000100000000)
  eden space 99840K, 0% used [0x00000000e0000000,0x00000000e0000000,0x00000000e6180000)
  from space 6144K, 98% used [0x00000000e8200000,0x00000000e87e77a0,0x00000000e8800000)
  to   space 8192K, 0% used [0x00000000e7800000,0x00000000e7800000,0x00000000e8000000)
 ParOldGen       total 35840K, used 10910K [0x00000000a0000000, 0x00000000a2300000, 0x00000000e0000000)
  object space 35840K, 30% used [0x00000000a0000000,0x00000000a0aa7820,0x00000000a2300000)
 Metaspace       used 25766K, capacity 26188K, committed 26368K, reserved 1071104K
  class space    used 3604K, capacity 3757K, committed 3840K, reserved 1048576K
}
Event: 14.568 GC heap before
{Heap before GC invocations=10 (full 1):
 PSYoungGen      total 105984K, used 105885K [0x00000000e0000000, 0x00000000e8800000, 0x0000000100000000)
  eden space 99840K, 100% used [0x00000000e0000000,0x00000000e6180000,0x00000000e6180000)
  from space 6144K, 98% used [0x00000000e8200000,0x00000000e87e77a0,0x00000000e8800000)
  to   space 8192K, 0% used [0x00000000e7800000,0x00000000e7800000,0x00000000e8000000)
 ParOldGen       total 35840K, used 10910K [0x00000000a0000000, 0x00000000a2300000, 0x00000000e0000000)
  object space 35840K, 30% used [0x00000000a0000000,0x00000000a0aa7820,0x00000000a2300000)
 Metaspace       used 31988K, capacity 32622K, committed 32768K, reserved 1077248K
  class space    used 4519K, capacity 4746K, committed 4864K, reserved 1048576K
Event: 14.634 GC heap after
Heap after GC invocations=10 (full 1):
 PSYoungGen      total 131072K, used 8176K [0x00000000e0000000, 0x00000000e9800000, 0x0000000100000000)
  eden space 122880K, 0% used [0x00000000e0000000,0x00000000e0000000,0x00000000e7800000)
  from space 8192K, 99% used [0x00000000e7800000,0x00000000e7ffc010,0x00000000e8000000)
  to   space 11264K, 0% used [0x00000000e8d00000,0x00000000e8d00000,0x00000000e9800000)
 ParOldGen       total 35840K, used 15476K [0x00000000a0000000, 0x00000000a2300000, 0x00000000e0000000)
  object space 35840K, 43% used [0x00000000a0000000,0x00000000a0f1d380,0x00000000a2300000)
 Metaspace       used 31988K, capacity 32622K, committed 32768K, reserved 1077248K
  class space    used 4519K, capacity 4746K, committed 4864K, reserved 1048576K
}
Event: 16.072 GC heap before
{Heap before GC invocations=11 (full 1):
 PSYoungGen      total 131072K, used 28154K [0x00000000e0000000, 0x00000000e9800000, 0x0000000100000000)
  eden space 122880K, 16% used [0x00000000e0000000,0x00000000e1382a40,0x00000000e7800000)
  from space 8192K, 99% used [0x00000000e7800000,0x00000000e7ffc010,0x00000000e8000000)
  to   space 11264K, 0% used [0x00000000e8d00000,0x00000000e8d00000,0x00000000e9800000)
 ParOldGen       total 35840K, used 15476K [0x00000000a0000000, 0x00000000a2300000, 0x00000000e0000000)
  object space 35840K, 43% used [0x00000000a0000000,0x00000000a0f1d380,0x00000000a2300000)
 Metaspace       used 34489K, capacity 35240K, committed 35416K, reserved 1079296K
  class space    used 4753K, capacity 5022K, committed 5120K, reserved 1048576K
Event: 16.111 GC heap after
Heap after GC invocations=11 (full 1):
 PSYoungGen      total 134144K, used 8197K [0x00000000e0000000, 0x00000000e9800000, 0x0000000100000000)
  eden space 122880K, 0% used [0x00000000e0000000,0x00000000e0000000,0x00000000e7800000)
  from space 11264K, 72% used [0x00000000e8d00000,0x00000000e95016c8,0x00000000e9800000)
  to   space 8192K, 0% used [0x00000000e7800000,0x00000000e7800000,0x00000000e8000000)
 ParOldGen       total 35840K, used 17757K [0x00000000a0000000, 0x00000000a2300000, 0x00000000e0000000)
  object space 35840K, 49% used [0x00000000a0000000,0x00000000a11575b0,0x00000000a2300000)
 Metaspace       used 34489K, capacity 35240K, committed 35416K, reserved 1079296K
  class space    used 4753K, capacity 5022K, committed 5120K, reserved 1048576K
}
Event: 16.111 GC heap before
{Heap before GC invocations=12 (full 2):
 PSYoungGen      total 134144K, used 8197K [0x00000000e0000000, 0x00000000e9800000, 0x0000000100000000)
  eden space 122880K, 0% used [0x00000000e0000000,0x00000000e0000000,0x00000000e7800000)
  from space 11264K, 72% used [0x00000000e8d00000,0x00000000e95016c8,0x00000000e9800000)
  to   space 8192K, 0% used [0x00000000e7800000,0x00000000e7800000,0x00000000e8000000)
 ParOldGen       total 35840K, used 17757K [0x00000000a0000000, 0x00000000a2300000, 0x00000000e0000000)
  object space 35840K, 49% used [0x00000000a0000000,0x00000000a11575b0,0x00000000a2300000)
 Metaspace       used 34489K, capacity 35240K, committed 35416K, reserved 1079296K
  class space    used 4753K, capacity 5022K, committed 5120K, reserved 1048576K
Event: 16.361 GC heap after
Heap after GC invocations=12 (full 2):
 PSYoungGen      total 134144K, used 0K [0x00000000e0000000, 0x00000000e9800000, 0x0000000100000000)
  eden space 122880K, 0% used [0x00000000e0000000,0x00000000e0000000,0x00000000e7800000)
  from space 11264K, 0% used [0x00000000e8d00000,0x00000000e8d00000,0x00000000e9800000)
  to   space 8192K, 0% used [0x00000000e7800000,0x00000000e7800000,0x00000000e8000000)
 ParOldGen       total 35840K, used 16986K [0x00000000a0000000, 0x00000000a2300000, 0x00000000e0000000)
  object space 35840K, 47% used [0x00000000a0000000,0x00000000a1096918,0x00000000a2300000)
 Metaspace       used 34466K, capacity 35152K, committed 35416K, reserved 1079296K
  class space    used 4746K, capacity 5014K, committed 5120K, reserved 1048576K
}
Event: 19.095 GC heap before
{Heap before GC invocations=13 (full 2):
 PSYoungGen      total 134144K, used 74697K [0x00000000e0000000, 0x00000000e9800000, 0x0000000100000000)
  eden space 122880K, 60% used [0x00000000e0000000,0x00000000e48f2498,0x00000000e7800000)
  from space 11264K, 0% used [0x00000000e8d00000,0x00000000e8d00000,0x00000000e9800000)
  to   space 8192K, 0% used [0x00000000e7800000,0x00000000e7800000,0x00000000e8000000)
 ParOldGen       total 35840K, used 16986K [0x00000000a0000000, 0x00000000a2300000, 0x00000000e0000000)
  object space 35840K, 47% used [0x00000000a0000000,0x00000000a1096918,0x00000000a2300000)
 Metaspace       used 41913K, capacity 42648K, committed 42880K, reserved 1089536K
  class space    used 5646K, capacity 5913K, committed 6016K, reserved 1048576K
Event: 19.127 GC heap after
Heap after GC invocations=13 (full 2):
 PSYoungGen      total 131072K, used 8105K [0x00000000e0000000, 0x00000000e9800000, 0x0000000100000000)
  eden space 122880K, 0% used [0x00000000e0000000,0x00000000e0000000,0x00000000e7800000)
  from space 8192K, 98% used [0x00000000e7800000,0x00000000e7fea560,0x00000000e8000000)
  to   space 11264K, 0% used [0x00000000e8d00000,0x00000000e8d00000,0x00000000e9800000)
 ParOldGen       total 35840K, used 16986K [0x00000000a0000000, 0x00000000a2300000, 0x00000000e0000000)
  object space 35840K, 47% used [0x00000000a0000000,0x00000000a1096918,0x00000000a2300000)
 Metaspace       used 41913K, capacity 42648K, committed 42880K, reserved 1089536K
  class space    used 5646K, capacity 5913K, committed 6016K, reserved 1048576K
}
Event: 19.127 GC heap before
{Heap before GC invocations=14 (full 3):
 PSYoungGen      total 131072K, used 8105K [0x00000000e0000000, 0x00000000e9800000, 0x0000000100000000)
  eden space 122880K, 0% used [0x00000000e0000000,0x00000000e0000000,0x00000000e7800000)
  from space 8192K, 98% used [0x00000000e7800000,0x00000000e7fea560,0x00000000e8000000)
  to   space 11264K, 0% used [0x00000000e8d00000,0x00000000e8d00000,0x00000000e9800000)
 ParOldGen       total 35840K, used 16986K [0x00000000a0000000, 0x00000000a2300000, 0x00000000e0000000)
  object space 35840K, 47% used [0x00000000a0000000,0x00000000a1096918,0x00000000a2300000)
 Metaspace       used 41913K, capacity 42648K, committed 42880K, reserved 1089536K
  class space    used 5646K, capacity 5913K, committed 6016K, reserved 1048576K

