# JRE version: OpenJDK Runtime Environment (8.0_152-b06) (build 1.8.0_152-release-1136-b06)
# Java VM: OpenJDK 64-Bit Server VM (25.152-b06 mixed mode windows-amd64 compressed oops)
Heap:
 PSYoungGen      total 347648K, used 44480K [0x00000000e0000000, 0x00000000f9c00000, 0x0000000100000000)
  eden space 289280K, 15% used [0x00000000e0000000,0x00000000e2b700d0,0x00000000f1a80000)
  from space 58368K, 0% used [0x00000000f5a00000,0x00000000f5a00000,0x00000000f9300000)
  to   space 65024K, 0% used [0x00000000f1a80000,0x00000000f1a80000,0x00000000f5a00000)
 ParOldGen       total 235008K, used 174046K [0x00000000a0000000, 0x00000000ae580000, 0x00000000e0000000)
  object space 235008K, 74% used [0x00000000a0000000,0x00000000aa9f7a88,0x00000000ae580000)
 Metaspace       used 100721K, capacity 104222K, committed 104576K, reserved 1140736K
  class space    used 12375K, capacity 13068K, committed 13184K, reserved 1048576K
GC Heap History (10 events):
Event: 2782.982 GC heap before
{Heap before GC invocations=44 (full 7):
 PSYoungGen      total 347648K, used 301365K [0x00000000e0000000, 0x00000000f9c00000, 0x0000000100000000)
  eden space 289280K, 100% used [0x00000000e0000000,0x00000000f1a80000,0x00000000f1a80000)
  from space 58368K, 20% used [0x00000000f5a00000,0x00000000f65cd5c0,0x00000000f9300000)
  to   space 65024K, 0% used [0x00000000f1a80000,0x00000000f1a80000,0x00000000f5a00000)
 ParOldGen       total 215552K, used 162354K [0x00000000a0000000, 0x00000000ad280000, 0x00000000e0000000)
  object space 215552K, 75% used [0x00000000a0000000,0x00000000a9e8cb00,0x00000000ad280000)
 Metaspace       used 100119K, capacity 103678K, committed 103808K, reserved 1140736K
  class space    used 12361K, capacity 13102K, committed 13184K, reserved 1048576K
Event: 2783.341 GC heap after
Heap after GC invocations=44 (full 7):
 PSYoungGen      total 354304K, used 65008K [0x00000000e0000000, 0x00000000f9c00000, 0x0000000100000000)
  eden space 289280K, 0% used [0x00000000e0000000,0x00000000e0000000,0x00000000f1a80000)
  from space 65024K, 99% used [0x00000000f1a80000,0x00000000f59fc250,0x00000000f5a00000)
  to   space 58368K, 0% used [0x00000000f5a00000,0x00000000f5a00000,0x00000000f9300000)
 ParOldGen       total 217088K, used 216097K [0x00000000a0000000, 0x00000000ad400000, 0x00000000e0000000)
  object space 217088K, 99% used [0x00000000a0000000,0x00000000ad3087a8,0x00000000ad400000)
 Metaspace       used 100119K, capacity 103678K, committed 103808K, reserved 1140736K
  class space    used 12361K, capacity 13102K, committed 13184K, reserved 1048576K
}
Event: 2783.341 GC heap before
{Heap before GC invocations=45 (full 8):
 PSYoungGen      total 354304K, used 65008K [0x00000000e0000000, 0x00000000f9c00000, 0x0000000100000000)
  eden space 289280K, 0% used [0x00000000e0000000,0x00000000e0000000,0x00000000f1a80000)
  from space 65024K, 99% used [0x00000000f1a80000,0x00000000f59fc250,0x00000000f5a00000)
  to   space 58368K, 0% used [0x00000000f5a00000,0x00000000f5a00000,0x00000000f9300000)
 ParOldGen       total 217088K, used 216097K [0x00000000a0000000, 0x00000000ad400000, 0x00000000e0000000)
  object space 217088K, 99% used [0x00000000a0000000,0x00000000ad3087a8,0x00000000ad400000)
 Metaspace       used 100119K, capacity 103678K, committed 103808K, reserved 1140736K
  class space    used 12361K, capacity 13102K, committed 13184K, reserved 1048576K
Event: 2785.432 GC heap after
Heap after GC invocations=45 (full 8):
 PSYoungGen      total 354304K, used 0K [0x00000000e0000000, 0x00000000f9c00000, 0x0000000100000000)
  eden space 289280K, 0% used [0x00000000e0000000,0x00000000e0000000,0x00000000f1a80000)
  from space 65024K, 0% used [0x00000000f1a80000,0x00000000f1a80000,0x00000000f5a00000)
  to   space 58368K, 0% used [0x00000000f5a00000,0x00000000f5a00000,0x00000000f9300000)
 ParOldGen       total 217088K, used 157722K [0x00000000a0000000, 0x00000000ad400000, 0x00000000e0000000)
  object space 217088K, 72% used [0x00000000a0000000,0x00000000a9a06808,0x00000000ad400000)
 Metaspace       used 97248K, capacity 100564K, committed 103808K, reserved 1140736K
  class space    used 12060K, capacity 12727K, committed 13184K, reserved 1048576K
}
Event: 2909.160 GC heap before
{Heap before GC invocations=46 (full 8):
 PSYoungGen      total 354304K, used 289280K [0x00000000e0000000, 0x00000000f9c00000, 0x0000000100000000)
  eden space 289280K, 100% used [0x00000000e0000000,0x00000000f1a80000,0x00000000f1a80000)
  from space 65024K, 0% used [0x00000000f1a80000,0x00000000f1a80000,0x00000000f5a00000)
  to   space 58368K, 0% used [0x00000000f5a00000,0x00000000f5a00000,0x00000000f9300000)
 ParOldGen       total 217088K, used 157722K [0x00000000a0000000, 0x00000000ad400000, 0x00000000e0000000)
  object space 217088K, 72% used [0x00000000a0000000,0x00000000a9a06808,0x00000000ad400000)
 Metaspace       used 97999K, capacity 101378K, committed 103808K, reserved 1140736K
  class space    used 12114K, capacity 12790K, committed 13184K, reserved 1048576K
Event: 2909.297 GC heap after
Heap after GC invocations=46 (full 8):
 PSYoungGen      total 347648K, used 45964K [0x00000000e0000000, 0x00000000f9c00000, 0x0000000100000000)
  eden space 289280K, 0% used [0x00000000e0000000,0x00000000e0000000,0x00000000f1a80000)
  from space 58368K, 78% used [0x00000000f5a00000,0x00000000f86e3198,0x00000000f9300000)
  to   space 65024K, 0% used [0x00000000f1a80000,0x00000000f1a80000,0x00000000f5a00000)
 ParOldGen       total 217088K, used 157730K [0x00000000a0000000, 0x00000000ad400000, 0x00000000e0000000)
  object space 217088K, 72% used [0x00000000a0000000,0x00000000a9a08808,0x00000000ad400000)
 Metaspace       used 97999K, capacity 101378K, committed 103808K, reserved 1140736K
  class space    used 12114K, capacity 12790K, committed 13184K, reserved 1048576K
}
Event: 2912.459 GC heap before
{Heap before GC invocations=47 (full 8):
 PSYoungGen      total 347648K, used 335244K [0x00000000e0000000, 0x00000000f9c00000, 0x0000000100000000)
  eden space 289280K, 100% used [0x00000000e0000000,0x00000000f1a80000,0x00000000f1a80000)
  from space 58368K, 78% used [0x00000000f5a00000,0x00000000f86e3198,0x00000000f9300000)
  to   space 65024K, 0% used [0x00000000f1a80000,0x00000000f1a80000,0x00000000f5a00000)
 ParOldGen       total 217088K, used 157730K [0x00000000a0000000, 0x00000000ad400000, 0x00000000e0000000)
  object space 217088K, 72% used [0x00000000a0000000,0x00000000a9a08808,0x00000000ad400000)
 Metaspace       used 100686K, capacity 104222K, committed 104576K, reserved 1140736K
  class space    used 12374K, capacity 13068K, committed 13184K, reserved 1048576K
Event: 2913.227 GC heap after
Heap after GC invocations=47 (full 8):
 PSYoungGen      total 347648K, used 335244K [0x00000000e0000000, 0x00000000f9c00000, 0x0000000100000000)
  eden space 289280K, 100% used [0x00000000e0000000,0x00000000f1a80000,0x00000000f1a80000)
  from space 58368K, 78% used [0x00000000f5a00000,0x00000000f86e3198,0x00000000f9300000)
  to   space 65024K, 99% used [0x00000000f1a80000,0x00000000f59ff320,0x00000000f5a00000)
 ParOldGen       total 235008K, used 235006K [0x00000000a0000000, 0x00000000ae580000, 0x00000000e0000000)
  object space 235008K, 99% used [0x00000000a0000000,0x00000000ae57f8f0,0x00000000ae580000)
 Metaspace       used 100686K, capacity 104222K, committed 104576K, reserved 1140736K
  class space    used 12374K, capacity 13068K, committed 13184K, reserved 1048576K
}
Event: 2913.227 GC heap before
{Heap before GC invocations=48 (full 9):
 PSYoungGen      total 347648K, used 335244K [0x00000000e0000000, 0x00000000f9c00000, 0x0000000100000000)
  eden space 289280K, 100% used [0x00000000e0000000,0x00000000f1a80000,0x00000000f1a80000)
  from space 58368K, 78% used [0x00000000f5a00000,0x00000000f86e3198,0x00000000f9300000)
  to   space 65024K, 99% used [0x00000000f1a80000,0x00000000f59ff320,0x00000000f5a00000)
 ParOldGen       total 235008K, used 235006K [0x00000000a0000000, 0x00000000ae580000, 0x00000000e0000000)
  object space 235008K, 99% used [0x00000000a0000000,0x00000000ae57f8f0,0x00000000ae580000)
 Metaspace       used 100686K, capacity 104222K, committed 104576K, reserved 1140736K
  class space    used 12374K, capacity 13068K, committed 13184K, reserved 1048576K
Event: 2914.966 GC heap after
Heap after GC invocations=48 (full 9):
 PSYoungGen      total 347648K, used 0K [0x00000000e0000000, 0x00000000f9c00000, 0x0000000100000000)
  eden space 289280K, 0% used [0x00000000e0000000,0x00000000e0000000,0x00000000f1a80000)
  from space 58368K, 0% used [0x00000000f5a00000,0x00000000f5a00000,0x00000000f9300000)
  to   space 65024K, 0% used [0x00000000f1a80000,0x00000000f1a80000,0x00000000f5a00000)
 ParOldGen       total 235008K, used 174046K [0x00000000a0000000, 0x00000000ae580000, 0x00000000e0000000)
  object space 235008K, 74% used [0x00000000a0000000,0x00000000aa9f7a88,0x00000000ae580000)
 Metaspace       used 100686K, capacity 104222K, committed 104576K, reserved 1140736K
  class space    used 12374K, capacity 13068K, committed 13184K, reserved 1048576K
}

