# JRE version: OpenJDK Runtime Environment (8.0_152-b06) (build 1.8.0_152-release-1136-b06)
# Java VM: OpenJDK 64-Bit Server VM (25.152-b06 mixed mode windows-amd64 compressed oops)
Heap:
 PSYoungGen      total 283648K, used 139284K [0x00000000e0000000, 0x00000000f7380000, 0x0000000100000000)
  eden space 220160K, 55% used [0x00000000e0000000,0x00000000e76a70e8,0x00000000ed700000)
  from space 63488K, 28% used [0x00000000ed700000,0x00000000ee85e068,0x00000000f1500000)
  to   space 59904K, 0% used [0x00000000f3900000,0x00000000f3900000,0x00000000f7380000)
 ParOldGen       total 242688K, used 180054K [0x00000000a0000000, 0x00000000aed00000, 0x00000000e0000000)
  object space 242688K, 74% used [0x00000000a0000000,0x00000000aafd5a68,0x00000000aed00000)
 Metaspace       used 82788K, capacity 85576K, committed 85760K, reserved 1124352K
  class space    used 10819K, capacity 11441K, committed 11520K, reserved 1048576K
GC Heap History (10 events):
Event: 52.722 GC heap before
{Heap before GC invocations=17 (full 3):
 PSYoungGen      total 165376K, used 146944K [0x00000000e0000000, 0x00000000ed600000, 0x0000000100000000)
  eden space 146944K, 100% used [0x00000000e0000000,0x00000000e8f80000,0x00000000e8f80000)
  from space 18432K, 0% used [0x00000000e8f80000,0x00000000e8f80000,0x00000000ea180000)
  to   space 18944K, 0% used [0x00000000ec380000,0x00000000ec380000,0x00000000ed600000)
 ParOldGen       total 101376K, used 38108K [0x00000000a0000000, 0x00000000a6300000, 0x00000000e0000000)
  object space 101376K, 37% used [0x00000000a0000000,0x00000000a2537018,0x00000000a6300000)
 Metaspace       used 64675K, capacity 66462K, committed 66560K, reserved 1105920K
  class space    used 8703K, capacity 9138K, committed 9216K, reserved 1048576K
Event: 52.837 GC heap after
Heap after GC invocations=17 (full 3):
 PSYoungGen      total 194560K, used 18921K [0x00000000e0000000, 0x00000000edc80000, 0x0000000100000000)
  eden space 175616K, 0% used [0x00000000e0000000,0x00000000e0000000,0x00000000eab80000)
  from space 18944K, 99% used [0x00000000ec380000,0x00000000ed5fa4b0,0x00000000ed600000)
  to   space 24576K, 0% used [0x00000000eab80000,0x00000000eab80000,0x00000000ec380000)
 ParOldGen       total 101376K, used 46686K [0x00000000a0000000, 0x00000000a6300000, 0x00000000e0000000)
  object space 101376K, 46% used [0x00000000a0000000,0x00000000a2d97980,0x00000000a6300000)
 Metaspace       used 64675K, capacity 66462K, committed 66560K, reserved 1105920K
  class space    used 8703K, capacity 9138K, committed 9216K, reserved 1048576K
}
Event: 58.069 GC heap before
{Heap before GC invocations=18 (full 3):
 PSYoungGen      total 194560K, used 194537K [0x00000000e0000000, 0x00000000edc80000, 0x0000000100000000)
  eden space 175616K, 100% used [0x00000000e0000000,0x00000000eab80000,0x00000000eab80000)
  from space 18944K, 99% used [0x00000000ec380000,0x00000000ed5fa4b0,0x00000000ed600000)
  to   space 24576K, 0% used [0x00000000eab80000,0x00000000eab80000,0x00000000ec380000)
 ParOldGen       total 101376K, used 46686K [0x00000000a0000000, 0x00000000a6300000, 0x00000000e0000000)
  object space 101376K, 46% used [0x00000000a0000000,0x00000000a2d97980,0x00000000a6300000)
 Metaspace       used 69185K, capacity 71048K, committed 71168K, reserved 1110016K
  class space    used 9178K, capacity 9649K, committed 9728K, reserved 1048576K
Event: 58.363 GC heap after
Heap after GC invocations=18 (full 3):
 PSYoungGen      total 200192K, used 24551K [0x00000000e0000000, 0x00000000f4f00000, 0x0000000100000000)
  eden space 175616K, 0% used [0x00000000e0000000,0x00000000e0000000,0x00000000eab80000)
  from space 24576K, 99% used [0x00000000eab80000,0x00000000ec379e28,0x00000000ec380000)
  to   space 59392K, 0% used [0x00000000f1500000,0x00000000f1500000,0x00000000f4f00000)
 ParOldGen       total 129536K, used 129499K [0x00000000a0000000, 0x00000000a7e80000, 0x00000000e0000000)
  object space 129536K, 99% used [0x00000000a0000000,0x00000000a7e76ed0,0x00000000a7e80000)
 Metaspace       used 69185K, capacity 71048K, committed 71168K, reserved 1110016K
  class space    used 9178K, capacity 9649K, committed 9728K, reserved 1048576K
}
Event: 58.363 GC heap before
{Heap before GC invocations=19 (full 4):
 PSYoungGen      total 200192K, used 24551K [0x00000000e0000000, 0x00000000f4f00000, 0x0000000100000000)
  eden space 175616K, 0% used [0x00000000e0000000,0x00000000e0000000,0x00000000eab80000)
  from space 24576K, 99% used [0x00000000eab80000,0x00000000ec379e28,0x00000000ec380000)
  to   space 59392K, 0% used [0x00000000f1500000,0x00000000f1500000,0x00000000f4f00000)
 ParOldGen       total 129536K, used 129499K [0x00000000a0000000, 0x00000000a7e80000, 0x00000000e0000000)
  object space 129536K, 99% used [0x00000000a0000000,0x00000000a7e76ed0,0x00000000a7e80000)
 Metaspace       used 69185K, capacity 71048K, committed 71168K, reserved 1110016K
  class space    used 9178K, capacity 9649K, committed 9728K, reserved 1048576K
Event: 59.985 GC heap after
Heap after GC invocations=19 (full 4):
 PSYoungGen      total 200192K, used 16157K [0x00000000e0000000, 0x00000000f4f00000, 0x0000000100000000)
  eden space 175616K, 0% used [0x00000000e0000000,0x00000000e0000000,0x00000000eab80000)
  from space 24576K, 65% used [0x00000000eab80000,0x00000000ebb47640,0x00000000ec380000)
  to   space 59392K, 0% used [0x00000000f1500000,0x00000000f1500000,0x00000000f4f00000)
 ParOldGen       total 242688K, used 129458K [0x00000000a0000000, 0x00000000aed00000, 0x00000000e0000000)
  object space 242688K, 53% used [0x00000000a0000000,0x00000000a7e6ca18,0x00000000aed00000)
 Metaspace       used 69185K, capacity 71048K, committed 71168K, reserved 1110016K
  class space    used 9178K, capacity 9649K, committed 9728K, reserved 1048576K
}
Event: 62.194 GC heap before
{Heap before GC invocations=20 (full 4):
 PSYoungGen      total 200192K, used 191773K [0x00000000e0000000, 0x00000000f4f00000, 0x0000000100000000)
  eden space 175616K, 100% used [0x00000000e0000000,0x00000000eab80000,0x00000000eab80000)
  from space 24576K, 65% used [0x00000000eab80000,0x00000000ebb47640,0x00000000ec380000)
  to   space 59392K, 0% used [0x00000000f1500000,0x00000000f1500000,0x00000000f4f00000)
 ParOldGen       total 242688K, used 129458K [0x00000000a0000000, 0x00000000aed00000, 0x00000000e0000000)
  object space 242688K, 53% used [0x00000000a0000000,0x00000000a7e6ca18,0x00000000aed00000)
 Metaspace       used 69839K, capacity 71688K, committed 71936K, reserved 1112064K
  class space    used 9240K, capacity 9713K, committed 9728K, reserved 1048576K
Event: 62.594 GC heap after
Heap after GC invocations=20 (full 4):
 PSYoungGen      total 279552K, used 41736K [0x00000000e0000000, 0x00000000f5d80000, 0x0000000100000000)
  eden space 220160K, 0% used [0x00000000e0000000,0x00000000e0000000,0x00000000ed700000)
  from space 59392K, 70% used [0x00000000f1500000,0x00000000f3dc20c8,0x00000000f4f00000)
  to   space 63488K, 0% used [0x00000000ed700000,0x00000000ed700000,0x00000000f1500000)
 ParOldGen       total 242688K, used 144342K [0x00000000a0000000, 0x00000000aed00000, 0x00000000e0000000)
  object space 242688K, 59% used [0x00000000a0000000,0x00000000a8cf58e0,0x00000000aed00000)
 Metaspace       used 69839K, capacity 71688K, committed 71936K, reserved 1112064K
  class space    used 9240K, capacity 9713K, committed 9728K, reserved 1048576K
}
Event: 98.529 GC heap before
{Heap before GC invocations=21 (full 4):
 PSYoungGen      total 279552K, used 261281K [0x00000000e0000000, 0x00000000f5d80000, 0x0000000100000000)
  eden space 220160K, 99% used [0x00000000e0000000,0x00000000ed6665a0,0x00000000ed700000)
  from space 59392K, 70% used [0x00000000f1500000,0x00000000f3dc20c8,0x00000000f4f00000)
  to   space 63488K, 0% used [0x00000000ed700000,0x00000000ed700000,0x00000000f1500000)
 ParOldGen       total 242688K, used 144342K [0x00000000a0000000, 0x00000000aed00000, 0x00000000e0000000)
  object space 242688K, 59% used [0x00000000a0000000,0x00000000a8cf58e0,0x00000000aed00000)
 Metaspace       used 82189K, capacity 85002K, committed 85120K, reserved 1122304K
  class space    used 10774K, capacity 11392K, committed 11392K, reserved 1048576K
Event: 98.680 GC heap after
Heap after GC invocations=21 (full 4):
 PSYoungGen      total 283648K, used 17784K [0x00000000e0000000, 0x00000000f7380000, 0x0000000100000000)
  eden space 220160K, 0% used [0x00000000e0000000,0x00000000e0000000,0x00000000ed700000)
  from space 63488K, 28% used [0x00000000ed700000,0x00000000ee85e068,0x00000000f1500000)
  to   space 59904K, 0% used [0x00000000f3900000,0x00000000f3900000,0x00000000f7380000)
 ParOldGen       total 242688K, used 180054K [0x00000000a0000000, 0x00000000aed00000, 0x00000000e0000000)
  object space 242688K, 74% used [0x00000000a0000000,0x00000000aafd5a68,0x00000000aed00000)
 Metaspace       used 82189K, capacity 85002K, committed 85120K, reserved 1122304K
  class space    used 10774K, capacity 11392K, committed 11392K, reserved 1048576K
}

