# JRE version: OpenJDK Runtime Environment (8.0_152-b06) (build 1.8.0_152-release-1136-b06)
# Java VM: OpenJDK 64-Bit Server VM (25.152-b06 mixed mode windows-amd64 compressed oops)
Heap:
 PSYoungGen      total 131584K, used 106613K [0x00000000e0000000, 0x00000000eb880000, 0x0000000100000000)
  eden space 122880K, 86% used [0x00000000e0000000,0x00000000e681d730,0x00000000e7800000)
  from space 8704K, 0% used [0x00000000e7800000,0x00000000e7800000,0x00000000e8080000)
  to   space 11776K, 0% used [0x00000000ead00000,0x00000000ead00000,0x00000000eb880000)
 ParOldGen       total 53760K, used 19225K [0x00000000a0000000, 0x00000000a3480000, 0x00000000e0000000)
  object space 53760K, 35% used [0x00000000a0000000,0x00000000a12c6448,0x00000000a3480000)
 Metaspace       used 41666K, capacity 42488K, committed 42880K, reserved 1085440K
  class space    used 5607K, capacity 5896K, committed 6016K, reserved 1048576K
GC Heap History (10 events):
Event: 8.385 GC heap before
{Heap before GC invocations=7 (full 0):
 PSYoungGen      total 68608K, used 28479K [0x00000000e0000000, 0x00000000e4c00000, 0x0000000100000000)
  eden space 62464K, 35% used [0x00000000e0000000,0x00000000e15d0b68,0x00000000e3d00000)
  from space 6144K, 99% used [0x00000000e4400000,0x00000000e49ff1f0,0x00000000e4a00000)
  to   space 7168K, 0% used [0x00000000e3d00000,0x00000000e3d00000,0x00000000e4400000)
 ParOldGen       total 42496K, used 6303K [0x00000000a0000000, 0x00000000a2980000, 0x00000000e0000000)
  object space 42496K, 14% used [0x00000000a0000000,0x00000000a0627ca8,0x00000000a2980000)
 Metaspace       used 20876K, capacity 21244K, committed 21248K, reserved 1067008K
  class space    used 2926K, capacity 3072K, committed 3072K, reserved 1048576K
Event: 8.409 GC heap after
Heap after GC invocations=7 (full 0):
 PSYoungGen      total 69632K, used 6368K [0x00000000e0000000, 0x00000000e8a00000, 0x0000000100000000)
  eden space 62464K, 0% used [0x00000000e0000000,0x00000000e0000000,0x00000000e3d00000)
  from space 7168K, 88% used [0x00000000e3d00000,0x00000000e43383c8,0x00000000e4400000)
  to   space 8192K, 0% used [0x00000000e8200000,0x00000000e8200000,0x00000000e8a00000)
 ParOldGen       total 42496K, used 7059K [0x00000000a0000000, 0x00000000a2980000, 0x00000000e0000000)
  object space 42496K, 16% used [0x00000000a0000000,0x00000000a06e4cf8,0x00000000a2980000)
 Metaspace       used 20876K, capacity 21244K, committed 21248K, reserved 1067008K
  class space    used 2926K, capacity 3072K, committed 3072K, reserved 1048576K
}
Event: 8.409 GC heap before
{Heap before GC invocations=8 (full 1):
 PSYoungGen      total 69632K, used 6368K [0x00000000e0000000, 0x00000000e8a00000, 0x0000000100000000)
  eden space 62464K, 0% used [0x00000000e0000000,0x00000000e0000000,0x00000000e3d00000)
  from space 7168K, 88% used [0x00000000e3d00000,0x00000000e43383c8,0x00000000e4400000)
  to   space 8192K, 0% used [0x00000000e8200000,0x00000000e8200000,0x00000000e8a00000)
 ParOldGen       total 42496K, used 7059K [0x00000000a0000000, 0x00000000a2980000, 0x00000000e0000000)
  object space 42496K, 16% used [0x00000000a0000000,0x00000000a06e4cf8,0x00000000a2980000)
 Metaspace       used 20876K, capacity 21244K, committed 21248K, reserved 1067008K
  class space    used 2926K, capacity 3072K, committed 3072K, reserved 1048576K
Event: 8.536 GC heap after
Heap after GC invocations=8 (full 1):
 PSYoungGen      total 69632K, used 0K [0x00000000e0000000, 0x00000000e8a00000, 0x0000000100000000)
  eden space 62464K, 0% used [0x00000000e0000000,0x00000000e0000000,0x00000000e3d00000)
  from space 7168K, 0% used [0x00000000e3d00000,0x00000000e3d00000,0x00000000e4400000)
  to   space 8192K, 0% used [0x00000000e8200000,0x00000000e8200000,0x00000000e8a00000)
 ParOldGen       total 37888K, used 10950K [0x00000000a0000000, 0x00000000a2500000, 0x00000000e0000000)
  object space 37888K, 28% used [0x00000000a0000000,0x00000000a0ab1bc8,0x00000000a2500000)
 Metaspace       used 20876K, capacity 21244K, committed 21248K, reserved 1067008K
  class space    used 2926K, capacity 3072K, committed 3072K, reserved 1048576K
}
Event: 11.889 GC heap before
{Heap before GC invocations=9 (full 1):
 PSYoungGen      total 69632K, used 62464K [0x00000000e0000000, 0x00000000e8a00000, 0x0000000100000000)
  eden space 62464K, 100% used [0x00000000e0000000,0x00000000e3d00000,0x00000000e3d00000)
  from space 7168K, 0% used [0x00000000e3d00000,0x00000000e3d00000,0x00000000e4400000)
  to   space 8192K, 0% used [0x00000000e8200000,0x00000000e8200000,0x00000000e8a00000)
 ParOldGen       total 37888K, used 10950K [0x00000000a0000000, 0x00000000a2500000, 0x00000000e0000000)
  object space 37888K, 28% used [0x00000000a0000000,0x00000000a0ab1bc8,0x00000000a2500000)
 Metaspace       used 26559K, capacity 26966K, committed 27136K, reserved 1073152K
  class space    used 3637K, capacity 3797K, committed 3840K, reserved 1048576K
Event: 12.741 GC heap after
Heap after GC invocations=9 (full 1):
 PSYoungGen      total 120320K, used 6761K [0x00000000e0000000, 0x00000000e8900000, 0x0000000100000000)
  eden space 113152K, 0% used [0x00000000e0000000,0x00000000e0000000,0x00000000e6e80000)
  from space 7168K, 94% used [0x00000000e8200000,0x00000000e889a768,0x00000000e8900000)
  to   space 8704K, 0% used [0x00000000e7800000,0x00000000e7800000,0x00000000e8080000)
 ParOldGen       total 37888K, used 10958K [0x00000000a0000000, 0x00000000a2500000, 0x00000000e0000000)
  object space 37888K, 28% used [0x00000000a0000000,0x00000000a0ab3bc8,0x00000000a2500000)
 Metaspace       used 26559K, capacity 26966K, committed 27136K, reserved 1073152K
  class space    used 3637K, capacity 3797K, committed 3840K, reserved 1048576K
}
Event: 18.737 GC heap before
{Heap before GC invocations=10 (full 1):
 PSYoungGen      total 120320K, used 109491K [0x00000000e0000000, 0x00000000e8900000, 0x0000000100000000)
  eden space 113152K, 90% used [0x00000000e0000000,0x00000000e6452788,0x00000000e6e80000)
  from space 7168K, 94% used [0x00000000e8200000,0x00000000e889a768,0x00000000e8900000)
  to   space 8704K, 0% used [0x00000000e7800000,0x00000000e7800000,0x00000000e8080000)
 ParOldGen       total 37888K, used 10958K [0x00000000a0000000, 0x00000000a2500000, 0x00000000e0000000)
  object space 37888K, 28% used [0x00000000a0000000,0x00000000a0ab3bc8,0x00000000a2500000)
 Metaspace       used 34670K, capacity 35316K, committed 35416K, reserved 1079296K
  class space    used 4803K, capacity 5048K, committed 5120K, reserved 1048576K
Event: 18.784 GC heap after
Heap after GC invocations=10 (full 1):
 PSYoungGen      total 131584K, used 8690K [0x00000000e0000000, 0x00000000eb880000, 0x0000000100000000)
  eden space 122880K, 0% used [0x00000000e0000000,0x00000000e0000000,0x00000000e7800000)
  from space 8704K, 99% used [0x00000000e7800000,0x00000000e807c908,0x00000000e8080000)
  to   space 11776K, 0% used [0x00000000ead00000,0x00000000ead00000,0x00000000eb880000)
 ParOldGen       total 37888K, used 15237K [0x00000000a0000000, 0x00000000a2500000, 0x00000000e0000000)
  object space 37888K, 40% used [0x00000000a0000000,0x00000000a0ee1500,0x00000000a2500000)
 Metaspace       used 34670K, capacity 35316K, committed 35416K, reserved 1079296K
  class space    used 4803K, capacity 5048K, committed 5120K, reserved 1048576K
}
Event: 18.784 GC heap before
{Heap before GC invocations=11 (full 2):
 PSYoungGen      total 131584K, used 8690K [0x00000000e0000000, 0x00000000eb880000, 0x0000000100000000)
  eden space 122880K, 0% used [0x00000000e0000000,0x00000000e0000000,0x00000000e7800000)
  from space 8704K, 99% used [0x00000000e7800000,0x00000000e807c908,0x00000000e8080000)
  to   space 11776K, 0% used [0x00000000ead00000,0x00000000ead00000,0x00000000eb880000)
 ParOldGen       total 37888K, used 15237K [0x00000000a0000000, 0x00000000a2500000, 0x00000000e0000000)
  object space 37888K, 40% used [0x00000000a0000000,0x00000000a0ee1500,0x00000000a2500000)
 Metaspace       used 34670K, capacity 35316K, committed 35416K, reserved 1079296K
  class space    used 4803K, capacity 5048K, committed 5120K, reserved 1048576K
Event: 19.003 GC heap after
Heap after GC invocations=11 (full 2):
 PSYoungGen      total 131584K, used 0K [0x00000000e0000000, 0x00000000eb880000, 0x0000000100000000)
  eden space 122880K, 0% used [0x00000000e0000000,0x00000000e0000000,0x00000000e7800000)
  from space 8704K, 0% used [0x00000000e7800000,0x00000000e7800000,0x00000000e8080000)
  to   space 11776K, 0% used [0x00000000ead00000,0x00000000ead00000,0x00000000eb880000)
 ParOldGen       total 53760K, used 19225K [0x00000000a0000000, 0x00000000a3480000, 0x00000000e0000000)
  object space 53760K, 35% used [0x00000000a0000000,0x00000000a12c6448,0x00000000a3480000)
 Metaspace       used 34670K, capacity 35316K, committed 35416K, reserved 1079296K
  class space    used 4803K, capacity 5048K, committed 5120K, reserved 1048576K
}

