# JRE version: OpenJDK Runtime Environment (8.0_152-b06) (build 1.8.0_152-release-1136-b06)
# Java VM: OpenJDK 64-Bit Server VM (25.152-b06 mixed mode windows-amd64 compressed oops)
Heap:
 PSYoungGen      total 440320K, used 98566K [0x00000000e0000000, 0x0000000100000000, 0x0000000100000000)
  eden space 372736K, 26% used [0x00000000e0000000,0x00000000e6041a08,0x00000000f6c00000)
  from space 67584K, 0% used [0x00000000fbe00000,0x00000000fbe00000,0x0000000100000000)
  to   space 75776K, 0% used [0x00000000f6c00000,0x00000000f6c00000,0x00000000fb600000)
 ParOldGen       total 223744K, used 89817K [0x00000000a0000000, 0x00000000ada80000, 0x00000000e0000000)
  object space 223744K, 40% used [0x00000000a0000000,0x00000000a57b6580,0x00000000ada80000)
 Metaspace       used 109112K, capacity 112930K, committed 113280K, reserved 1148928K
  class space    used 13256K, capacity 14083K, committed 14208K, reserved 1048576K
GC Heap History (10 events):
Event: 2639.467 GC heap before
{Heap before GC invocations=32 (full 5):
 PSYoungGen      total 447488K, used 394290K [0x00000000e0000000, 0x00000000ff980000, 0x0000000100000000)
  eden space 387584K, 100% used [0x00000000e0000000,0x00000000f7a80000,0x00000000f7a80000)
  from space 59904K, 11% used [0x00000000fbf00000,0x00000000fc58cb58,0x00000000ff980000)
  to   space 65024K, 0% used [0x00000000f7a80000,0x00000000f7a80000,0x00000000fba00000)
 ParOldGen       total 183296K, used 64865K [0x00000000a0000000, 0x00000000ab300000, 0x00000000e0000000)
  object space 183296K, 35% used [0x00000000a0000000,0x00000000a3f584e0,0x00000000ab300000)
 Metaspace       used 102453K, capacity 106220K, committed 106496K, reserved 1142784K
  class space    used 12630K, capacity 13414K, committed 13568K, reserved 1048576K
Event: 2639.502 GC heap after
Heap after GC invocations=32 (full 5):
 PSYoungGen      total 452608K, used 8050K [0x00000000e0000000, 0x0000000100000000, 0x0000000100000000)
  eden space 387584K, 0% used [0x00000000e0000000,0x00000000e0000000,0x00000000f7a80000)
  from space 65024K, 12% used [0x00000000f7a80000,0x00000000f825cbf8,0x00000000fba00000)
  to   space 62976K, 0% used [0x00000000fc280000,0x00000000fc280000,0x0000000100000000)
 ParOldGen       total 183296K, used 65912K [0x00000000a0000000, 0x00000000ab300000, 0x00000000e0000000)
  object space 183296K, 35% used [0x00000000a0000000,0x00000000a405e2b0,0x00000000ab300000)
 Metaspace       used 102453K, capacity 106220K, committed 106496K, reserved 1142784K
  class space    used 12630K, capacity 13414K, committed 13568K, reserved 1048576K
}
Event: 2786.376 GC heap before
{Heap before GC invocations=33 (full 5):
 PSYoungGen      total 452608K, used 395634K [0x00000000e0000000, 0x0000000100000000, 0x0000000100000000)
  eden space 387584K, 100% used [0x00000000e0000000,0x00000000f7a80000,0x00000000f7a80000)
  from space 65024K, 12% used [0x00000000f7a80000,0x00000000f825cbf8,0x00000000fba00000)
  to   space 62976K, 0% used [0x00000000fc280000,0x00000000fc280000,0x0000000100000000)
 ParOldGen       total 183296K, used 65912K [0x00000000a0000000, 0x00000000ab300000, 0x00000000e0000000)
  object space 183296K, 35% used [0x00000000a0000000,0x00000000a405e2b0,0x00000000ab300000)
 Metaspace       used 105525K, capacity 109238K, committed 109568K, reserved 1144832K
  class space    used 12882K, capacity 13649K, committed 13824K, reserved 1048576K
Event: 2786.428 GC heap after
Heap after GC invocations=33 (full 5):
 PSYoungGen      total 452096K, used 8509K [0x00000000e0000000, 0x00000000ff900000, 0x0000000100000000)
  eden space 396288K, 0% used [0x00000000e0000000,0x00000000e0000000,0x00000000f8300000)
  from space 55808K, 15% used [0x00000000fc280000,0x00000000fcacf5b8,0x00000000ff900000)
  to   space 60416K, 0% used [0x00000000f8300000,0x00000000f8300000,0x00000000fbe00000)
 ParOldGen       total 183296K, used 71178K [0x00000000a0000000, 0x00000000ab300000, 0x00000000e0000000)
  object space 183296K, 38% used [0x00000000a0000000,0x00000000a4582848,0x00000000ab300000)
 Metaspace       used 105525K, capacity 109238K, committed 109568K, reserved 1144832K
  class space    used 12882K, capacity 13649K, committed 13824K, reserved 1048576K
}
Event: 2810.238 GC heap before
{Heap before GC invocations=34 (full 5):
 PSYoungGen      total 452096K, used 404797K [0x00000000e0000000, 0x00000000ff900000, 0x0000000100000000)
  eden space 396288K, 100% used [0x00000000e0000000,0x00000000f8300000,0x00000000f8300000)
  from space 55808K, 15% used [0x00000000fc280000,0x00000000fcacf5b8,0x00000000ff900000)
  to   space 60416K, 0% used [0x00000000f8300000,0x00000000f8300000,0x00000000fbe00000)
 ParOldGen       total 183296K, used 71178K [0x00000000a0000000, 0x00000000ab300000, 0x00000000e0000000)
  object space 183296K, 38% used [0x00000000a0000000,0x00000000a4582848,0x00000000ab300000)
 Metaspace       used 108556K, capacity 112262K, committed 112640K, reserved 1148928K
  class space    used 13192K, capacity 13963K, committed 14080K, reserved 1048576K
Event: 2810.689 GC heap after
Heap after GC invocations=34 (full 5):
 PSYoungGen      total 456704K, used 60401K [0x00000000e0000000, 0x0000000100000000, 0x0000000100000000)
  eden space 396288K, 0% used [0x00000000e0000000,0x00000000e0000000,0x00000000f8300000)
  from space 60416K, 99% used [0x00000000f8300000,0x00000000fbdfc7f8,0x00000000fbe00000)
  to   space 67584K, 0% used [0x00000000fbe00000,0x00000000fbe00000,0x0000000100000000)
 ParOldGen       total 183296K, used 83441K [0x00000000a0000000, 0x00000000ab300000, 0x00000000e0000000)
  object space 183296K, 45% used [0x00000000a0000000,0x00000000a517c5e0,0x00000000ab300000)
 Metaspace       used 108556K, capacity 112262K, committed 112640K, reserved 1148928K
  class space    used 13192K, capacity 13963K, committed 14080K, reserved 1048576K
}
Event: 2903.913 GC heap before
{Heap before GC invocations=35 (full 5):
 PSYoungGen      total 456704K, used 456689K [0x00000000e0000000, 0x0000000100000000, 0x0000000100000000)
  eden space 396288K, 100% used [0x00000000e0000000,0x00000000f8300000,0x00000000f8300000)
  from space 60416K, 99% used [0x00000000f8300000,0x00000000fbdfc7f8,0x00000000fbe00000)
  to   space 67584K, 0% used [0x00000000fbe00000,0x00000000fbe00000,0x0000000100000000)
 ParOldGen       total 183296K, used 83441K [0x00000000a0000000, 0x00000000ab300000, 0x00000000e0000000)
  object space 183296K, 45% used [0x00000000a0000000,0x00000000a517c5e0,0x00000000ab300000)
 Metaspace       used 109037K, capacity 112866K, committed 113024K, reserved 1148928K
  class space    used 13256K, capacity 14083K, committed 14208K, reserved 1048576K
Event: 2904.157 GC heap after
Heap after GC invocations=35 (full 5):
 PSYoungGen      total 440320K, used 36212K [0x00000000e0000000, 0x0000000100000000, 0x0000000100000000)
  eden space 372736K, 0% used [0x00000000e0000000,0x00000000e0000000,0x00000000f6c00000)
  from space 67584K, 53% used [0x00000000fbe00000,0x00000000fe15d2c8,0x0000000100000000)
  to   space 75776K, 0% used [0x00000000f6c00000,0x00000000f6c00000,0x00000000fb600000)
 ParOldGen       total 183296K, used 135367K [0x00000000a0000000, 0x00000000ab300000, 0x00000000e0000000)
  object space 183296K, 73% used [0x00000000a0000000,0x00000000a8431e08,0x00000000ab300000)
 Metaspace       used 109037K, capacity 112866K, committed 113024K, reserved 1148928K
  class space    used 13256K, capacity 14083K, committed 14208K, reserved 1048576K
}
Event: 2904.157 GC heap before
{Heap before GC invocations=36 (full 6):
 PSYoungGen      total 440320K, used 36212K [0x00000000e0000000, 0x0000000100000000, 0x0000000100000000)
  eden space 372736K, 0% used [0x00000000e0000000,0x00000000e0000000,0x00000000f6c00000)
  from space 67584K, 53% used [0x00000000fbe00000,0x00000000fe15d2c8,0x0000000100000000)
  to   space 75776K, 0% used [0x00000000f6c00000,0x00000000f6c00000,0x00000000fb600000)
 ParOldGen       total 183296K, used 135367K [0x00000000a0000000, 0x00000000ab300000, 0x00000000e0000000)
  object space 183296K, 73% used [0x00000000a0000000,0x00000000a8431e08,0x00000000ab300000)
 Metaspace       used 109037K, capacity 112866K, committed 113024K, reserved 1148928K
  class space    used 13256K, capacity 14083K, committed 14208K, reserved 1048576K
Event: 2905.089 GC heap after
Heap after GC invocations=36 (full 6):
 PSYoungGen      total 440320K, used 0K [0x00000000e0000000, 0x0000000100000000, 0x0000000100000000)
  eden space 372736K, 0% used [0x00000000e0000000,0x00000000e0000000,0x00000000f6c00000)
  from space 67584K, 0% used [0x00000000fbe00000,0x00000000fbe00000,0x0000000100000000)
  to   space 75776K, 0% used [0x00000000f6c00000,0x00000000f6c00000,0x00000000fb600000)
 ParOldGen       total 223744K, used 89817K [0x00000000a0000000, 0x00000000ada80000, 0x00000000e0000000)
  object space 223744K, 40% used [0x00000000a0000000,0x00000000a57b6580,0x00000000ada80000)
 Metaspace       used 109037K, capacity 112866K, committed 113024K, reserved 1148928K
  class space    used 13256K, capacity 14083K, committed 14208K, reserved 1048576K
}

