# JRE version: OpenJDK Runtime Environment (8.0_152-b06) (build 1.8.0_152-release-1136-b06)
# Java VM: OpenJDK 64-Bit Server VM (25.152-b06 mixed mode windows-amd64 compressed oops)
Heap:
 PSYoungGen      total 167936K, used 90875K [0x00000000e0000000, 0x00000000ebb80000, 0x0000000100000000)
  eden space 154112K, 53% used [0x00000000e0000000,0x00000000e50d18a8,0x00000000e9680000)
  from space 13824K, 58% used [0x00000000ea880000,0x00000000eb06d4c0,0x00000000eb600000)
  to   space 18432K, 0% used [0x00000000e9680000,0x00000000e9680000,0x00000000ea880000)
 ParOldGen       total 60928K, used 60573K [0x00000000a0000000, 0x00000000a3b80000, 0x00000000e0000000)
  object space 60928K, 99% used [0x00000000a0000000,0x00000000a3b274e8,0x00000000a3b80000)
 Metaspace       used 75415K, capacity 77348K, committed 77824K, reserved 1116160K
  class space    used 9946K, capacity 10411K, committed 10496K, reserved 1048576K
GC Heap History (10 events):
Event: 34.620 GC heap before
{Heap before GC invocations=15 (full 2):
 PSYoungGen      total 167936K, used 140424K [0x00000000e0000000, 0x00000000ebb80000, 0x0000000100000000)
  eden space 154112K, 82% used [0x00000000e0000000,0x00000000e7ba6e30,0x00000000e9680000)
  from space 13824K, 99% used [0x00000000ea880000,0x00000000eb5fb500,0x00000000eb600000)
  to   space 18432K, 0% used [0x00000000e9680000,0x00000000e9680000,0x00000000ea880000)
 ParOldGen       total 53248K, used 23553K [0x00000000a0000000, 0x00000000a3400000, 0x00000000e0000000)
  object space 53248K, 44% used [0x00000000a0000000,0x00000000a17006a8,0x00000000a3400000)
 Metaspace       used 57335K, capacity 58910K, committed 59028K, reserved 1099776K
  class space    used 7757K, capacity 8136K, committed 8192K, reserved 1048576K
Event: 34.762 GC heap after
Heap after GC invocations=15 (full 2):
 PSYoungGen      total 172544K, used 18258K [0x00000000e0000000, 0x00000000ebb80000, 0x0000000100000000)
  eden space 154112K, 0% used [0x00000000e0000000,0x00000000e0000000,0x00000000e9680000)
  from space 18432K, 99% used [0x00000000e9680000,0x00000000ea854b28,0x00000000ea880000)
  to   space 13824K, 0% used [0x00000000ea880000,0x00000000ea880000,0x00000000eb600000)
 ParOldGen       total 53248K, used 37118K [0x00000000a0000000, 0x00000000a3400000, 0x00000000e0000000)
  object space 53248K, 69% used [0x00000000a0000000,0x00000000a243fb18,0x00000000a3400000)
 Metaspace       used 57335K, capacity 58910K, committed 59028K, reserved 1099776K
  class space    used 7757K, capacity 8136K, committed 8192K, reserved 1048576K
}
Event: 34.762 GC heap before
{Heap before GC invocations=16 (full 3):
 PSYoungGen      total 172544K, used 18258K [0x00000000e0000000, 0x00000000ebb80000, 0x0000000100000000)
  eden space 154112K, 0% used [0x00000000e0000000,0x00000000e0000000,0x00000000e9680000)
  from space 18432K, 99% used [0x00000000e9680000,0x00000000ea854b28,0x00000000ea880000)
  to   space 13824K, 0% used [0x00000000ea880000,0x00000000ea880000,0x00000000eb600000)
 ParOldGen       total 53248K, used 37118K [0x00000000a0000000, 0x00000000a3400000, 0x00000000e0000000)
  object space 53248K, 69% used [0x00000000a0000000,0x00000000a243fb18,0x00000000a3400000)
 Metaspace       used 57335K, capacity 58910K, committed 59028K, reserved 1099776K
  class space    used 7757K, capacity 8136K, committed 8192K, reserved 1048576K
Event: 35.440 GC heap after
Heap after GC invocations=16 (full 3):
 PSYoungGen      total 172544K, used 0K [0x00000000e0000000, 0x00000000ebb80000, 0x0000000100000000)
  eden space 154112K, 0% used [0x00000000e0000000,0x00000000e0000000,0x00000000e9680000)
  from space 18432K, 0% used [0x00000000e9680000,0x00000000e9680000,0x00000000ea880000)
  to   space 13824K, 0% used [0x00000000ea880000,0x00000000ea880000,0x00000000eb600000)
 ParOldGen       total 53248K, used 44469K [0x00000000a0000000, 0x00000000a3400000, 0x00000000e0000000)
  object space 53248K, 83% used [0x00000000a0000000,0x00000000a2b6d640,0x00000000a3400000)
 Metaspace       used 57335K, capacity 58910K, committed 59028K, reserved 1099776K
  class space    used 7757K, capacity 8136K, committed 8192K, reserved 1048576K
}
Event: 76.226 GC heap before
{Heap before GC invocations=17 (full 4):
 PSYoungGen      total 172544K, used 154112K [0x00000000e0000000, 0x00000000ebb80000, 0x0000000100000000)
  eden space 154112K, 100% used [0x00000000e0000000,0x00000000e9680000,0x00000000e9680000)
  from space 18432K, 0% used [0x00000000e9680000,0x00000000e9680000,0x00000000ea880000)
  to   space 13824K, 0% used [0x00000000ea880000,0x00000000ea880000,0x00000000eb600000)
 ParOldGen       total 53248K, used 44469K [0x00000000a0000000, 0x00000000a3400000, 0x00000000e0000000)
  object space 53248K, 83% used [0x00000000a0000000,0x00000000a2b6d640,0x00000000a3400000)
 Metaspace       used 65765K, capacity 67530K, committed 67968K, reserved 1107968K
  class space    used 8787K, capacity 9222K, committed 9344K, reserved 1048576K
Event: 76.545 GC heap after
Heap after GC invocations=17 (full 4):
 PSYoungGen      total 172544K, used 0K [0x00000000e0000000, 0x00000000ebb80000, 0x0000000100000000)
  eden space 154112K, 0% used [0x00000000e0000000,0x00000000e0000000,0x00000000e9680000)
  from space 18432K, 0% used [0x00000000e9680000,0x00000000e9680000,0x00000000ea880000)
  to   space 13824K, 0% used [0x00000000ea880000,0x00000000ea880000,0x00000000eb600000)
 ParOldGen       total 53248K, used 41163K [0x00000000a0000000, 0x00000000a3400000, 0x00000000e0000000)
  object space 53248K, 77% used [0x00000000a0000000,0x00000000a2832fa0,0x00000000a3400000)
 Metaspace       used 65765K, capacity 67530K, committed 67968K, reserved 1107968K
  class space    used 8787K, capacity 9222K, committed 9344K, reserved 1048576K
}
Event: 85.090 GC heap before
{Heap before GC invocations=18 (full 4):
 PSYoungGen      total 172544K, used 154112K [0x00000000e0000000, 0x00000000ebb80000, 0x0000000100000000)
  eden space 154112K, 100% used [0x00000000e0000000,0x00000000e9680000,0x00000000e9680000)
  from space 18432K, 0% used [0x00000000e9680000,0x00000000e9680000,0x00000000ea880000)
  to   space 13824K, 0% used [0x00000000ea880000,0x00000000ea880000,0x00000000eb600000)
 ParOldGen       total 53248K, used 41163K [0x00000000a0000000, 0x00000000a3400000, 0x00000000e0000000)
  object space 53248K, 77% used [0x00000000a0000000,0x00000000a2832fa0,0x00000000a3400000)
 Metaspace       used 73380K, capacity 75168K, committed 75520K, reserved 1114112K
  class space    used 9689K, capacity 10117K, committed 10240K, reserved 1048576K
Event: 85.278 GC heap after
Heap after GC invocations=18 (full 4):
 PSYoungGen      total 167936K, used 13816K [0x00000000e0000000, 0x00000000ebb80000, 0x0000000100000000)
  eden space 154112K, 0% used [0x00000000e0000000,0x00000000e0000000,0x00000000e9680000)
  from space 13824K, 99% used [0x00000000ea880000,0x00000000eb5fe1d0,0x00000000eb600000)
  to   space 18432K, 0% used [0x00000000e9680000,0x00000000e9680000,0x00000000ea880000)
 ParOldGen       total 60928K, used 60817K [0x00000000a0000000, 0x00000000a3b80000, 0x00000000e0000000)
  object space 60928K, 99% used [0x00000000a0000000,0x00000000a3b64590,0x00000000a3b80000)
 Metaspace       used 73380K, capacity 75168K, committed 75520K, reserved 1114112K
  class space    used 9689K, capacity 10117K, committed 10240K, reserved 1048576K
}
Event: 85.278 GC heap before
{Heap before GC invocations=19 (full 5):
 PSYoungGen      total 167936K, used 13816K [0x00000000e0000000, 0x00000000ebb80000, 0x0000000100000000)
  eden space 154112K, 0% used [0x00000000e0000000,0x00000000e0000000,0x00000000e9680000)
  from space 13824K, 99% used [0x00000000ea880000,0x00000000eb5fe1d0,0x00000000eb600000)
  to   space 18432K, 0% used [0x00000000e9680000,0x00000000e9680000,0x00000000ea880000)
 ParOldGen       total 60928K, used 60817K [0x00000000a0000000, 0x00000000a3b80000, 0x00000000e0000000)
  object space 60928K, 99% used [0x00000000a0000000,0x00000000a3b64590,0x00000000a3b80000)
 Metaspace       used 73380K, capacity 75168K, committed 75520K, reserved 1114112K
  class space    used 9689K, capacity 10117K, committed 10240K, reserved 1048576K
Event: 86.455 GC heap after
Heap after GC invocations=19 (full 5):
 PSYoungGen      total 167936K, used 8117K [0x00000000e0000000, 0x00000000ebb80000, 0x0000000100000000)
  eden space 154112K, 0% used [0x00000000e0000000,0x00000000e0000000,0x00000000e9680000)
  from space 13824K, 58% used [0x00000000ea880000,0x00000000eb06d4c0,0x00000000eb600000)
  to   space 18432K, 0% used [0x00000000e9680000,0x00000000e9680000,0x00000000ea880000)
 ParOldGen       total 60928K, used 60573K [0x00000000a0000000, 0x00000000a3b80000, 0x00000000e0000000)
  object space 60928K, 99% used [0x00000000a0000000,0x00000000a3b274e8,0x00000000a3b80000)
 Metaspace       used 73380K, capacity 75168K, committed 75520K, reserved 1114112K
  class space    used 9689K, capacity 10117K, committed 10240K, reserved 1048576K
}

