# JRE version: OpenJDK Runtime Environment (8.0_152-b06) (build 1.8.0_152-release-1136-b06)
# Java VM: OpenJDK 64-Bit Server VM (25.152-b06 mixed mode windows-amd64 compressed oops)
Heap:
 PSYoungGen      total 259072K, used 53758K [0x00000000e0000000, 0x00000000f7d80000, 0x0000000100000000)
  eden space 230400K, 21% used [0x00000000e0000000,0x00000000e30079b8,0x00000000ee100000)
  from space 28672K, 15% used [0x00000000ee100000,0x00000000ee577e88,0x00000000efd00000)
  to   space 56832K, 0% used [0x00000000f4600000,0x00000000f4600000,0x00000000f7d80000)
 ParOldGen       total 213504K, used 119778K [0x00000000a0000000, 0x00000000ad080000, 0x00000000e0000000)
  object space 213504K, 56% used [0x00000000a0000000,0x00000000a74f8b60,0x00000000ad080000)
 Metaspace       used 76596K, capacity 78446K, committed 78740K, reserved 1118208K
  class space    used 9904K, capacity 10330K, committed 10428K, reserved 1048576K
GC Heap History (10 events):
Event: 140.040 GC heap before
{Heap before GC invocations=17 (full 3):
 PSYoungGen      total 209408K, used 19645K [0x00000000e0000000, 0x00000000ee800000, 0x0000000100000000)
  eden space 189440K, 0% used [0x00000000e0000000,0x00000000e0000000,0x00000000eb900000)
  from space 19968K, 98% used [0x00000000ecf80000,0x00000000ee2af4a8,0x00000000ee300000)
  to   space 23040K, 0% used [0x00000000eb900000,0x00000000eb900000,0x00000000ecf80000)
 ParOldGen       total 55296K, used 37903K [0x00000000a0000000, 0x00000000a3600000, 0x00000000e0000000)
  object space 55296K, 68% used [0x00000000a0000000,0x00000000a2503d70,0x00000000a3600000)
 Metaspace       used 57461K, capacity 58948K, committed 59028K, reserved 1099776K
  class space    used 7685K, capacity 8081K, committed 8124K, reserved 1048576K
Event: 140.730 GC heap after
Heap after GC invocations=17 (full 3):
 PSYoungGen      total 209408K, used 0K [0x00000000e0000000, 0x00000000ee800000, 0x0000000100000000)
  eden space 189440K, 0% used [0x00000000e0000000,0x00000000e0000000,0x00000000eb900000)
  from space 19968K, 0% used [0x00000000ecf80000,0x00000000ecf80000,0x00000000ee300000)
  to   space 23040K, 0% used [0x00000000eb900000,0x00000000eb900000,0x00000000ecf80000)
 ParOldGen       total 105472K, used 47630K [0x00000000a0000000, 0x00000000a6700000, 0x00000000e0000000)
  object space 105472K, 45% used [0x00000000a0000000,0x00000000a2e83ab0,0x00000000a6700000)
 Metaspace       used 57461K, capacity 58948K, committed 59028K, reserved 1099776K
  class space    used 7685K, capacity 8081K, committed 8124K, reserved 1048576K
}
Event: 275.478 GC heap before
{Heap before GC invocations=18 (full 3):
 PSYoungGen      total 209408K, used 189440K [0x00000000e0000000, 0x00000000ee800000, 0x0000000100000000)
  eden space 189440K, 100% used [0x00000000e0000000,0x00000000eb900000,0x00000000eb900000)
  from space 19968K, 0% used [0x00000000ecf80000,0x00000000ecf80000,0x00000000ee300000)
  to   space 23040K, 0% used [0x00000000eb900000,0x00000000eb900000,0x00000000ecf80000)
 ParOldGen       total 105472K, used 47630K [0x00000000a0000000, 0x00000000a6700000, 0x00000000e0000000)
  object space 105472K, 45% used [0x00000000a0000000,0x00000000a2e83ab0,0x00000000a6700000)
 Metaspace       used 62622K, capacity 64220K, committed 64532K, reserved 1105920K
  class space    used 8239K, capacity 8641K, committed 8764K, reserved 1048576K
Event: 275.521 GC heap after
Heap after GC invocations=18 (full 3):
 PSYoungGen      total 212480K, used 6766K [0x00000000e0000000, 0x00000000f1280000, 0x0000000100000000)
  eden space 189440K, 0% used [0x00000000e0000000,0x00000000e0000000,0x00000000eb900000)
  from space 23040K, 29% used [0x00000000eb900000,0x00000000ebf9bb48,0x00000000ecf80000)
  to   space 22016K, 0% used [0x00000000efd00000,0x00000000efd00000,0x00000000f1280000)
 ParOldGen       total 105472K, used 47638K [0x00000000a0000000, 0x00000000a6700000, 0x00000000e0000000)
  object space 105472K, 45% used [0x00000000a0000000,0x00000000a2e85ab0,0x00000000a6700000)
 Metaspace       used 62622K, capacity 64220K, committed 64532K, reserved 1105920K
  class space    used 8239K, capacity 8641K, committed 8764K, reserved 1048576K
}
Event: 303.173 GC heap before
{Heap before GC invocations=19 (full 3):
 PSYoungGen      total 212480K, used 196206K [0x00000000e0000000, 0x00000000f1280000, 0x0000000100000000)
  eden space 189440K, 100% used [0x00000000e0000000,0x00000000eb900000,0x00000000eb900000)
  from space 23040K, 29% used [0x00000000eb900000,0x00000000ebf9bb48,0x00000000ecf80000)
  to   space 22016K, 0% used [0x00000000efd00000,0x00000000efd00000,0x00000000f1280000)
 ParOldGen       total 105472K, used 47638K [0x00000000a0000000, 0x00000000a6700000, 0x00000000e0000000)
  object space 105472K, 45% used [0x00000000a0000000,0x00000000a2e85ab0,0x00000000a6700000)
 Metaspace       used 72068K, capacity 73770K, committed 74132K, reserved 1114112K
  class space    used 9443K, capacity 9852K, committed 9916K, reserved 1048576K
Event: 303.323 GC heap after
Heap after GC invocations=19 (full 3):
 PSYoungGen      total 252416K, used 22003K [0x00000000e0000000, 0x00000000f1a80000, 0x0000000100000000)
  eden space 230400K, 0% used [0x00000000e0000000,0x00000000e0000000,0x00000000ee100000)
  from space 22016K, 99% used [0x00000000efd00000,0x00000000f127ce00,0x00000000f1280000)
  to   space 28672K, 0% used [0x00000000ee100000,0x00000000ee100000,0x00000000efd00000)
 ParOldGen       total 105472K, used 56332K [0x00000000a0000000, 0x00000000a6700000, 0x00000000e0000000)
  object space 105472K, 53% used [0x00000000a0000000,0x00000000a3703128,0x00000000a6700000)
 Metaspace       used 72068K, capacity 73770K, committed 74132K, reserved 1114112K
  class space    used 9443K, capacity 9852K, committed 9916K, reserved 1048576K
}
Event: 308.507 GC heap before
{Heap before GC invocations=20 (full 3):
 PSYoungGen      total 252416K, used 252403K [0x00000000e0000000, 0x00000000f1a80000, 0x0000000100000000)
  eden space 230400K, 100% used [0x00000000e0000000,0x00000000ee100000,0x00000000ee100000)
  from space 22016K, 99% used [0x00000000efd00000,0x00000000f127ce00,0x00000000f1280000)
  to   space 28672K, 0% used [0x00000000ee100000,0x00000000ee100000,0x00000000efd00000)
 ParOldGen       total 105472K, used 56332K [0x00000000a0000000, 0x00000000a6700000, 0x00000000e0000000)
  object space 105472K, 53% used [0x00000000a0000000,0x00000000a3703128,0x00000000a6700000)
 Metaspace       used 76588K, capacity 78446K, committed 78740K, reserved 1118208K
  class space    used 9904K, capacity 10330K, committed 10428K, reserved 1048576K
Event: 308.806 GC heap after
Heap after GC invocations=20 (full 3):
 PSYoungGen      total 259072K, used 28664K [0x00000000e0000000, 0x00000000f7d80000, 0x0000000100000000)
  eden space 230400K, 0% used [0x00000000e0000000,0x00000000e0000000,0x00000000ee100000)
  from space 28672K, 99% used [0x00000000ee100000,0x00000000efcfe208,0x00000000efd00000)
  to   space 56832K, 0% used [0x00000000f4600000,0x00000000f4600000,0x00000000f7d80000)
 ParOldGen       total 119808K, used 119767K [0x00000000a0000000, 0x00000000a7500000, 0x00000000e0000000)
  object space 119808K, 99% used [0x00000000a0000000,0x00000000a74f5de0,0x00000000a7500000)
 Metaspace       used 76588K, capacity 78446K, committed 78740K, reserved 1118208K
  class space    used 9904K, capacity 10330K, committed 10428K, reserved 1048576K
}
Event: 308.806 GC heap before
{Heap before GC invocations=21 (full 4):
 PSYoungGen      total 259072K, used 28664K [0x00000000e0000000, 0x00000000f7d80000, 0x0000000100000000)
  eden space 230400K, 0% used [0x00000000e0000000,0x00000000e0000000,0x00000000ee100000)
  from space 28672K, 99% used [0x00000000ee100000,0x00000000efcfe208,0x00000000efd00000)
  to   space 56832K, 0% used [0x00000000f4600000,0x00000000f4600000,0x00000000f7d80000)
 ParOldGen       total 119808K, used 119767K [0x00000000a0000000, 0x00000000a7500000, 0x00000000e0000000)
  object space 119808K, 99% used [0x00000000a0000000,0x00000000a74f5de0,0x00000000a7500000)
 Metaspace       used 76588K, capacity 78446K, committed 78740K, reserved 1118208K
  class space    used 9904K, capacity 10330K, committed 10428K, reserved 1048576K
Event: 310.377 GC heap after
Heap after GC invocations=21 (full 4):
 PSYoungGen      total 259072K, used 4575K [0x00000000e0000000, 0x00000000f7d80000, 0x0000000100000000)
  eden space 230400K, 0% used [0x00000000e0000000,0x00000000e0000000,0x00000000ee100000)
  from space 28672K, 15% used [0x00000000ee100000,0x00000000ee577e88,0x00000000efd00000)
  to   space 56832K, 0% used [0x00000000f4600000,0x00000000f4600000,0x00000000f7d80000)
 ParOldGen       total 213504K, used 119778K [0x00000000a0000000, 0x00000000ad080000, 0x00000000e0000000)
  object space 213504K, 56% used [0x00000000a0000000,0x00000000a74f8b60,0x00000000ad080000)
 Metaspace       used 76588K, capacity 78446K, committed 78740K, reserved 1118208K
  class space    used 9904K, capacity 10330K, committed 10428K, reserved 1048576K
}

