# JRE version: OpenJDK Runtime Environment (8.0_152-b06) (build 1.8.0_152-release-1136-b06)
# Java VM: OpenJDK 64-Bit Server VM (25.152-b06 mixed mode windows-amd64 compressed oops)
Heap:
 PSYoungGen      total 259072K, used 121278K [0x00000000e0000000, 0x00000000f1200000, 0x0000000100000000)
  eden space 237568K, 42% used [0x00000000e0000000,0x00000000e61719a0,0x00000000ee800000)
  from space 21504K, 99% used [0x00000000ee800000,0x00000000efcfe018,0x00000000efd00000)
  to   space 17408K, 0% used [0x00000000f0100000,0x00000000f0100000,0x00000000f1200000)
 ParOldGen       total 85504K, used 61936K [0x00000000a0000000, 0x00000000a5380000, 0x00000000e0000000)
  object space 85504K, 72% used [0x00000000a0000000,0x00000000a3c7c0b0,0x00000000a5380000)
 Metaspace       used 85404K, capacity 89144K, committed 89472K, reserved 1126400K
  class space    used 11035K, capacity 11826K, committed 11904K, reserved 1048576K
GC Heap History (10 events):
Event: 40.885 GC heap before
{Heap before GC invocations=16 (full 3):
 PSYoungGen      total 190464K, used 15349K [0x00000000e0000000, 0x00000000f1400000, 0x0000000100000000)
  eden space 175104K, 0% used [0x00000000e0000000,0x00000000e0000000,0x00000000eab00000)
  from space 15360K, 99% used [0x00000000eab00000,0x00000000eb9fd480,0x00000000eba00000)
  to   space 19456K, 0% used [0x00000000f0100000,0x00000000f0100000,0x00000000f1400000)
 ParOldGen       total 46592K, used 31772K [0x00000000a0000000, 0x00000000a2d80000, 0x00000000e0000000)
  object space 46592K, 68% used [0x00000000a0000000,0x00000000a1f07038,0x00000000a2d80000)
 Metaspace       used 57349K, capacity 58960K, committed 59028K, reserved 1099776K
  class space    used 7744K, capacity 8131K, committed 8192K, reserved 1048576K
Event: 41.534 GC heap after
Heap after GC invocations=16 (full 3):
 PSYoungGen      total 190464K, used 0K [0x00000000e0000000, 0x00000000f1400000, 0x0000000100000000)
  eden space 175104K, 0% used [0x00000000e0000000,0x00000000e0000000,0x00000000eab00000)
  from space 15360K, 0% used [0x00000000eab00000,0x00000000eab00000,0x00000000eba00000)
  to   space 19456K, 0% used [0x00000000f0100000,0x00000000f0100000,0x00000000f1400000)
 ParOldGen       total 85504K, used 42757K [0x00000000a0000000, 0x00000000a5380000, 0x00000000e0000000)
  object space 85504K, 50% used [0x00000000a0000000,0x00000000a29c15d0,0x00000000a5380000)
 Metaspace       used 57349K, capacity 58960K, committed 59028K, reserved 1099776K
  class space    used 7744K, capacity 8131K, committed 8192K, reserved 1048576K
}
Event: 421.546 GC heap before
{Heap before GC invocations=17 (full 3):
 PSYoungGen      total 190464K, used 175104K [0x00000000e0000000, 0x00000000f1400000, 0x0000000100000000)
  eden space 175104K, 100% used [0x00000000e0000000,0x00000000eab00000,0x00000000eab00000)
  from space 15360K, 0% used [0x00000000eab00000,0x00000000eab00000,0x00000000eba00000)
  to   space 19456K, 0% used [0x00000000f0100000,0x00000000f0100000,0x00000000f1400000)
 ParOldGen       total 85504K, used 42757K [0x00000000a0000000, 0x00000000a5380000, 0x00000000e0000000)
  object space 85504K, 50% used [0x00000000a0000000,0x00000000a29c15d0,0x00000000a5380000)
 Metaspace       used 63293K, capacity 65334K, committed 65536K, reserved 1105920K
  class space    used 8408K, capacity 8938K, committed 8960K, reserved 1048576K
Event: 421.622 GC heap after
Heap after GC invocations=17 (full 3):
 PSYoungGen      total 254976K, used 16826K [0x00000000e0000000, 0x00000000f1200000, 0x0000000100000000)
  eden space 237568K, 0% used [0x00000000e0000000,0x00000000e0000000,0x00000000ee800000)
  from space 17408K, 96% used [0x00000000f0100000,0x00000000f116e8f0,0x00000000f1200000)
  to   space 21504K, 0% used [0x00000000ee800000,0x00000000ee800000,0x00000000efd00000)
 ParOldGen       total 85504K, used 42757K [0x00000000a0000000, 0x00000000a5380000, 0x00000000e0000000)
  object space 85504K, 50% used [0x00000000a0000000,0x00000000a29c15d0,0x00000000a5380000)
 Metaspace       used 63293K, capacity 65334K, committed 65536K, reserved 1105920K
  class space    used 8408K, capacity 8938K, committed 8960K, reserved 1048576K
}
Event: 458.558 GC heap before
{Heap before GC invocations=18 (full 3):
 PSYoungGen      total 254976K, used 254394K [0x00000000e0000000, 0x00000000f1200000, 0x0000000100000000)
  eden space 237568K, 100% used [0x00000000e0000000,0x00000000ee800000,0x00000000ee800000)
  from space 17408K, 96% used [0x00000000f0100000,0x00000000f116e8f0,0x00000000f1200000)
  to   space 21504K, 0% used [0x00000000ee800000,0x00000000ee800000,0x00000000efd00000)
 ParOldGen       total 85504K, used 42757K [0x00000000a0000000, 0x00000000a5380000, 0x00000000e0000000)
  object space 85504K, 50% used [0x00000000a0000000,0x00000000a29c15d0,0x00000000a5380000)
 Metaspace       used 66775K, capacity 69380K, committed 69632K, reserved 1110016K
  class space    used 8819K, capacity 9440K, committed 9472K, reserved 1048576K
Event: 458.727 GC heap after
Heap after GC invocations=18 (full 3):
 PSYoungGen      total 259072K, used 13311K [0x00000000e0000000, 0x00000000f1200000, 0x0000000100000000)
  eden space 237568K, 0% used [0x00000000e0000000,0x00000000e0000000,0x00000000ee800000)
  from space 21504K, 61% used [0x00000000ee800000,0x00000000ef4ffe80,0x00000000efd00000)
  to   space 17408K, 0% used [0x00000000f0100000,0x00000000f0100000,0x00000000f1200000)
 ParOldGen       total 85504K, used 52999K [0x00000000a0000000, 0x00000000a5380000, 0x00000000e0000000)
  object space 85504K, 61% used [0x00000000a0000000,0x00000000a33c1fe8,0x00000000a5380000)
 Metaspace       used 66775K, capacity 69380K, committed 69632K, reserved 1110016K
  class space    used 8819K, capacity 9440K, committed 9472K, reserved 1048576K
}
Event: 716.377 GC heap before
{Heap before GC invocations=19 (full 3):
 PSYoungGen      total 259072K, used 250170K [0x00000000e0000000, 0x00000000f1200000, 0x0000000100000000)
  eden space 237568K, 99% used [0x00000000e0000000,0x00000000ee74ecd0,0x00000000ee800000)
  from space 21504K, 61% used [0x00000000ee800000,0x00000000ef4ffe80,0x00000000efd00000)
  to   space 17408K, 0% used [0x00000000f0100000,0x00000000f0100000,0x00000000f1200000)
 ParOldGen       total 85504K, used 52999K [0x00000000a0000000, 0x00000000a5380000, 0x00000000e0000000)
  object space 85504K, 61% used [0x00000000a0000000,0x00000000a33c1fe8,0x00000000a5380000)
 Metaspace       used 74148K, capacity 76952K, committed 77184K, reserved 1116160K
  class space    used 9641K, capacity 10298K, committed 10368K, reserved 1048576K
Event: 716.445 GC heap after
Heap after GC invocations=19 (full 3):
 PSYoungGen      total 254976K, used 13716K [0x00000000e0000000, 0x00000000f1200000, 0x0000000100000000)
  eden space 237568K, 0% used [0x00000000e0000000,0x00000000e0000000,0x00000000ee800000)
  from space 17408K, 78% used [0x00000000f0100000,0x00000000f0e65258,0x00000000f1200000)
  to   space 21504K, 0% used [0x00000000ee800000,0x00000000ee800000,0x00000000efd00000)
 ParOldGen       total 85504K, used 60812K [0x00000000a0000000, 0x00000000a5380000, 0x00000000e0000000)
  object space 85504K, 71% used [0x00000000a0000000,0x00000000a3b630a8,0x00000000a5380000)
 Metaspace       used 74148K, capacity 76952K, committed 77184K, reserved 1116160K
  class space    used 9641K, capacity 10298K, committed 10368K, reserved 1048576K
}
Event: 745.881 GC heap before
{Heap before GC invocations=20 (full 3):
 PSYoungGen      total 254976K, used 251284K [0x00000000e0000000, 0x00000000f1200000, 0x0000000100000000)
  eden space 237568K, 100% used [0x00000000e0000000,0x00000000ee800000,0x00000000ee800000)
  from space 17408K, 78% used [0x00000000f0100000,0x00000000f0e65258,0x00000000f1200000)
  to   space 21504K, 0% used [0x00000000ee800000,0x00000000ee800000,0x00000000efd00000)
 ParOldGen       total 85504K, used 60812K [0x00000000a0000000, 0x00000000a5380000, 0x00000000e0000000)
  object space 85504K, 71% used [0x00000000a0000000,0x00000000a3b630a8,0x00000000a5380000)
 Metaspace       used 84532K, capacity 88304K, committed 88576K, reserved 1126400K
  class space    used 10938K, capacity 11746K, committed 11776K, reserved 1048576K
Event: 745.948 GC heap after
Heap after GC invocations=20 (full 3):
 PSYoungGen      total 259072K, used 21496K [0x00000000e0000000, 0x00000000f1200000, 0x0000000100000000)
  eden space 237568K, 0% used [0x00000000e0000000,0x00000000e0000000,0x00000000ee800000)
  from space 21504K, 99% used [0x00000000ee800000,0x00000000efcfe018,0x00000000efd00000)
  to   space 17408K, 0% used [0x00000000f0100000,0x00000000f0100000,0x00000000f1200000)
 ParOldGen       total 85504K, used 61936K [0x00000000a0000000, 0x00000000a5380000, 0x00000000e0000000)
  object space 85504K, 72% used [0x00000000a0000000,0x00000000a3c7c0b0,0x00000000a5380000)
 Metaspace       used 84532K, capacity 88304K, committed 88576K, reserved 1126400K
  class space    used 10938K, capacity 11746K, committed 11776K, reserved 1048576K
}

