# JRE version: OpenJDK Runtime Environment (8.0_152-b06) (build 1.8.0_152-release-1136-b06)
# Java VM: OpenJDK 64-Bit Server VM (25.152-b06 mixed mode windows-amd64 compressed oops)
Heap:
 PSYoungGen      total 168448K, used 34355K [0x00000000e0000000, 0x00000000ebd00000, 0x0000000100000000)
  eden space 154624K, 13% used [0x00000000e0000000,0x00000000e1411740,0x00000000e9700000)
  from space 13824K, 99% used [0x00000000ea900000,0x00000000eb67b4f0,0x00000000eb680000)
  to   space 18432K, 0% used [0x00000000e9700000,0x00000000e9700000,0x00000000ea900000)
 ParOldGen       total 53248K, used 24118K [0x00000000a0000000, 0x00000000a3400000, 0x00000000e0000000)
  object space 53248K, 45% used [0x00000000a0000000,0x00000000a178d860,0x00000000a3400000)
 Metaspace       used 54073K, capacity 55800K, committed 56064K, reserved 1097728K
  class space    used 7366K, capacity 7821K, committed 7936K, reserved 1048576K
GC Heap History (10 events):
Event: 13.128 GC heap before
{Heap before GC invocations=10 (full 1):
 PSYoungGen      total 97792K, used 97395K [0x00000000e0000000, 0x00000000e8800000, 0x0000000100000000)
  eden space 90624K, 100% used [0x00000000e0000000,0x00000000e5880000,0x00000000e5880000)
  from space 7168K, 94% used [0x00000000e8100000,0x00000000e879cf10,0x00000000e8800000)
  to   space 8704K, 0% used [0x00000000e7700000,0x00000000e7700000,0x00000000e7f80000)
 ParOldGen       total 38912K, used 10848K [0x00000000a0000000, 0x00000000a2600000, 0x00000000e0000000)
  object space 38912K, 27% used [0x00000000a0000000,0x00000000a0a983e0,0x00000000a2600000)
 Metaspace       used 33035K, capacity 33652K, committed 33792K, reserved 1079296K
  class space    used 4620K, capacity 4856K, committed 4864K, reserved 1048576K
Event: 13.188 GC heap after
Heap after GC invocations=10 (full 1):
 PSYoungGen      total 123392K, used 8680K [0x00000000e0000000, 0x00000000e8500000, 0x0000000100000000)
  eden space 114688K, 0% used [0x00000000e0000000,0x00000000e0000000,0x00000000e7000000)
  from space 8704K, 99% used [0x00000000e7700000,0x00000000e7f7a320,0x00000000e7f80000)
  to   space 5632K, 0% used [0x00000000e7f80000,0x00000000e7f80000,0x00000000e8500000)
 ParOldGen       total 38912K, used 13471K [0x00000000a0000000, 0x00000000a2600000, 0x00000000e0000000)
  object space 38912K, 34% used [0x00000000a0000000,0x00000000a0d27d90,0x00000000a2600000)
 Metaspace       used 33035K, capacity 33652K, committed 33792K, reserved 1079296K
  class space    used 4620K, capacity 4856K, committed 4864K, reserved 1048576K
}
Event: 13.557 GC heap before
{Heap before GC invocations=11 (full 1):
 PSYoungGen      total 123392K, used 20821K [0x00000000e0000000, 0x00000000e8500000, 0x0000000100000000)
  eden space 114688K, 10% used [0x00000000e0000000,0x00000000e0bdb340,0x00000000e7000000)
  from space 8704K, 99% used [0x00000000e7700000,0x00000000e7f7a320,0x00000000e7f80000)
  to   space 5632K, 0% used [0x00000000e7f80000,0x00000000e7f80000,0x00000000e8500000)
 ParOldGen       total 38912K, used 13471K [0x00000000a0000000, 0x00000000a2600000, 0x00000000e0000000)
  object space 38912K, 34% used [0x00000000a0000000,0x00000000a0d27d90,0x00000000a2600000)
 Metaspace       used 34714K, capacity 35330K, committed 35416K, reserved 1079296K
  class space    used 4804K, capacity 5055K, committed 5120K, reserved 1048576K
Event: 13.619 GC heap after
Heap after GC invocations=11 (full 1):
 PSYoungGen      total 124928K, used 5600K [0x00000000e0000000, 0x00000000eb200000, 0x0000000100000000)
  eden space 119296K, 0% used [0x00000000e0000000,0x00000000e0000000,0x00000000e7480000)
  from space 5632K, 99% used [0x00000000e7f80000,0x00000000e84f8020,0x00000000e8500000)
  to   space 11264K, 0% used [0x00000000e7480000,0x00000000e7480000,0x00000000e7f80000)
 ParOldGen       total 38912K, used 16144K [0x00000000a0000000, 0x00000000a2600000, 0x00000000e0000000)
  object space 38912K, 41% used [0x00000000a0000000,0x00000000a0fc4328,0x00000000a2600000)
 Metaspace       used 34714K, capacity 35330K, committed 35416K, reserved 1079296K
  class space    used 4804K, capacity 5055K, committed 5120K, reserved 1048576K
}
Event: 13.619 GC heap before
{Heap before GC invocations=12 (full 2):
 PSYoungGen      total 124928K, used 5600K [0x00000000e0000000, 0x00000000eb200000, 0x0000000100000000)
  eden space 119296K, 0% used [0x00000000e0000000,0x00000000e0000000,0x00000000e7480000)
  from space 5632K, 99% used [0x00000000e7f80000,0x00000000e84f8020,0x00000000e8500000)
  to   space 11264K, 0% used [0x00000000e7480000,0x00000000e7480000,0x00000000e7f80000)
 ParOldGen       total 38912K, used 16144K [0x00000000a0000000, 0x00000000a2600000, 0x00000000e0000000)
  object space 38912K, 41% used [0x00000000a0000000,0x00000000a0fc4328,0x00000000a2600000)
 Metaspace       used 34714K, capacity 35330K, committed 35416K, reserved 1079296K
  class space    used 4804K, capacity 5055K, committed 5120K, reserved 1048576K
Event: 13.876 GC heap after
Heap after GC invocations=12 (full 2):
 PSYoungGen      total 124928K, used 0K [0x00000000e0000000, 0x00000000eb200000, 0x0000000100000000)
  eden space 119296K, 0% used [0x00000000e0000000,0x00000000e0000000,0x00000000e7480000)
  from space 5632K, 0% used [0x00000000e7f80000,0x00000000e7f80000,0x00000000e8500000)
  to   space 11264K, 0% used [0x00000000e7480000,0x00000000e7480000,0x00000000e7f80000)
 ParOldGen       total 53248K, used 14859K [0x00000000a0000000, 0x00000000a3400000, 0x00000000e0000000)
  object space 53248K, 27% used [0x00000000a0000000,0x00000000a0e82f78,0x00000000a3400000)
 Metaspace       used 34714K, capacity 35330K, committed 35416K, reserved 1079296K
  class space    used 4804K, capacity 5055K, committed 5120K, reserved 1048576K
}
Event: 17.619 GC heap before
{Heap before GC invocations=13 (full 2):
 PSYoungGen      total 124928K, used 119296K [0x00000000e0000000, 0x00000000eb200000, 0x0000000100000000)
  eden space 119296K, 100% used [0x00000000e0000000,0x00000000e7480000,0x00000000e7480000)
  from space 5632K, 0% used [0x00000000e7f80000,0x00000000e7f80000,0x00000000e8500000)
  to   space 11264K, 0% used [0x00000000e7480000,0x00000000e7480000,0x00000000e7f80000)
 ParOldGen       total 53248K, used 14859K [0x00000000a0000000, 0x00000000a3400000, 0x00000000e0000000)
  object space 53248K, 27% used [0x00000000a0000000,0x00000000a0e82f78,0x00000000a3400000)
 Metaspace       used 41753K, capacity 42586K, committed 42880K, reserved 1085440K
  class space    used 5632K, capacity 5926K, committed 6016K, reserved 1048576K
Event: 17.659 GC heap after
Heap after GC invocations=13 (full 2):
 PSYoungGen      total 130560K, used 11258K [0x00000000e0000000, 0x00000000eb680000, 0x0000000100000000)
  eden space 119296K, 0% used [0x00000000e0000000,0x00000000e0000000,0x00000000e7480000)
  from space 11264K, 99% used [0x00000000e7480000,0x00000000e7f7eb78,0x00000000e7f80000)
  to   space 13824K, 0% used [0x00000000ea900000,0x00000000ea900000,0x00000000eb680000)
 ParOldGen       total 53248K, used 17621K [0x00000000a0000000, 0x00000000a3400000, 0x00000000e0000000)
  object space 53248K, 33% used [0x00000000a0000000,0x00000000a11354a0,0x00000000a3400000)
 Metaspace       used 41753K, capacity 42586K, committed 42880K, reserved 1085440K
  class space    used 5632K, capacity 5926K, committed 6016K, reserved 1048576K
}
Event: 22.585 GC heap before
{Heap before GC invocations=14 (full 2):
 PSYoungGen      total 130560K, used 130554K [0x00000000e0000000, 0x00000000eb680000, 0x0000000100000000)
  eden space 119296K, 100% used [0x00000000e0000000,0x00000000e7480000,0x00000000e7480000)
  from space 11264K, 99% used [0x00000000e7480000,0x00000000e7f7eb78,0x00000000e7f80000)
  to   space 13824K, 0% used [0x00000000ea900000,0x00000000ea900000,0x00000000eb680000)
 ParOldGen       total 53248K, used 17621K [0x00000000a0000000, 0x00000000a3400000, 0x00000000e0000000)
  object space 53248K, 33% used [0x00000000a0000000,0x00000000a11354a0,0x00000000a3400000)
 Metaspace       used 52918K, capacity 54536K, committed 54784K, reserved 1095680K
  class space    used 7177K, capacity 7595K, committed 7680K, reserved 1048576K
Event: 22.675 GC heap after
Heap after GC invocations=14 (full 2):
 PSYoungGen      total 168448K, used 13805K [0x00000000e0000000, 0x00000000ebd00000, 0x0000000100000000)
  eden space 154624K, 0% used [0x00000000e0000000,0x00000000e0000000,0x00000000e9700000)
  from space 13824K, 99% used [0x00000000ea900000,0x00000000eb67b4f0,0x00000000eb680000)
  to   space 18432K, 0% used [0x00000000e9700000,0x00000000e9700000,0x00000000ea900000)
 ParOldGen       total 53248K, used 24118K [0x00000000a0000000, 0x00000000a3400000, 0x00000000e0000000)
  object space 53248K, 45% used [0x00000000a0000000,0x00000000a178d860,0x00000000a3400000)
 Metaspace       used 52918K, capacity 54536K, committed 54784K, reserved 1095680K
  class space    used 7177K, capacity 7595K, committed 7680K, reserved 1048576K
}

