# JRE version: OpenJDK Runtime Environment (8.0_152-b06) (build 1.8.0_152-release-1136-b06)
# Java VM: OpenJDK 64-Bit Server VM (25.152-b06 mixed mode windows-amd64 compressed oops)
Heap:
 PSYoungGen      total 219648K, used 191249K [0x00000000e0000000, 0x00000000f7b00000, 0x0000000100000000)
  eden space 195584K, 92% used [0x00000000e0000000,0x00000000eb04d4d8,0x00000000ebf00000)
  from space 24064K, 44% used [0x00000000ebf00000,0x00000000ec9770f0,0x00000000ed680000)
  to   space 64512K, 0% used [0x00000000f3c00000,0x00000000f3c00000,0x00000000f7b00000)
 ParOldGen       total 259584K, used 153069K [0x00000000a0000000, 0x00000000afd80000, 0x00000000e0000000)
  object space 259584K, 58% used [0x00000000a0000000,0x00000000a957b650,0x00000000afd80000)
 Metaspace       used 70440K, capacity 72172K, committed 72448K, reserved 1112064K
  class space    used 9247K, capacity 9681K, committed 9728K, reserved 1048576K
GC Heap History (10 events):
Event: 39.420 GC heap before
{Heap before GC invocations=15 (full 2):
 PSYoungGen      total 172032K, used 161912K [0x00000000e0000000, 0x00000000eb980000, 0x0000000100000000)
  eden space 159232K, 94% used [0x00000000e0000000,0x00000000e92cbbf8,0x00000000e9b80000)
  from space 12800K, 90% used [0x00000000ead00000,0x00000000eb852578,0x00000000eb980000)
  to   space 15360K, 0% used [0x00000000e9b80000,0x00000000e9b80000,0x00000000eaa80000)
 ParOldGen       total 51200K, used 26523K [0x00000000a0000000, 0x00000000a3200000, 0x00000000e0000000)
  object space 51200K, 51% used [0x00000000a0000000,0x00000000a19e6ee8,0x00000000a3200000)
 Metaspace       used 57236K, capacity 58952K, committed 59028K, reserved 1099776K
  class space    used 7758K, capacity 8169K, committed 8192K, reserved 1048576K
Event: 39.479 GC heap after
Heap after GC invocations=15 (full 2):
 PSYoungGen      total 174592K, used 13015K [0x00000000e0000000, 0x00000000ee780000, 0x0000000100000000)
  eden space 159232K, 0% used [0x00000000e0000000,0x00000000e0000000,0x00000000e9b80000)
  from space 15360K, 84% used [0x00000000e9b80000,0x00000000ea835c38,0x00000000eaa80000)
  to   space 16384K, 0% used [0x00000000ed780000,0x00000000ed780000,0x00000000ee780000)
 ParOldGen       total 51200K, used 31040K [0x00000000a0000000, 0x00000000a3200000, 0x00000000e0000000)
  object space 51200K, 60% used [0x00000000a0000000,0x00000000a1e50200,0x00000000a3200000)
 Metaspace       used 57236K, capacity 58952K, committed 59028K, reserved 1099776K
  class space    used 7758K, capacity 8169K, committed 8192K, reserved 1048576K
}
Event: 39.479 GC heap before
{Heap before GC invocations=16 (full 3):
 PSYoungGen      total 174592K, used 13015K [0x00000000e0000000, 0x00000000ee780000, 0x0000000100000000)
  eden space 159232K, 0% used [0x00000000e0000000,0x00000000e0000000,0x00000000e9b80000)
  from space 15360K, 84% used [0x00000000e9b80000,0x00000000ea835c38,0x00000000eaa80000)
  to   space 16384K, 0% used [0x00000000ed780000,0x00000000ed780000,0x00000000ee780000)
 ParOldGen       total 51200K, used 31040K [0x00000000a0000000, 0x00000000a3200000, 0x00000000e0000000)
  object space 51200K, 60% used [0x00000000a0000000,0x00000000a1e50200,0x00000000a3200000)
 Metaspace       used 57236K, capacity 58952K, committed 59028K, reserved 1099776K
  class space    used 7758K, capacity 8169K, committed 8192K, reserved 1048576K
Event: 40.358 GC heap after
Heap after GC invocations=16 (full 3):
 PSYoungGen      total 174592K, used 0K [0x00000000e0000000, 0x00000000ee780000, 0x0000000100000000)
  eden space 159232K, 0% used [0x00000000e0000000,0x00000000e0000000,0x00000000e9b80000)
  from space 15360K, 0% used [0x00000000e9b80000,0x00000000e9b80000,0x00000000eaa80000)
  to   space 16384K, 0% used [0x00000000ed780000,0x00000000ed780000,0x00000000ee780000)
 ParOldGen       total 91648K, used 39487K [0x00000000a0000000, 0x00000000a5980000, 0x00000000e0000000)
  object space 91648K, 43% used [0x00000000a0000000,0x00000000a268fce0,0x00000000a5980000)
 Metaspace       used 57236K, capacity 58952K, committed 59028K, reserved 1099776K
  class space    used 7758K, capacity 8169K, committed 8192K, reserved 1048576K
}
Event: 60.264 GC heap before
{Heap before GC invocations=17 (full 3):
 PSYoungGen      total 174592K, used 159232K [0x00000000e0000000, 0x00000000ee780000, 0x0000000100000000)
  eden space 159232K, 100% used [0x00000000e0000000,0x00000000e9b80000,0x00000000e9b80000)
  from space 15360K, 0% used [0x00000000e9b80000,0x00000000e9b80000,0x00000000eaa80000)
  to   space 16384K, 0% used [0x00000000ed780000,0x00000000ed780000,0x00000000ee780000)
 ParOldGen       total 91648K, used 39487K [0x00000000a0000000, 0x00000000a5980000, 0x00000000e0000000)
  object space 91648K, 43% used [0x00000000a0000000,0x00000000a268fce0,0x00000000a5980000)
 Metaspace       used 64882K, capacity 66568K, committed 66816K, reserved 1107968K
  class space    used 8697K, capacity 9107K, committed 9216K, reserved 1048576K
Event: 60.450 GC heap after
Heap after GC invocations=17 (full 3):
 PSYoungGen      total 211968K, used 16381K [0x00000000e0000000, 0x00000000eee00000, 0x0000000100000000)
  eden space 195584K, 0% used [0x00000000e0000000,0x00000000e0000000,0x00000000ebf00000)
  from space 16384K, 99% used [0x00000000ed780000,0x00000000ee77f660,0x00000000ee780000)
  to   space 24064K, 0% used [0x00000000ebf00000,0x00000000ebf00000,0x00000000ed680000)
 ParOldGen       total 91648K, used 53452K [0x00000000a0000000, 0x00000000a5980000, 0x00000000e0000000)
  object space 91648K, 58% used [0x00000000a0000000,0x00000000a34330d0,0x00000000a5980000)
 Metaspace       used 64882K, capacity 66568K, committed 66816K, reserved 1107968K
  class space    used 8697K, capacity 9107K, committed 9216K, reserved 1048576K
}
Event: 64.419 GC heap before
{Heap before GC invocations=18 (full 3):
 PSYoungGen      total 211968K, used 211965K [0x00000000e0000000, 0x00000000eee00000, 0x0000000100000000)
  eden space 195584K, 100% used [0x00000000e0000000,0x00000000ebf00000,0x00000000ebf00000)
  from space 16384K, 99% used [0x00000000ed780000,0x00000000ee77f660,0x00000000ee780000)
  to   space 24064K, 0% used [0x00000000ebf00000,0x00000000ebf00000,0x00000000ed680000)
 ParOldGen       total 91648K, used 53452K [0x00000000a0000000, 0x00000000a5980000, 0x00000000e0000000)
  object space 91648K, 58% used [0x00000000a0000000,0x00000000a34330d0,0x00000000a5980000)
 Metaspace       used 69306K, capacity 71084K, committed 71424K, reserved 1112064K
  class space    used 9171K, capacity 9617K, committed 9728K, reserved 1048576K
Event: 64.774 GC heap after
Heap after GC invocations=18 (full 3):
 PSYoungGen      total 219648K, used 24059K [0x00000000e0000000, 0x00000000f7b00000, 0x0000000100000000)
  eden space 195584K, 0% used [0x00000000e0000000,0x00000000e0000000,0x00000000ebf00000)
  from space 24064K, 99% used [0x00000000ebf00000,0x00000000ed67eee0,0x00000000ed680000)
  to   space 64512K, 0% used [0x00000000f3c00000,0x00000000f3c00000,0x00000000f7b00000)
 ParOldGen       total 153088K, used 152625K [0x00000000a0000000, 0x00000000a9580000, 0x00000000e0000000)
  object space 153088K, 99% used [0x00000000a0000000,0x00000000a950c740,0x00000000a9580000)
 Metaspace       used 69306K, capacity 71084K, committed 71424K, reserved 1112064K
  class space    used 9171K, capacity 9617K, committed 9728K, reserved 1048576K
}
Event: 64.774 GC heap before
{Heap before GC invocations=19 (full 4):
 PSYoungGen      total 219648K, used 24059K [0x00000000e0000000, 0x00000000f7b00000, 0x0000000100000000)
  eden space 195584K, 0% used [0x00000000e0000000,0x00000000e0000000,0x00000000ebf00000)
  from space 24064K, 99% used [0x00000000ebf00000,0x00000000ed67eee0,0x00000000ed680000)
  to   space 64512K, 0% used [0x00000000f3c00000,0x00000000f3c00000,0x00000000f7b00000)
 ParOldGen       total 153088K, used 152625K [0x00000000a0000000, 0x00000000a9580000, 0x00000000e0000000)
  object space 153088K, 99% used [0x00000000a0000000,0x00000000a950c740,0x00000000a9580000)
 Metaspace       used 69306K, capacity 71084K, committed 71424K, reserved 1112064K
  class space    used 9171K, capacity 9617K, committed 9728K, reserved 1048576K
Event: 67.190 GC heap after
Heap after GC invocations=19 (full 4):
 PSYoungGen      total 219648K, used 10716K [0x00000000e0000000, 0x00000000f7b00000, 0x0000000100000000)
  eden space 195584K, 0% used [0x00000000e0000000,0x00000000e0000000,0x00000000ebf00000)
  from space 24064K, 44% used [0x00000000ebf00000,0x00000000ec9770f0,0x00000000ed680000)
  to   space 64512K, 0% used [0x00000000f3c00000,0x00000000f3c00000,0x00000000f7b00000)
 ParOldGen       total 259584K, used 153069K [0x00000000a0000000, 0x00000000afd80000, 0x00000000e0000000)
  object space 259584K, 58% used [0x00000000a0000000,0x00000000a957b650,0x00000000afd80000)
 Metaspace       used 69306K, capacity 71084K, committed 71424K, reserved 1112064K
  class space    used 9171K, capacity 9617K, committed 9728K, reserved 1048576K
}

