# JRE version: OpenJDK Runtime Environment (8.0_152-b06) (build 1.8.0_152-release-1136-b06)
# Java VM: OpenJDK 64-Bit Server VM (25.152-b06 mixed mode windows-amd64 compressed oops)
Heap:
 PSYoungGen      total 135680K, used 15400K [0x00000000e0000000, 0x00000000ec680000, 0x0000000100000000)
  eden space 124928K, 3% used [0x00000000e0000000,0x00000000e048c9c0,0x00000000e7a00000)
  from space 10752K, 99% used [0x00000000e7a00000,0x00000000e847da30,0x00000000e8480000)
  to   space 13824K, 0% used [0x00000000eb900000,0x00000000eb900000,0x00000000ec680000)
 ParOldGen       total 48128K, used 17773K [0x00000000a0000000, 0x00000000a2f00000, 0x00000000e0000000)
  object space 48128K, 36% used [0x00000000a0000000,0x00000000a115b720,0x00000000a2f00000)
 Metaspace       used 42840K, capacity 43656K, committed 44032K, reserved 1087488K
  class space    used 5789K, capacity 6063K, committed 6144K, reserved 1048576K
GC Heap History (10 events):
Event: 11.802 GC heap before
{Heap before GC invocations=9 (full 1):
 PSYoungGen      total 69632K, used 61952K [0x00000000e0000000, 0x00000000e8900000, 0x0000000100000000)
  eden space 61952K, 100% used [0x00000000e0000000,0x00000000e3c80000,0x00000000e3c80000)
  from space 7680K, 0% used [0x00000000e3c80000,0x00000000e3c80000,0x00000000e4400000)
  to   space 8192K, 0% used [0x00000000e8100000,0x00000000e8100000,0x00000000e8900000)
 ParOldGen       total 37376K, used 10843K [0x00000000a0000000, 0x00000000a2480000, 0x00000000e0000000)
  object space 37376K, 29% used [0x00000000a0000000,0x00000000a0a96fd8,0x00000000a2480000)
 Metaspace       used 26551K, capacity 26966K, committed 27136K, reserved 1073152K
  class space    used 3636K, capacity 3797K, committed 3840K, reserved 1048576K
Event: 11.850 GC heap after
Heap after GC invocations=9 (full 1):
 PSYoungGen      total 102400K, used 6777K [0x00000000e0000000, 0x00000000e8800000, 0x0000000100000000)
  eden space 95232K, 0% used [0x00000000e0000000,0x00000000e0000000,0x00000000e5d00000)
  from space 7168K, 94% used [0x00000000e8100000,0x00000000e879e6a8,0x00000000e8800000)
  to   space 8704K, 0% used [0x00000000e7700000,0x00000000e7700000,0x00000000e7f80000)
 ParOldGen       total 37376K, used 10851K [0x00000000a0000000, 0x00000000a2480000, 0x00000000e0000000)
  object space 37376K, 29% used [0x00000000a0000000,0x00000000a0a98fd8,0x00000000a2480000)
 Metaspace       used 26551K, capacity 26966K, committed 27136K, reserved 1073152K
  class space    used 3636K, capacity 3797K, committed 3840K, reserved 1048576K
}
Event: 16.372 GC heap before
{Heap before GC invocations=10 (full 1):
 PSYoungGen      total 102400K, used 102009K [0x00000000e0000000, 0x00000000e8800000, 0x0000000100000000)
  eden space 95232K, 100% used [0x00000000e0000000,0x00000000e5d00000,0x00000000e5d00000)
  from space 7168K, 94% used [0x00000000e8100000,0x00000000e879e6a8,0x00000000e8800000)
  to   space 8704K, 0% used [0x00000000e7700000,0x00000000e7700000,0x00000000e7f80000)
 ParOldGen       total 37376K, used 10851K [0x00000000a0000000, 0x00000000a2480000, 0x00000000e0000000)
  object space 37376K, 29% used [0x00000000a0000000,0x00000000a0a98fd8,0x00000000a2480000)
 Metaspace       used 34005K, capacity 34580K, committed 34688K, reserved 1079296K
  class space    used 4745K, capacity 4952K, committed 4992K, reserved 1048576K
Event: 16.414 GC heap after
Heap after GC invocations=10 (full 1):
 PSYoungGen      total 130560K, used 8699K [0x00000000e0000000, 0x00000000e8f80000, 0x0000000100000000)
  eden space 121856K, 0% used [0x00000000e0000000,0x00000000e0000000,0x00000000e7700000)
  from space 8704K, 99% used [0x00000000e7700000,0x00000000e7f7ed50,0x00000000e7f80000)
  to   space 11264K, 0% used [0x00000000e8480000,0x00000000e8480000,0x00000000e8f80000)
 ParOldGen       total 37376K, used 14272K [0x00000000a0000000, 0x00000000a2480000, 0x00000000e0000000)
  object space 37376K, 38% used [0x00000000a0000000,0x00000000a0df02d8,0x00000000a2480000)
 Metaspace       used 34005K, capacity 34580K, committed 34688K, reserved 1079296K
  class space    used 4745K, capacity 4952K, committed 4992K, reserved 1048576K
}
Event: 16.554 GC heap before
{Heap before GC invocations=11 (full 1):
 PSYoungGen      total 130560K, used 13020K [0x00000000e0000000, 0x00000000e8f80000, 0x0000000100000000)
  eden space 121856K, 3% used [0x00000000e0000000,0x00000000e0438688,0x00000000e7700000)
  from space 8704K, 99% used [0x00000000e7700000,0x00000000e7f7ed50,0x00000000e7f80000)
  to   space 11264K, 0% used [0x00000000e8480000,0x00000000e8480000,0x00000000e8f80000)
 ParOldGen       total 37376K, used 14272K [0x00000000a0000000, 0x00000000a2480000, 0x00000000e0000000)
  object space 37376K, 38% used [0x00000000a0000000,0x00000000a0df02d8,0x00000000a2480000)
 Metaspace       used 34746K, capacity 35284K, committed 35416K, reserved 1079296K
  class space    used 4805K, capacity 5016K, committed 5120K, reserved 1048576K
Event: 16.582 GC heap after
Heap after GC invocations=11 (full 1):
 PSYoungGen      total 136192K, used 4519K [0x00000000e0000000, 0x00000000ec380000, 0x0000000100000000)
  eden space 124928K, 0% used [0x00000000e0000000,0x00000000e0000000,0x00000000e7a00000)
  from space 11264K, 40% used [0x00000000e8480000,0x00000000e88e9f28,0x00000000e8f80000)
  to   space 10752K, 0% used [0x00000000e7a00000,0x00000000e7a00000,0x00000000e8480000)
 ParOldGen       total 37376K, used 17049K [0x00000000a0000000, 0x00000000a2480000, 0x00000000e0000000)
  object space 37376K, 45% used [0x00000000a0000000,0x00000000a10a6678,0x00000000a2480000)
 Metaspace       used 34746K, capacity 35284K, committed 35416K, reserved 1079296K
  class space    used 4805K, capacity 5016K, committed 5120K, reserved 1048576K
}
Event: 16.583 GC heap before
{Heap before GC invocations=12 (full 2):
 PSYoungGen      total 136192K, used 4519K [0x00000000e0000000, 0x00000000ec380000, 0x0000000100000000)
  eden space 124928K, 0% used [0x00000000e0000000,0x00000000e0000000,0x00000000e7a00000)
  from space 11264K, 40% used [0x00000000e8480000,0x00000000e88e9f28,0x00000000e8f80000)
  to   space 10752K, 0% used [0x00000000e7a00000,0x00000000e7a00000,0x00000000e8480000)
 ParOldGen       total 37376K, used 17049K [0x00000000a0000000, 0x00000000a2480000, 0x00000000e0000000)
  object space 37376K, 45% used [0x00000000a0000000,0x00000000a10a6678,0x00000000a2480000)
 Metaspace       used 34746K, capacity 35284K, committed 35416K, reserved 1079296K
  class space    used 4805K, capacity 5016K, committed 5120K, reserved 1048576K
Event: 16.803 GC heap after
Heap after GC invocations=12 (full 2):
 PSYoungGen      total 136192K, used 0K [0x00000000e0000000, 0x00000000ec380000, 0x0000000100000000)
  eden space 124928K, 0% used [0x00000000e0000000,0x00000000e0000000,0x00000000e7a00000)
  from space 11264K, 0% used [0x00000000e8480000,0x00000000e8480000,0x00000000e8f80000)
  to   space 10752K, 0% used [0x00000000e7a00000,0x00000000e7a00000,0x00000000e8480000)
 ParOldGen       total 48128K, used 13870K [0x00000000a0000000, 0x00000000a2f00000, 0x00000000e0000000)
  object space 48128K, 28% used [0x00000000a0000000,0x00000000a0d8b8e0,0x00000000a2f00000)
 Metaspace       used 34746K, capacity 35284K, committed 35416K, reserved 1079296K
  class space    used 4805K, capacity 5016K, committed 5120K, reserved 1048576K
}
Event: 21.345 GC heap before
{Heap before GC invocations=13 (full 2):
 PSYoungGen      total 136192K, used 124928K [0x00000000e0000000, 0x00000000ec380000, 0x0000000100000000)
  eden space 124928K, 100% used [0x00000000e0000000,0x00000000e7a00000,0x00000000e7a00000)
  from space 11264K, 0% used [0x00000000e8480000,0x00000000e8480000,0x00000000e8f80000)
  to   space 10752K, 0% used [0x00000000e7a00000,0x00000000e7a00000,0x00000000e8480000)
 ParOldGen       total 48128K, used 13870K [0x00000000a0000000, 0x00000000a2f00000, 0x00000000e0000000)
  object space 48128K, 28% used [0x00000000a0000000,0x00000000a0d8b8e0,0x00000000a2f00000)
 Metaspace       used 42251K, capacity 43024K, committed 43136K, reserved 1087488K
  class space    used 5710K, capacity 5961K, committed 6016K, reserved 1048576K
Event: 21.391 GC heap after
Heap after GC invocations=13 (full 2):
 PSYoungGen      total 135680K, used 10742K [0x00000000e0000000, 0x00000000ec680000, 0x0000000100000000)
  eden space 124928K, 0% used [0x00000000e0000000,0x00000000e0000000,0x00000000e7a00000)
  from space 10752K, 99% used [0x00000000e7a00000,0x00000000e847da30,0x00000000e8480000)
  to   space 13824K, 0% used [0x00000000eb900000,0x00000000eb900000,0x00000000ec680000)
 ParOldGen       total 48128K, used 17773K [0x00000000a0000000, 0x00000000a2f00000, 0x00000000e0000000)
  object space 48128K, 36% used [0x00000000a0000000,0x00000000a115b720,0x00000000a2f00000)
 Metaspace       used 42251K, capacity 43024K, committed 43136K, reserved 1087488K
  class space    used 5710K, capacity 5961K, committed 6016K, reserved 1048576K
}

