# JRE version: OpenJDK Runtime Environment (8.0_152-b06) (build 1.8.0_152-release-1136-b06)
# Java VM: OpenJDK 64-Bit Server VM (25.152-b06 mixed mode windows-amd64 compressed oops)
Heap:
 PSYoungGen      total 287744K, used 236084K [0x00000000e0000000, 0x00000000f5c00000, 0x0000000100000000)
  eden space 263680K, 83% used [0x00000000e0000000,0x00000000ed75df28,0x00000000f0180000)
  from space 24064K, 64% used [0x00000000f1980000,0x00000000f28af448,0x00000000f3100000)
  to   space 24576K, 0% used [0x00000000f0180000,0x00000000f0180000,0x00000000f1980000)
 ParOldGen       total 104448K, used 51537K [0x00000000a0000000, 0x00000000a6600000, 0x00000000e0000000)
  object space 104448K, 49% used [0x00000000a0000000,0x00000000a3254680,0x00000000a6600000)
 Metaspace       used 78307K, capacity 81846K, committed 81920K, reserved 1120256K
  class space    used 9972K, capacity 10749K, committed 10752K, reserved 1048576K
GC Heap History (10 events):
Event: 3475.787 GC heap before
{Heap before GC invocations=21 (full 3):
 PSYoungGen      total 252416K, used 244578K [0x00000000e0000000, 0x00000000f2780000, 0x0000000100000000)
  eden space 229888K, 100% used [0x00000000e0000000,0x00000000ee080000,0x00000000ee080000)
  from space 22528K, 65% used [0x00000000ee080000,0x00000000eeed8ac8,0x00000000ef680000)
  to   space 23040K, 0% used [0x00000000f1100000,0x00000000f1100000,0x00000000f2780000)
 ParOldGen       total 104448K, used 51513K [0x00000000a0000000, 0x00000000a6600000, 0x00000000e0000000)
  object space 104448K, 49% used [0x00000000a0000000,0x00000000a324e680,0x00000000a6600000)
 Metaspace       used 68055K, capacity 70866K, committed 70912K, reserved 1110016K
  class space    used 8801K, capacity 9445K, committed 9472K, reserved 1048576K
Event: 3475.824 GC heap after
Heap after GC invocations=21 (full 3):
 PSYoungGen      total 268288K, used 6651K [0x00000000e0000000, 0x00000000f2180000, 0x0000000100000000)
  eden space 251392K, 0% used [0x00000000e0000000,0x00000000e0000000,0x00000000ef580000)
  from space 16896K, 39% used [0x00000000f1100000,0x00000000f177ee90,0x00000000f2180000)
  to   space 22528K, 0% used [0x00000000ef580000,0x00000000ef580000,0x00000000f0b80000)
 ParOldGen       total 104448K, used 51521K [0x00000000a0000000, 0x00000000a6600000, 0x00000000e0000000)
  object space 104448K, 49% used [0x00000000a0000000,0x00000000a3250680,0x00000000a6600000)
 Metaspace       used 68055K, capacity 70866K, committed 70912K, reserved 1110016K
  class space    used 8801K, capacity 9445K, committed 9472K, reserved 1048576K
}
Event: 5711.897 GC heap before
{Heap before GC invocations=22 (full 3):
 PSYoungGen      total 268288K, used 258043K [0x00000000e0000000, 0x00000000f2180000, 0x0000000100000000)
  eden space 251392K, 100% used [0x00000000e0000000,0x00000000ef580000,0x00000000ef580000)
  from space 16896K, 39% used [0x00000000f1100000,0x00000000f177ee90,0x00000000f2180000)
  to   space 22528K, 0% used [0x00000000ef580000,0x00000000ef580000,0x00000000f0b80000)
 ParOldGen       total 104448K, used 51521K [0x00000000a0000000, 0x00000000a6600000, 0x00000000e0000000)
  object space 104448K, 49% used [0x00000000a0000000,0x00000000a3250680,0x00000000a6600000)
 Metaspace       used 68954K, capacity 71964K, committed 72064K, reserved 1112064K
  class space    used 8910K, capacity 9584K, committed 9600K, reserved 1048576K
Event: 5712.372 GC heap after
Heap after GC invocations=22 (full 3):
 PSYoungGen      total 273920K, used 12250K [0x00000000e0000000, 0x00000000f3300000, 0x0000000100000000)
  eden space 251392K, 0% used [0x00000000e0000000,0x00000000e0000000,0x00000000ef580000)
  from space 22528K, 54% used [0x00000000ef580000,0x00000000f0176aa8,0x00000000f0b80000)
  to   space 22016K, 0% used [0x00000000f1d80000,0x00000000f1d80000,0x00000000f3300000)
 ParOldGen       total 104448K, used 51529K [0x00000000a0000000, 0x00000000a6600000, 0x00000000e0000000)
  object space 104448K, 49% used [0x00000000a0000000,0x00000000a3252680,0x00000000a6600000)
 Metaspace       used 68954K, capacity 71964K, committed 72064K, reserved 1112064K
  class space    used 8910K, capacity 9584K, committed 9600K, reserved 1048576K
}
Event: 5736.440 GC heap before
{Heap before GC invocations=23 (full 3):
 PSYoungGen      total 273920K, used 263616K [0x00000000e0000000, 0x00000000f3300000, 0x0000000100000000)
  eden space 251392K, 99% used [0x00000000e0000000,0x00000000ef579608,0x00000000ef580000)
  from space 22528K, 54% used [0x00000000ef580000,0x00000000f0176aa8,0x00000000f0b80000)
  to   space 22016K, 0% used [0x00000000f1d80000,0x00000000f1d80000,0x00000000f3300000)
 ParOldGen       total 104448K, used 51529K [0x00000000a0000000, 0x00000000a6600000, 0x00000000e0000000)
  object space 104448K, 49% used [0x00000000a0000000,0x00000000a3252680,0x00000000a6600000)
 Metaspace       used 69808K, capacity 72866K, committed 73088K, reserved 1112064K
  class space    used 9023K, capacity 9755K, committed 9856K, reserved 1048576K
Event: 5736.493 GC heap after
Heap after GC invocations=23 (full 3):
 PSYoungGen      total 247296K, used 5840K [0x00000000e0000000, 0x00000000f2380000, 0x0000000100000000)
  eden space 241152K, 0% used [0x00000000e0000000,0x00000000e0000000,0x00000000eeb80000)
  from space 6144K, 95% used [0x00000000f1d80000,0x00000000f2334080,0x00000000f2380000)
  to   space 21504K, 0% used [0x00000000ef980000,0x00000000ef980000,0x00000000f0e80000)
 ParOldGen       total 104448K, used 51529K [0x00000000a0000000, 0x00000000a6600000, 0x00000000e0000000)
  object space 104448K, 49% used [0x00000000a0000000,0x00000000a3252680,0x00000000a6600000)
 Metaspace       used 69808K, capacity 72866K, committed 73088K, reserved 1112064K
  class space    used 9023K, capacity 9755K, committed 9856K, reserved 1048576K
}
Event: 5761.752 GC heap before
{Heap before GC invocations=24 (full 3):
 PSYoungGen      total 247296K, used 246925K [0x00000000e0000000, 0x00000000f2380000, 0x0000000100000000)
  eden space 241152K, 99% used [0x00000000e0000000,0x00000000eeb6f698,0x00000000eeb80000)
  from space 6144K, 95% used [0x00000000f1d80000,0x00000000f2334080,0x00000000f2380000)
  to   space 21504K, 0% used [0x00000000ef980000,0x00000000ef980000,0x00000000f0e80000)
 ParOldGen       total 104448K, used 51529K [0x00000000a0000000, 0x00000000a6600000, 0x00000000e0000000)
  object space 104448K, 49% used [0x00000000a0000000,0x00000000a3252680,0x00000000a6600000)
 Metaspace       used 76395K, capacity 79608K, committed 79872K, reserved 1118208K
  class space    used 9734K, capacity 10486K, committed 10496K, reserved 1048576K
Event: 5762.557 GC heap after
Heap after GC invocations=24 (full 3):
 PSYoungGen      total 276992K, used 19186K [0x00000000e0000000, 0x00000000f3100000, 0x0000000100000000)
  eden space 255488K, 0% used [0x00000000e0000000,0x00000000e0000000,0x00000000ef980000)
  from space 21504K, 89% used [0x00000000ef980000,0x00000000f0c3caa0,0x00000000f0e80000)
  to   space 24064K, 0% used [0x00000000f1980000,0x00000000f1980000,0x00000000f3100000)
 ParOldGen       total 104448K, used 51529K [0x00000000a0000000, 0x00000000a6600000, 0x00000000e0000000)
  object space 104448K, 49% used [0x00000000a0000000,0x00000000a3252680,0x00000000a6600000)
 Metaspace       used 76395K, capacity 79608K, committed 79872K, reserved 1118208K
  class space    used 9734K, capacity 10486K, committed 10496K, reserved 1048576K
}
Event: 5762.903 GC heap before
{Heap before GC invocations=25 (full 3):
 PSYoungGen      total 276992K, used 274194K [0x00000000e0000000, 0x00000000f3100000, 0x0000000100000000)
  eden space 255488K, 99% used [0x00000000e0000000,0x00000000ef907f68,0x00000000ef980000)
  from space 21504K, 89% used [0x00000000ef980000,0x00000000f0c3caa0,0x00000000f0e80000)
  to   space 24064K, 0% used [0x00000000f1980000,0x00000000f1980000,0x00000000f3100000)
 ParOldGen       total 104448K, used 51529K [0x00000000a0000000, 0x00000000a6600000, 0x00000000e0000000)
  object space 104448K, 49% used [0x00000000a0000000,0x00000000a3252680,0x00000000a6600000)
 Metaspace       used 76508K, capacity 79726K, committed 80000K, reserved 1118208K
  class space    used 9751K, capacity 10499K, committed 10624K, reserved 1048576K
Event: 5762.962 GC heap after
Heap after GC invocations=25 (full 3):
 PSYoungGen      total 287744K, used 15549K [0x00000000e0000000, 0x00000000f5c00000, 0x0000000100000000)
  eden space 263680K, 0% used [0x00000000e0000000,0x00000000e0000000,0x00000000f0180000)
  from space 24064K, 64% used [0x00000000f1980000,0x00000000f28af448,0x00000000f3100000)
  to   space 24576K, 0% used [0x00000000f0180000,0x00000000f0180000,0x00000000f1980000)
 ParOldGen       total 104448K, used 51537K [0x00000000a0000000, 0x00000000a6600000, 0x00000000e0000000)
  object space 104448K, 49% used [0x00000000a0000000,0x00000000a3254680,0x00000000a6600000)
 Metaspace       used 76508K, capacity 79726K, committed 80000K, reserved 1118208K
  class space    used 9751K, capacity 10499K, committed 10624K, reserved 1048576K
}

