# JRE version: OpenJDK Runtime Environment (8.0_152-b06) (build 1.8.0_152-release-1136-b06)
# Java VM: OpenJDK 64-Bit Server VM (25.152-b06 mixed mode windows-amd64 compressed oops)
Heap:
 PSYoungGen      total 326656K, used 87210K [0x00000000e0000000, 0x00000000fa000000, 0x0000000100000000)
  eden space 267776K, 27% used [0x00000000e0000000,0x00000000e4726af0,0x00000000f0580000)
  from space 58880K, 24% used [0x00000000f0580000,0x00000000f1383f08,0x00000000f3f00000)
  to   space 28672K, 0% used [0x00000000f3f00000,0x00000000f3f00000,0x00000000f5b00000)
 ParOldGen       total 147968K, used 48269K [0x00000000a0000000, 0x00000000a9080000, 0x00000000e0000000)
  object space 147968K, 32% used [0x00000000a0000000,0x00000000a2f237b0,0x00000000a9080000)
 Metaspace       used 93960K, capacity 97120K, committed 97684K, reserved 1134592K
  class space    used 11867K, capacity 12540K, committed 12692K, reserved 1048576K
GC Heap History (10 events):
Event: 6025.965 GC heap before
{Heap before GC invocations=20 (full 3):
 PSYoungGen      total 266752K, used 265986K [0x00000000e0000000, 0x00000000f2100000, 0x0000000100000000)
  eden space 253952K, 100% used [0x00000000e0000000,0x00000000ef800000,0x00000000ef800000)
  from space 12800K, 94% used [0x00000000f1480000,0x00000000f2040a40,0x00000000f2100000)
  to   space 20992K, 0% used [0x00000000ef800000,0x00000000ef800000,0x00000000f0c80000)
 ParOldGen       total 101888K, used 53604K [0x00000000a0000000, 0x00000000a6380000, 0x00000000e0000000)
  object space 101888K, 52% used [0x00000000a0000000,0x00000000a34591e8,0x00000000a6380000)
 Metaspace       used 76605K, capacity 79224K, committed 79380K, reserved 1118208K
  class space    used 10077K, capacity 10748K, committed 10772K, reserved 1048576K
Event: 6026.086 GC heap after
Heap after GC invocations=20 (full 3):
 PSYoungGen      total 274944K, used 20964K [0x00000000e0000000, 0x00000000f5b00000, 0x0000000100000000)
  eden space 253952K, 0% used [0x00000000e0000000,0x00000000e0000000,0x00000000ef800000)
  from space 20992K, 99% used [0x00000000ef800000,0x00000000f0c793a0,0x00000000f0c80000)
  to   space 28672K, 0% used [0x00000000f3f00000,0x00000000f3f00000,0x00000000f5b00000)
 ParOldGen       total 101888K, used 64779K [0x00000000a0000000, 0x00000000a6380000, 0x00000000e0000000)
  object space 101888K, 63% used [0x00000000a0000000,0x00000000a3f42e78,0x00000000a6380000)
 Metaspace       used 76605K, capacity 79224K, committed 79380K, reserved 1118208K
  class space    used 10077K, capacity 10748K, committed 10772K, reserved 1048576K
}
Event: 6032.044 GC heap before
{Heap before GC invocations=21 (full 3):
 PSYoungGen      total 274944K, used 274916K [0x00000000e0000000, 0x00000000f5b00000, 0x0000000100000000)
  eden space 253952K, 100% used [0x00000000e0000000,0x00000000ef800000,0x00000000ef800000)
  from space 20992K, 99% used [0x00000000ef800000,0x00000000f0c793a0,0x00000000f0c80000)
  to   space 28672K, 0% used [0x00000000f3f00000,0x00000000f3f00000,0x00000000f5b00000)
 ParOldGen       total 101888K, used 64779K [0x00000000a0000000, 0x00000000a6380000, 0x00000000e0000000)
  object space 101888K, 63% used [0x00000000a0000000,0x00000000a3f42e78,0x00000000a6380000)
 Metaspace       used 81404K, capacity 84144K, committed 84500K, reserved 1122304K
  class space    used 10555K, capacity 11224K, committed 11284K, reserved 1048576K
Event: 6032.446 GC heap after
Heap after GC invocations=21 (full 3):
 PSYoungGen      total 296448K, used 28645K [0x00000000e0000000, 0x00000000fa000000, 0x0000000100000000)
  eden space 267776K, 0% used [0x00000000e0000000,0x00000000e0000000,0x00000000f0580000)
  from space 28672K, 99% used [0x00000000f3f00000,0x00000000f5af9470,0x00000000f5b00000)
  to   space 58880K, 0% used [0x00000000f0580000,0x00000000f0580000,0x00000000f3f00000)
 ParOldGen       total 134656K, used 134553K [0x00000000a0000000, 0x00000000a8380000, 0x00000000e0000000)
  object space 134656K, 99% used [0x00000000a0000000,0x00000000a83667d8,0x00000000a8380000)
 Metaspace       used 81404K, capacity 84144K, committed 84500K, reserved 1122304K
  class space    used 10555K, capacity 11224K, committed 11284K, reserved 1048576K
}
Event: 6032.449 GC heap before
{Heap before GC invocations=22 (full 4):
 PSYoungGen      total 296448K, used 28645K [0x00000000e0000000, 0x00000000fa000000, 0x0000000100000000)
  eden space 267776K, 0% used [0x00000000e0000000,0x00000000e0000000,0x00000000f0580000)
  from space 28672K, 99% used [0x00000000f3f00000,0x00000000f5af9470,0x00000000f5b00000)
  to   space 58880K, 0% used [0x00000000f0580000,0x00000000f0580000,0x00000000f3f00000)
 ParOldGen       total 134656K, used 134553K [0x00000000a0000000, 0x00000000a8380000, 0x00000000e0000000)
  object space 134656K, 99% used [0x00000000a0000000,0x00000000a83667d8,0x00000000a8380000)
 Metaspace       used 81404K, capacity 84144K, committed 84500K, reserved 1122304K
  class space    used 10555K, capacity 11224K, committed 11284K, reserved 1048576K
Event: 6036.841 GC heap after
Heap after GC invocations=22 (full 4):
 PSYoungGen      total 296448K, used 0K [0x00000000e0000000, 0x00000000fa000000, 0x0000000100000000)
  eden space 267776K, 0% used [0x00000000e0000000,0x00000000e0000000,0x00000000f0580000)
  from space 28672K, 0% used [0x00000000f3f00000,0x00000000f3f00000,0x00000000f5b00000)
  to   space 58880K, 0% used [0x00000000f0580000,0x00000000f0580000,0x00000000f3f00000)
 ParOldGen       total 134656K, used 132040K [0x00000000a0000000, 0x00000000a8380000, 0x00000000e0000000)
  object space 134656K, 98% used [0x00000000a0000000,0x00000000a80f22e0,0x00000000a8380000)
 Metaspace       used 79710K, capacity 81724K, committed 84500K, reserved 1122304K
  class space    used 10217K, capacity 10724K, committed 11284K, reserved 1048576K
}
Event: 6073.841 GC heap before
{Heap before GC invocations=23 (full 5):
 PSYoungGen      total 296448K, used 267776K [0x00000000e0000000, 0x00000000fa000000, 0x0000000100000000)
  eden space 267776K, 100% used [0x00000000e0000000,0x00000000f0580000,0x00000000f0580000)
  from space 28672K, 0% used [0x00000000f3f00000,0x00000000f3f00000,0x00000000f5b00000)
  to   space 58880K, 0% used [0x00000000f0580000,0x00000000f0580000,0x00000000f3f00000)
 ParOldGen       total 134656K, used 132040K [0x00000000a0000000, 0x00000000a8380000, 0x00000000e0000000)
  object space 134656K, 98% used [0x00000000a0000000,0x00000000a80f22e0,0x00000000a8380000)
 Metaspace       used 82956K, capacity 85186K, committed 86932K, reserved 1124352K
  class space    used 10553K, capacity 11075K, committed 11412K, reserved 1048576K
Event: 6074.168 GC heap after
Heap after GC invocations=23 (full 5):
 PSYoungGen      total 296448K, used 0K [0x00000000e0000000, 0x00000000fa000000, 0x0000000100000000)
  eden space 267776K, 0% used [0x00000000e0000000,0x00000000e0000000,0x00000000f0580000)
  from space 28672K, 0% used [0x00000000f3f00000,0x00000000f3f00000,0x00000000f5b00000)
  to   space 58880K, 0% used [0x00000000f0580000,0x00000000f0580000,0x00000000f3f00000)
 ParOldGen       total 147968K, used 48261K [0x00000000a0000000, 0x00000000a9080000, 0x00000000e0000000)
  object space 147968K, 32% used [0x00000000a0000000,0x00000000a2f217b0,0x00000000a9080000)
 Metaspace       used 82956K, capacity 85186K, committed 86932K, reserved 1124352K
  class space    used 10553K, capacity 11075K, committed 11412K, reserved 1048576K
}
Event: 6100.272 GC heap before
{Heap before GC invocations=24 (full 5):
 PSYoungGen      total 296448K, used 267776K [0x00000000e0000000, 0x00000000fa000000, 0x0000000100000000)
  eden space 267776K, 100% used [0x00000000e0000000,0x00000000f0580000,0x00000000f0580000)
  from space 28672K, 0% used [0x00000000f3f00000,0x00000000f3f00000,0x00000000f5b00000)
  to   space 58880K, 0% used [0x00000000f0580000,0x00000000f0580000,0x00000000f3f00000)
 ParOldGen       total 147968K, used 48261K [0x00000000a0000000, 0x00000000a9080000, 0x00000000e0000000)
  object space 147968K, 32% used [0x00000000a0000000,0x00000000a2f217b0,0x00000000a9080000)
 Metaspace       used 92645K, capacity 95738K, committed 96276K, reserved 1132544K
  class space    used 11743K, capacity 12445K, committed 12564K, reserved 1048576K
Event: 6100.312 GC heap after
Heap after GC invocations=24 (full 5):
 PSYoungGen      total 326656K, used 14351K [0x00000000e0000000, 0x00000000fa000000, 0x0000000100000000)
  eden space 267776K, 0% used [0x00000000e0000000,0x00000000e0000000,0x00000000f0580000)
  from space 58880K, 24% used [0x00000000f0580000,0x00000000f1383f08,0x00000000f3f00000)
  to   space 28672K, 0% used [0x00000000f3f00000,0x00000000f3f00000,0x00000000f5b00000)
 ParOldGen       total 147968K, used 48269K [0x00000000a0000000, 0x00000000a9080000, 0x00000000e0000000)
  object space 147968K, 32% used [0x00000000a0000000,0x00000000a2f237b0,0x00000000a9080000)
 Metaspace       used 92645K, capacity 95738K, committed 96276K, reserved 1132544K
  class space    used 11743K, capacity 12445K, committed 12564K, reserved 1048576K
}

