# JRE version: OpenJDK Runtime Environment (8.0_152-b06) (build 1.8.0_152-release-1136-b06)
# Java VM: OpenJDK 64-Bit Server VM (25.152-b06 mixed mode windows-amd64 compressed oops)
Heap:
 PSYoungGen      total 179200K, used 47489K [0x00000000e0000000, 0x00000000ec000000, 0x0000000100000000)
  eden space 164864K, 21% used [0x00000000e0000000,0x00000000e221baf0,0x00000000ea100000)
  from space 14336K, 87% used [0x00000000eb080000,0x00000000ebcc4b78,0x00000000ebe80000)
  to   space 15872K, 0% used [0x00000000ea100000,0x00000000ea100000,0x00000000eb080000)
 ParOldGen       total 54784K, used 30326K [0x00000000a0000000, 0x00000000a3580000, 0x00000000e0000000)
  object space 54784K, 55% used [0x00000000a0000000,0x00000000a1d9da80,0x00000000a3580000)
 Metaspace       used 55981K, capacity 57764K, committed 57856K, reserved 1099776K
  class space    used 7683K, capacity 8147K, committed 8192K, reserved 1048576K
GC Heap History (10 events):
Event: 20.800 GC heap before
{Heap before GC invocations=10 (full 1):
 PSYoungGen      total 103936K, used 103894K [0x00000000e0000000, 0x00000000e8700000, 0x0000000100000000)
  eden space 97792K, 100% used [0x00000000e0000000,0x00000000e5f80000,0x00000000e5f80000)
  from space 6144K, 99% used [0x00000000e8100000,0x00000000e86f5a30,0x00000000e8700000)
  to   space 8192K, 0% used [0x00000000e7700000,0x00000000e7700000,0x00000000e7f00000)
 ParOldGen       total 37888K, used 12142K [0x00000000a0000000, 0x00000000a2500000, 0x00000000e0000000)
  object space 37888K, 32% used [0x00000000a0000000,0x00000000a0bdb830,0x00000000a2500000)
 Metaspace       used 31383K, capacity 32078K, committed 32384K, reserved 1077248K
  class space    used 4409K, capacity 4650K, committed 4736K, reserved 1048576K
Event: 20.834 GC heap after
Heap after GC invocations=10 (full 1):
 PSYoungGen      total 130048K, used 8180K [0x00000000e0000000, 0x00000000e9400000, 0x0000000100000000)
  eden space 121856K, 0% used [0x00000000e0000000,0x00000000e0000000,0x00000000e7700000)
  from space 8192K, 99% used [0x00000000e7700000,0x00000000e7efd3f0,0x00000000e7f00000)
  to   space 11264K, 0% used [0x00000000e8900000,0x00000000e8900000,0x00000000e9400000)
 ParOldGen       total 37888K, used 16152K [0x00000000a0000000, 0x00000000a2500000, 0x00000000e0000000)
  object space 37888K, 42% used [0x00000000a0000000,0x00000000a0fc6200,0x00000000a2500000)
 Metaspace       used 31383K, capacity 32078K, committed 32384K, reserved 1077248K
  class space    used 4409K, capacity 4650K, committed 4736K, reserved 1048576K
}
Event: 21.770 GC heap before
{Heap before GC invocations=11 (full 1):
 PSYoungGen      total 130048K, used 25708K [0x00000000e0000000, 0x00000000e9400000, 0x0000000100000000)
  eden space 121856K, 14% used [0x00000000e0000000,0x00000000e111dc10,0x00000000e7700000)
  from space 8192K, 99% used [0x00000000e7700000,0x00000000e7efd3f0,0x00000000e7f00000)
  to   space 11264K, 0% used [0x00000000e8900000,0x00000000e8900000,0x00000000e9400000)
 ParOldGen       total 37888K, used 16152K [0x00000000a0000000, 0x00000000a2500000, 0x00000000e0000000)
  object space 37888K, 42% used [0x00000000a0000000,0x00000000a0fc6200,0x00000000a2500000)
 Metaspace       used 34549K, capacity 35318K, committed 35416K, reserved 1079296K
  class space    used 4840K, capacity 5116K, committed 5120K, reserved 1048576K
Event: 21.801 GC heap after
Heap after GC invocations=11 (full 1):
 PSYoungGen      total 140288K, used 7847K [0x00000000e0000000, 0x00000000eb900000, 0x0000000100000000)
  eden space 129024K, 0% used [0x00000000e0000000,0x00000000e0000000,0x00000000e7e00000)
  from space 11264K, 69% used [0x00000000e8900000,0x00000000e90a9fe8,0x00000000e9400000)
  to   space 11264K, 0% used [0x00000000e7e00000,0x00000000e7e00000,0x00000000e8900000)
 ParOldGen       total 37888K, used 18486K [0x00000000a0000000, 0x00000000a2500000, 0x00000000e0000000)
  object space 37888K, 48% used [0x00000000a0000000,0x00000000a120d840,0x00000000a2500000)
 Metaspace       used 34549K, capacity 35318K, committed 35416K, reserved 1079296K
  class space    used 4840K, capacity 5116K, committed 5120K, reserved 1048576K
}
Event: 21.801 GC heap before
{Heap before GC invocations=12 (full 2):
 PSYoungGen      total 140288K, used 7847K [0x00000000e0000000, 0x00000000eb900000, 0x0000000100000000)
  eden space 129024K, 0% used [0x00000000e0000000,0x00000000e0000000,0x00000000e7e00000)
  from space 11264K, 69% used [0x00000000e8900000,0x00000000e90a9fe8,0x00000000e9400000)
  to   space 11264K, 0% used [0x00000000e7e00000,0x00000000e7e00000,0x00000000e8900000)
 ParOldGen       total 37888K, used 18486K [0x00000000a0000000, 0x00000000a2500000, 0x00000000e0000000)
  object space 37888K, 48% used [0x00000000a0000000,0x00000000a120d840,0x00000000a2500000)
 Metaspace       used 34549K, capacity 35318K, committed 35416K, reserved 1079296K
  class space    used 4840K, capacity 5116K, committed 5120K, reserved 1048576K
Event: 22.056 GC heap after
Heap after GC invocations=12 (full 2):
 PSYoungGen      total 140288K, used 0K [0x00000000e0000000, 0x00000000eb900000, 0x0000000100000000)
  eden space 129024K, 0% used [0x00000000e0000000,0x00000000e0000000,0x00000000e7e00000)
  from space 11264K, 0% used [0x00000000e8900000,0x00000000e8900000,0x00000000e9400000)
  to   space 11264K, 0% used [0x00000000e7e00000,0x00000000e7e00000,0x00000000e8900000)
 ParOldGen       total 54784K, used 16580K [0x00000000a0000000, 0x00000000a3580000, 0x00000000e0000000)
  object space 54784K, 30% used [0x00000000a0000000,0x00000000a1031308,0x00000000a3580000)
 Metaspace       used 34549K, capacity 35318K, committed 35416K, reserved 1079296K
  class space    used 4840K, capacity 5116K, committed 5120K, reserved 1048576K
}
Event: 26.211 GC heap before
{Heap before GC invocations=13 (full 2):
 PSYoungGen      total 140288K, used 129024K [0x00000000e0000000, 0x00000000eb900000, 0x0000000100000000)
  eden space 129024K, 100% used [0x00000000e0000000,0x00000000e7e00000,0x00000000e7e00000)
  from space 11264K, 0% used [0x00000000e8900000,0x00000000e8900000,0x00000000e9400000)
  to   space 11264K, 0% used [0x00000000e7e00000,0x00000000e7e00000,0x00000000e8900000)
 ParOldGen       total 54784K, used 16580K [0x00000000a0000000, 0x00000000a3580000, 0x00000000e0000000)
  object space 54784K, 30% used [0x00000000a0000000,0x00000000a1031308,0x00000000a3580000)
 Metaspace       used 43051K, capacity 44110K, committed 44416K, reserved 1087488K
  class space    used 5845K, capacity 6221K, committed 6272K, reserved 1048576K
Event: 26.263 GC heap after
Heap after GC invocations=13 (full 2):
 PSYoungGen      total 140288K, used 11257K [0x00000000e0000000, 0x00000000ebe80000, 0x0000000100000000)
  eden space 129024K, 0% used [0x00000000e0000000,0x00000000e0000000,0x00000000e7e00000)
  from space 11264K, 99% used [0x00000000e7e00000,0x00000000e88fe650,0x00000000e8900000)
  to   space 14336K, 0% used [0x00000000eb080000,0x00000000eb080000,0x00000000ebe80000)
 ParOldGen       total 54784K, used 20814K [0x00000000a0000000, 0x00000000a3580000, 0x00000000e0000000)
  object space 54784K, 37% used [0x00000000a0000000,0x00000000a1453b28,0x00000000a3580000)
 Metaspace       used 43051K, capacity 44110K, committed 44416K, reserved 1087488K
  class space    used 5845K, capacity 6221K, committed 6272K, reserved 1048576K
}
Event: 33.242 GC heap before
{Heap before GC invocations=14 (full 2):
 PSYoungGen      total 140288K, used 140281K [0x00000000e0000000, 0x00000000ebe80000, 0x0000000100000000)
  eden space 129024K, 100% used [0x00000000e0000000,0x00000000e7e00000,0x00000000e7e00000)
  from space 11264K, 99% used [0x00000000e7e00000,0x00000000e88fe650,0x00000000e8900000)
  to   space 14336K, 0% used [0x00000000eb080000,0x00000000eb080000,0x00000000ebe80000)
 ParOldGen       total 54784K, used 20814K [0x00000000a0000000, 0x00000000a3580000, 0x00000000e0000000)
  object space 54784K, 37% used [0x00000000a0000000,0x00000000a1453b28,0x00000000a3580000)
 Metaspace       used 54615K, capacity 56350K, committed 56576K, reserved 1097728K
  class space    used 7448K, capacity 7911K, committed 7936K, reserved 1048576K
Event: 33.316 GC heap after
Heap after GC invocations=14 (full 2):
 PSYoungGen      total 179200K, used 12562K [0x00000000e0000000, 0x00000000ec000000, 0x0000000100000000)
  eden space 164864K, 0% used [0x00000000e0000000,0x00000000e0000000,0x00000000ea100000)
  from space 14336K, 87% used [0x00000000eb080000,0x00000000ebcc4b78,0x00000000ebe80000)
  to   space 15872K, 0% used [0x00000000ea100000,0x00000000ea100000,0x00000000eb080000)
 ParOldGen       total 54784K, used 30326K [0x00000000a0000000, 0x00000000a3580000, 0x00000000e0000000)
  object space 54784K, 55% used [0x00000000a0000000,0x00000000a1d9da80,0x00000000a3580000)
 Metaspace       used 54615K, capacity 56350K, committed 56576K, reserved 1097728K
  class space    used 7448K, capacity 7911K, committed 7936K, reserved 1048576K
}

