# JRE version: OpenJDK Runtime Environment (8.0_152-b06) (build 1.8.0_152-release-1136-b06)
# Java VM: OpenJDK 64-Bit Server VM (25.152-b06 mixed mode windows-amd64 compressed oops)
Heap:
 PSYoungGen      total 340480K, used 23930K [0x00000000e0000000, 0x0000000100000000, 0x0000000100000000)
  eden space 283136K, 8% used [0x00000000e0000000,0x00000000e175e8e8,0x00000000f1480000)
  from space 57344K, 0% used [0x00000000f7c80000,0x00000000f7c80000,0x00000000fb480000)
  to   space 106496K, 0% used [0x00000000f1480000,0x00000000f1480000,0x00000000f7c80000)
 ParOldGen       total 247296K, used 189719K [0x00000000a0000000, 0x00000000af180000, 0x00000000e0000000)
  object space 247296K, 76% used [0x00000000a0000000,0x00000000ab945e70,0x00000000af180000)
 Metaspace       used 89283K, capacity 92424K, committed 92800K, reserved 1130496K
  class space    used 11403K, capacity 12079K, committed 12160K, reserved 1048576K
GC Heap History (10 events):
Event: 58.678 GC heap before
{Heap before GC invocations=19 (full 4):
 PSYoungGen      total 259072K, used 27135K [0x00000000e0000000, 0x00000000f9b00000, 0x0000000100000000)
  eden space 231936K, 0% used [0x00000000e0000000,0x00000000e0000000,0x00000000ee280000)
  from space 27136K, 99% used [0x00000000ee280000,0x00000000efcffc90,0x00000000efd00000)
  to   space 53760K, 0% used [0x00000000f6680000,0x00000000f6680000,0x00000000f9b00000)
 ParOldGen       total 122368K, used 122061K [0x00000000a0000000, 0x00000000a7780000, 0x00000000e0000000)
  object space 122368K, 99% used [0x00000000a0000000,0x00000000a7733500,0x00000000a7780000)
 Metaspace       used 69278K, capacity 71172K, committed 71424K, reserved 1112064K
  class space    used 9183K, capacity 9649K, committed 9728K, reserved 1048576K
Event: 60.544 GC heap after
Heap after GC invocations=19 (full 4):
 PSYoungGen      total 259072K, used 19362K [0x00000000e0000000, 0x00000000f9b00000, 0x0000000100000000)
  eden space 231936K, 0% used [0x00000000e0000000,0x00000000e0000000,0x00000000ee280000)
  from space 27136K, 71% used [0x00000000ee280000,0x00000000ef568b00,0x00000000efd00000)
  to   space 53760K, 0% used [0x00000000f6680000,0x00000000f6680000,0x00000000f9b00000)
 ParOldGen       total 204800K, used 121921K [0x00000000a0000000, 0x00000000ac800000, 0x00000000e0000000)
  object space 204800K, 59% used [0x00000000a0000000,0x00000000a7710750,0x00000000ac800000)
 Metaspace       used 69278K, capacity 71172K, committed 71424K, reserved 1112064K
  class space    used 9183K, capacity 9649K, committed 9728K, reserved 1048576K
}
Event: 91.564 GC heap before
{Heap before GC invocations=20 (full 4):
 PSYoungGen      total 259072K, used 251298K [0x00000000e0000000, 0x00000000f9b00000, 0x0000000100000000)
  eden space 231936K, 100% used [0x00000000e0000000,0x00000000ee280000,0x00000000ee280000)
  from space 27136K, 71% used [0x00000000ee280000,0x00000000ef568b00,0x00000000efd00000)
  to   space 53760K, 0% used [0x00000000f6680000,0x00000000f6680000,0x00000000f9b00000)
 ParOldGen       total 204800K, used 121921K [0x00000000a0000000, 0x00000000ac800000, 0x00000000e0000000)
  object space 204800K, 59% used [0x00000000a0000000,0x00000000a7710750,0x00000000ac800000)
 Metaspace       used 72635K, capacity 74728K, committed 74880K, reserved 1114112K
  class space    used 9500K, capacity 10007K, committed 10112K, reserved 1048576K
Event: 91.721 GC heap after
Heap after GC invocations=20 (full 4):
 PSYoungGen      total 314880K, used 17461K [0x00000000e0000000, 0x00000000f7e00000, 0x0000000100000000)
  eden space 290816K, 0% used [0x00000000e0000000,0x00000000e0000000,0x00000000f1c00000)
  from space 24064K, 72% used [0x00000000f6680000,0x00000000f778d6c8,0x00000000f7e00000)
  to   space 50176K, 0% used [0x00000000f1c00000,0x00000000f1c00000,0x00000000f4d00000)
 ParOldGen       total 204800K, used 141401K [0x00000000a0000000, 0x00000000ac800000, 0x00000000e0000000)
  object space 204800K, 69% used [0x00000000a0000000,0x00000000a8a16418,0x00000000ac800000)
 Metaspace       used 72635K, capacity 74728K, committed 74880K, reserved 1114112K
  class space    used 9500K, capacity 10007K, committed 10112K, reserved 1048576K
}
Event: 440.022 GC heap before
{Heap before GC invocations=21 (full 4):
 PSYoungGen      total 314880K, used 308277K [0x00000000e0000000, 0x00000000f7e00000, 0x0000000100000000)
  eden space 290816K, 100% used [0x00000000e0000000,0x00000000f1c00000,0x00000000f1c00000)
  from space 24064K, 72% used [0x00000000f6680000,0x00000000f778d6c8,0x00000000f7e00000)
  to   space 50176K, 0% used [0x00000000f1c00000,0x00000000f1c00000,0x00000000f4d00000)
 ParOldGen       total 204800K, used 141401K [0x00000000a0000000, 0x00000000ac800000, 0x00000000e0000000)
  object space 204800K, 69% used [0x00000000a0000000,0x00000000a8a16418,0x00000000ac800000)
 Metaspace       used 86629K, capacity 89668K, committed 89984K, reserved 1128448K
  class space    used 11146K, capacity 11807K, committed 11904K, reserved 1048576K
Event: 440.167 GC heap after
Heap after GC invocations=21 (full 4):
 PSYoungGen      total 340992K, used 46305K [0x00000000e0000000, 0x00000000fb480000, 0x0000000100000000)
  eden space 290816K, 0% used [0x00000000e0000000,0x00000000e0000000,0x00000000f1c00000)
  from space 50176K, 92% used [0x00000000f1c00000,0x00000000f49386b8,0x00000000f4d00000)
  to   space 57344K, 0% used [0x00000000f7c80000,0x00000000f7c80000,0x00000000fb480000)
 ParOldGen       total 204800K, used 141409K [0x00000000a0000000, 0x00000000ac800000, 0x00000000e0000000)
  object space 204800K, 69% used [0x00000000a0000000,0x00000000a8a18418,0x00000000ac800000)
 Metaspace       used 86629K, capacity 89668K, committed 89984K, reserved 1128448K
  class space    used 11146K, capacity 11807K, committed 11904K, reserved 1048576K
}
Event: 443.216 GC heap before
{Heap before GC invocations=22 (full 4):
 PSYoungGen      total 340992K, used 337121K [0x00000000e0000000, 0x00000000fb480000, 0x0000000100000000)
  eden space 290816K, 100% used [0x00000000e0000000,0x00000000f1c00000,0x00000000f1c00000)
  from space 50176K, 92% used [0x00000000f1c00000,0x00000000f49386b8,0x00000000f4d00000)
  to   space 57344K, 0% used [0x00000000f7c80000,0x00000000f7c80000,0x00000000fb480000)
 ParOldGen       total 204800K, used 141409K [0x00000000a0000000, 0x00000000ac800000, 0x00000000e0000000)
  object space 204800K, 69% used [0x00000000a0000000,0x00000000a8a18418,0x00000000ac800000)
 Metaspace       used 89277K, capacity 92448K, committed 92800K, reserved 1130496K
  class space    used 11405K, capacity 12085K, committed 12160K, reserved 1048576K
Event: 443.790 GC heap after
Heap after GC invocations=22 (full 4):
 PSYoungGen      total 340480K, used 57331K [0x00000000e0000000, 0x0000000100000000, 0x0000000100000000)
  eden space 283136K, 0% used [0x00000000e0000000,0x00000000e0000000,0x00000000f1480000)
  from space 57344K, 99% used [0x00000000f7c80000,0x00000000fb47cc80,0x00000000fb480000)
  to   space 106496K, 0% used [0x00000000f1480000,0x00000000f1480000,0x00000000f7c80000)
 ParOldGen       total 247296K, used 247005K [0x00000000a0000000, 0x00000000af180000, 0x00000000e0000000)
  object space 247296K, 99% used [0x00000000a0000000,0x00000000af137728,0x00000000af180000)
 Metaspace       used 89277K, capacity 92448K, committed 92800K, reserved 1130496K
  class space    used 11405K, capacity 12085K, committed 12160K, reserved 1048576K
}
Event: 443.790 GC heap before
{Heap before GC invocations=23 (full 5):
 PSYoungGen      total 340480K, used 57331K [0x00000000e0000000, 0x0000000100000000, 0x0000000100000000)
  eden space 283136K, 0% used [0x00000000e0000000,0x00000000e0000000,0x00000000f1480000)
  from space 57344K, 99% used [0x00000000f7c80000,0x00000000fb47cc80,0x00000000fb480000)
  to   space 106496K, 0% used [0x00000000f1480000,0x00000000f1480000,0x00000000f7c80000)
 ParOldGen       total 247296K, used 247005K [0x00000000a0000000, 0x00000000af180000, 0x00000000e0000000)
  object space 247296K, 99% used [0x00000000a0000000,0x00000000af137728,0x00000000af180000)
 Metaspace       used 89277K, capacity 92448K, committed 92800K, reserved 1130496K
  class space    used 11405K, capacity 12085K, committed 12160K, reserved 1048576K
Event: 446.019 GC heap after
Heap after GC invocations=23 (full 5):
 PSYoungGen      total 340480K, used 0K [0x00000000e0000000, 0x0000000100000000, 0x0000000100000000)
  eden space 283136K, 0% used [0x00000000e0000000,0x00000000e0000000,0x00000000f1480000)
  from space 57344K, 0% used [0x00000000f7c80000,0x00000000f7c80000,0x00000000fb480000)
  to   space 106496K, 0% used [0x00000000f1480000,0x00000000f1480000,0x00000000f7c80000)
 ParOldGen       total 247296K, used 189719K [0x00000000a0000000, 0x00000000af180000, 0x00000000e0000000)
  object space 247296K, 76% used [0x00000000a0000000,0x00000000ab945e70,0x00000000af180000)
 Metaspace       used 89268K, capacity 92424K, committed 92800K, reserved 1130496K
  class space    used 11401K, capacity 12079K, committed 12160K, reserved 1048576K
}

