# JRE version: OpenJDK Runtime Environment (8.0_152-b06) (build 1.8.0_152-release-1136-b06)
# Java VM: OpenJDK 64-Bit Server VM (25.152-b06 mixed mode windows-amd64 compressed oops)
Heap:
 PSYoungGen      total 387584K, used 180089K [0x00000000e0000000, 0x00000000fbc00000, 0x0000000100000000)
  eden space 320512K, 56% used [0x00000000e0000000,0x00000000eaf655d8,0x00000000f3900000)
  from space 67072K, 0% used [0x00000000f7a80000,0x00000000f7af9100,0x00000000fbc00000)
  to   space 67072K, 0% used [0x00000000f3900000,0x00000000f3900000,0x00000000f7a80000)
 ParOldGen       total 131584K, used 53776K [0x00000000a0000000, 0x00000000a8080000, 0x00000000e0000000)
  object space 131584K, 40% used [0x00000000a0000000,0x00000000a3484128,0x00000000a8080000)
 Metaspace       used 91541K, capacity 94556K, committed 94720K, reserved 1132544K
  class space    used 11572K, capacity 12223K, committed 12288K, reserved 1048576K
GC Heap History (10 events):
Event: 413.836 GC heap before
{Heap before GC invocations=20 (full 5):
 PSYoungGen      total 246272K, used 232884K [0x00000000e0000000, 0x00000000f7780000, 0x0000000100000000)
  eden space 225792K, 100% used [0x00000000e0000000,0x00000000edc80000,0x00000000edc80000)
  from space 20480K, 34% used [0x00000000edc80000,0x00000000ee36d070,0x00000000ef080000)
  to   space 48128K, 0% used [0x00000000f4880000,0x00000000f4880000,0x00000000f7780000)
 ParOldGen       total 112128K, used 111706K [0x00000000a0000000, 0x00000000a6d80000, 0x00000000e0000000)
  object space 112128K, 99% used [0x00000000a0000000,0x00000000a6d16980,0x00000000a6d80000)
 Metaspace       used 77291K, capacity 79252K, committed 79360K, reserved 1118208K
  class space    used 9992K, capacity 10447K, committed 10496K, reserved 1048576K
Event: 414.201 GC heap after
Heap after GC invocations=20 (full 5):
 PSYoungGen      total 246272K, used 0K [0x00000000e0000000, 0x00000000f7780000, 0x0000000100000000)
  eden space 225792K, 0% used [0x00000000e0000000,0x00000000e0000000,0x00000000edc80000)
  from space 20480K, 0% used [0x00000000edc80000,0x00000000edc80000,0x00000000ef080000)
  to   space 48128K, 0% used [0x00000000f4880000,0x00000000f4880000,0x00000000f7780000)
 ParOldGen       total 131584K, used 41903K [0x00000000a0000000, 0x00000000a8080000, 0x00000000e0000000)
  object space 131584K, 31% used [0x00000000a0000000,0x00000000a28ebc48,0x00000000a8080000)
 Metaspace       used 77291K, capacity 79252K, committed 79360K, reserved 1118208K
  class space    used 9992K, capacity 10447K, committed 10496K, reserved 1048576K
}
Event: 732.594 GC heap before
{Heap before GC invocations=21 (full 5):
 PSYoungGen      total 246272K, used 225792K [0x00000000e0000000, 0x00000000f7780000, 0x0000000100000000)
  eden space 225792K, 100% used [0x00000000e0000000,0x00000000edc80000,0x00000000edc80000)
  from space 20480K, 0% used [0x00000000edc80000,0x00000000edc80000,0x00000000ef080000)
  to   space 48128K, 0% used [0x00000000f4880000,0x00000000f4880000,0x00000000f7780000)
 ParOldGen       total 131584K, used 41903K [0x00000000a0000000, 0x00000000a8080000, 0x00000000e0000000)
  object space 131584K, 31% used [0x00000000a0000000,0x00000000a28ebc48,0x00000000a8080000)
 Metaspace       used 79827K, capacity 81928K, committed 82176K, reserved 1120256K
  class space    used 10215K, capacity 10711K, committed 10752K, reserved 1048576K
Event: 732.803 GC heap after
Heap after GC invocations=21 (full 5):
 PSYoungGen      total 317952K, used 48108K [0x00000000e0000000, 0x00000000f9f80000, 0x0000000100000000)
  eden space 269824K, 0% used [0x00000000e0000000,0x00000000e0000000,0x00000000f0780000)
  from space 48128K, 99% used [0x00000000f4880000,0x00000000f777b200,0x00000000f7780000)
  to   space 66560K, 0% used [0x00000000f0780000,0x00000000f0780000,0x00000000f4880000)
 ParOldGen       total 131584K, used 68508K [0x00000000a0000000, 0x00000000a8080000, 0x00000000e0000000)
  object space 131584K, 52% used [0x00000000a0000000,0x00000000a42e7198,0x00000000a8080000)
 Metaspace       used 79827K, capacity 81928K, committed 82176K, reserved 1120256K
  class space    used 10215K, capacity 10711K, committed 10752K, reserved 1048576K
}
Event: 752.956 GC heap before
{Heap before GC invocations=22 (full 5):
 PSYoungGen      total 317952K, used 317327K [0x00000000e0000000, 0x00000000f9f80000, 0x0000000100000000)
  eden space 269824K, 99% used [0x00000000e0000000,0x00000000f06e8ab0,0x00000000f0780000)
  from space 48128K, 99% used [0x00000000f4880000,0x00000000f777b200,0x00000000f7780000)
  to   space 66560K, 0% used [0x00000000f0780000,0x00000000f0780000,0x00000000f4880000)
 ParOldGen       total 131584K, used 68508K [0x00000000a0000000, 0x00000000a8080000, 0x00000000e0000000)
  object space 131584K, 52% used [0x00000000a0000000,0x00000000a42e7198,0x00000000a8080000)
 Metaspace       used 81980K, capacity 84266K, committed 84480K, reserved 1122304K
  class space    used 10427K, capacity 10934K, committed 11008K, reserved 1048576K
Event: 753.205 GC heap after
Heap after GC invocations=22 (full 5):
 PSYoungGen      total 336384K, used 36686K [0x00000000e0000000, 0x00000000fbc80000, 0x0000000100000000)
  eden space 269824K, 0% used [0x00000000e0000000,0x00000000e0000000,0x00000000f0780000)
  from space 66560K, 55% used [0x00000000f0780000,0x00000000f2b53ad0,0x00000000f4880000)
  to   space 67584K, 0% used [0x00000000f7a80000,0x00000000f7a80000,0x00000000fbc80000)
 ParOldGen       total 131584K, used 103733K [0x00000000a0000000, 0x00000000a8080000, 0x00000000e0000000)
  object space 131584K, 78% used [0x00000000a0000000,0x00000000a654d6b8,0x00000000a8080000)
 Metaspace       used 81980K, capacity 84266K, committed 84480K, reserved 1122304K
  class space    used 10427K, capacity 10934K, committed 11008K, reserved 1048576K
}
Event: 753.205 GC heap before
{Heap before GC invocations=23 (full 6):
 PSYoungGen      total 336384K, used 36686K [0x00000000e0000000, 0x00000000fbc80000, 0x0000000100000000)
  eden space 269824K, 0% used [0x00000000e0000000,0x00000000e0000000,0x00000000f0780000)
  from space 66560K, 55% used [0x00000000f0780000,0x00000000f2b53ad0,0x00000000f4880000)
  to   space 67584K, 0% used [0x00000000f7a80000,0x00000000f7a80000,0x00000000fbc80000)
 ParOldGen       total 131584K, used 103733K [0x00000000a0000000, 0x00000000a8080000, 0x00000000e0000000)
  object space 131584K, 78% used [0x00000000a0000000,0x00000000a654d6b8,0x00000000a8080000)
 Metaspace       used 81980K, capacity 84266K, committed 84480K, reserved 1122304K
  class space    used 10427K, capacity 10934K, committed 11008K, reserved 1048576K
Event: 753.575 GC heap after
Heap after GC invocations=23 (full 6):
 PSYoungGen      total 336384K, used 0K [0x00000000e0000000, 0x00000000fbc80000, 0x0000000100000000)
  eden space 269824K, 0% used [0x00000000e0000000,0x00000000e0000000,0x00000000f0780000)
  from space 66560K, 0% used [0x00000000f0780000,0x00000000f0780000,0x00000000f4880000)
  to   space 67584K, 0% used [0x00000000f7a80000,0x00000000f7a80000,0x00000000fbc80000)
 ParOldGen       total 131584K, used 53776K [0x00000000a0000000, 0x00000000a8080000, 0x00000000e0000000)
  object space 131584K, 40% used [0x00000000a0000000,0x00000000a3484128,0x00000000a8080000)
 Metaspace       used 81980K, capacity 84266K, committed 84480K, reserved 1122304K
  class space    used 10427K, capacity 10934K, committed 11008K, reserved 1048576K
}
Event: 757.032 GC heap before
{Heap before GC invocations=24 (full 6):
 PSYoungGen      total 336384K, used 269824K [0x00000000e0000000, 0x00000000fbc80000, 0x0000000100000000)
  eden space 269824K, 100% used [0x00000000e0000000,0x00000000f0780000,0x00000000f0780000)
  from space 66560K, 0% used [0x00000000f0780000,0x00000000f0780000,0x00000000f4880000)
  to   space 67584K, 0% used [0x00000000f7a80000,0x00000000f7a80000,0x00000000fbc80000)
 ParOldGen       total 131584K, used 53776K [0x00000000a0000000, 0x00000000a8080000, 0x00000000e0000000)
  object space 131584K, 40% used [0x00000000a0000000,0x00000000a3484128,0x00000000a8080000)
 Metaspace       used 82100K, capacity 84376K, committed 84480K, reserved 1122304K
  class space    used 10445K, capacity 10945K, committed 11008K, reserved 1048576K
Event: 757.039 GC heap after
Heap after GC invocations=24 (full 6):
 PSYoungGen      total 387584K, used 484K [0x00000000e0000000, 0x00000000fbc00000, 0x0000000100000000)
  eden space 320512K, 0% used [0x00000000e0000000,0x00000000e0000000,0x00000000f3900000)
  from space 67072K, 0% used [0x00000000f7a80000,0x00000000f7af9100,0x00000000fbc00000)
  to   space 67072K, 0% used [0x00000000f3900000,0x00000000f3900000,0x00000000f7a80000)
 ParOldGen       total 131584K, used 53776K [0x00000000a0000000, 0x00000000a8080000, 0x00000000e0000000)
  object space 131584K, 40% used [0x00000000a0000000,0x00000000a3484128,0x00000000a8080000)
 Metaspace       used 82100K, capacity 84376K, committed 84480K, reserved 1122304K
  class space    used 10445K, capacity 10945K, committed 11008K, reserved 1048576K
}

