# JRE version: OpenJDK Runtime Environment (8.0_152-b06) (build 1.8.0_152-release-1136-b06)
# Java VM: OpenJDK 64-Bit Server VM (25.152-b06 mixed mode windows-amd64 compressed oops)
Heap:
 PSYoungGen      total 181248K, used 91364K [0x00000000e0000000, 0x00000000ef900000, 0x0000000100000000)
  eden space 165888K, 55% used [0x00000000e0000000,0x00000000e59392b0,0x00000000ea200000)
  from space 15360K, 0% used [0x00000000ea200000,0x00000000ea200000,0x00000000eb100000)
  to   space 20480K, 0% used [0x00000000ee500000,0x00000000ee500000,0x00000000ef900000)
 ParOldGen       total 98304K, used 46557K [0x00000000a0000000, 0x00000000a6000000, 0x00000000e0000000)
  object space 98304K, 47% used [0x00000000a0000000,0x00000000a2d776d0,0x00000000a6000000)
 Metaspace       used 59586K, capacity 61830K, committed 61952K, reserved 1101824K
  class space    used 8077K, capacity 8663K, committed 8704K, reserved 1048576K
GC Heap History (10 events):
Event: 14.392 GC heap before
{Heap before GC invocations=12 (full 2):
 PSYoungGen      total 138240K, used 7776K [0x00000000e0000000, 0x00000000ec180000, 0x0000000100000000)
  eden space 127488K, 0% used [0x00000000e0000000,0x00000000e0000000,0x00000000e7c80000)
  from space 10752K, 72% used [0x00000000e8780000,0x00000000e8f18390,0x00000000e9200000)
  to   space 11264K, 0% used [0x00000000e7c80000,0x00000000e7c80000,0x00000000e8780000)
 ParOldGen       total 37376K, used 17384K [0x00000000a0000000, 0x00000000a2480000, 0x00000000e0000000)
  object space 37376K, 46% used [0x00000000a0000000,0x00000000a10fa2d8,0x00000000a2480000)
 Metaspace       used 34450K, capacity 35318K, committed 35416K, reserved 1079296K
  class space    used 4835K, capacity 5116K, committed 5120K, reserved 1048576K
Event: 14.726 GC heap after
Heap after GC invocations=12 (full 2):
 PSYoungGen      total 138240K, used 0K [0x00000000e0000000, 0x00000000ec180000, 0x0000000100000000)
  eden space 127488K, 0% used [0x00000000e0000000,0x00000000e0000000,0x00000000e7c80000)
  from space 10752K, 0% used [0x00000000e8780000,0x00000000e8780000,0x00000000e9200000)
  to   space 11264K, 0% used [0x00000000e7c80000,0x00000000e7c80000,0x00000000e8780000)
 ParOldGen       total 52736K, used 16504K [0x00000000a0000000, 0x00000000a3380000, 0x00000000e0000000)
  object space 52736K, 31% used [0x00000000a0000000,0x00000000a101e2a8,0x00000000a3380000)
 Metaspace       used 34450K, capacity 35318K, committed 35416K, reserved 1079296K
  class space    used 4835K, capacity 5116K, committed 5120K, reserved 1048576K
}
Event: 18.596 GC heap before
{Heap before GC invocations=13 (full 2):
 PSYoungGen      total 138240K, used 127488K [0x00000000e0000000, 0x00000000ec180000, 0x0000000100000000)
  eden space 127488K, 100% used [0x00000000e0000000,0x00000000e7c80000,0x00000000e7c80000)
  from space 10752K, 0% used [0x00000000e8780000,0x00000000e8780000,0x00000000e9200000)
  to   space 11264K, 0% used [0x00000000e7c80000,0x00000000e7c80000,0x00000000e8780000)
 ParOldGen       total 52736K, used 16504K [0x00000000a0000000, 0x00000000a3380000, 0x00000000e0000000)
  object space 52736K, 31% used [0x00000000a0000000,0x00000000a101e2a8,0x00000000a3380000)
 Metaspace       used 42751K, capacity 43854K, committed 44160K, reserved 1087488K
  class space    used 5803K, capacity 6157K, committed 6272K, reserved 1048576K
Event: 18.650 GC heap after
Heap after GC invocations=13 (full 2):
 PSYoungGen      total 138752K, used 11254K [0x00000000e0000000, 0x00000000ec180000, 0x0000000100000000)
  eden space 127488K, 0% used [0x00000000e0000000,0x00000000e0000000,0x00000000e7c80000)
  from space 11264K, 99% used [0x00000000e7c80000,0x00000000e877d8f0,0x00000000e8780000)
  to   space 14336K, 0% used [0x00000000eb380000,0x00000000eb380000,0x00000000ec180000)
 ParOldGen       total 52736K, used 20505K [0x00000000a0000000, 0x00000000a3380000, 0x00000000e0000000)
  object space 52736K, 38% used [0x00000000a0000000,0x00000000a1406570,0x00000000a3380000)
 Metaspace       used 42751K, capacity 43854K, committed 44160K, reserved 1087488K
  class space    used 5803K, capacity 6157K, committed 6272K, reserved 1048576K
}
Event: 26.362 GC heap before
{Heap before GC invocations=14 (full 2):
 PSYoungGen      total 138752K, used 138742K [0x00000000e0000000, 0x00000000ec180000, 0x0000000100000000)
  eden space 127488K, 100% used [0x00000000e0000000,0x00000000e7c80000,0x00000000e7c80000)
  from space 11264K, 99% used [0x00000000e7c80000,0x00000000e877d8f0,0x00000000e8780000)
  to   space 14336K, 0% used [0x00000000eb380000,0x00000000eb380000,0x00000000ec180000)
 ParOldGen       total 52736K, used 20505K [0x00000000a0000000, 0x00000000a3380000, 0x00000000e0000000)
  object space 52736K, 38% used [0x00000000a0000000,0x00000000a1406570,0x00000000a3380000)
 Metaspace       used 54510K, capacity 56318K, committed 56576K, reserved 1097728K
  class space    used 7421K, capacity 7879K, committed 7936K, reserved 1048576K
Event: 26.434 GC heap after
Heap after GC invocations=14 (full 2):
 PSYoungGen      total 178688K, used 12250K [0x00000000e0000000, 0x00000000ec000000, 0x0000000100000000)
  eden space 165888K, 0% used [0x00000000e0000000,0x00000000e0000000,0x00000000ea200000)
  from space 12800K, 95% used [0x00000000eb380000,0x00000000ebf76898,0x00000000ec000000)
  to   space 15360K, 0% used [0x00000000ea200000,0x00000000ea200000,0x00000000eb100000)
 ParOldGen       total 52736K, used 30033K [0x00000000a0000000, 0x00000000a3380000, 0x00000000e0000000)
  object space 52736K, 56% used [0x00000000a0000000,0x00000000a1d54708,0x00000000a3380000)
 Metaspace       used 54510K, capacity 56318K, committed 56576K, reserved 1097728K
  class space    used 7421K, capacity 7879K, committed 7936K, reserved 1048576K
}
Event: 31.808 GC heap before
{Heap before GC invocations=15 (full 2):
 PSYoungGen      total 178688K, used 171690K [0x00000000e0000000, 0x00000000ec000000, 0x0000000100000000)
  eden space 165888K, 96% used [0x00000000e0000000,0x00000000e9bb4208,0x00000000ea200000)
  from space 12800K, 95% used [0x00000000eb380000,0x00000000ebf76898,0x00000000ec000000)
  to   space 15360K, 0% used [0x00000000ea200000,0x00000000ea200000,0x00000000eb100000)
 ParOldGen       total 52736K, used 30033K [0x00000000a0000000, 0x00000000a3380000, 0x00000000e0000000)
  object space 52736K, 56% used [0x00000000a0000000,0x00000000a1d54708,0x00000000a3380000)
 Metaspace       used 57174K, capacity 58950K, committed 59008K, reserved 1099776K
  class space    used 7835K, capacity 8303K, committed 8320K, reserved 1048576K
Event: 31.932 GC heap after
Heap after GC invocations=15 (full 2):
 PSYoungGen      total 181248K, used 15328K [0x00000000e0000000, 0x00000000ef900000, 0x0000000100000000)
  eden space 165888K, 0% used [0x00000000e0000000,0x00000000e0000000,0x00000000ea200000)
  from space 15360K, 99% used [0x00000000ea200000,0x00000000eb0f8030,0x00000000eb100000)
  to   space 20480K, 0% used [0x00000000ee500000,0x00000000ee500000,0x00000000ef900000)
 ParOldGen       total 52736K, used 37266K [0x00000000a0000000, 0x00000000a3380000, 0x00000000e0000000)
  object space 52736K, 70% used [0x00000000a0000000,0x00000000a24648b8,0x00000000a3380000)
 Metaspace       used 57174K, capacity 58950K, committed 59008K, reserved 1099776K
  class space    used 7835K, capacity 8303K, committed 8320K, reserved 1048576K
}
Event: 31.932 GC heap before
{Heap before GC invocations=16 (full 3):
 PSYoungGen      total 181248K, used 15328K [0x00000000e0000000, 0x00000000ef900000, 0x0000000100000000)
  eden space 165888K, 0% used [0x00000000e0000000,0x00000000e0000000,0x00000000ea200000)
  from space 15360K, 99% used [0x00000000ea200000,0x00000000eb0f8030,0x00000000eb100000)
  to   space 20480K, 0% used [0x00000000ee500000,0x00000000ee500000,0x00000000ef900000)
 ParOldGen       total 52736K, used 37266K [0x00000000a0000000, 0x00000000a3380000, 0x00000000e0000000)
  object space 52736K, 70% used [0x00000000a0000000,0x00000000a24648b8,0x00000000a3380000)
 Metaspace       used 57174K, capacity 58950K, committed 59008K, reserved 1099776K
  class space    used 7835K, capacity 8303K, committed 8320K, reserved 1048576K
Event: 32.814 GC heap after
Heap after GC invocations=16 (full 3):
 PSYoungGen      total 181248K, used 0K [0x00000000e0000000, 0x00000000ef900000, 0x0000000100000000)
  eden space 165888K, 0% used [0x00000000e0000000,0x00000000e0000000,0x00000000ea200000)
  from space 15360K, 0% used [0x00000000ea200000,0x00000000ea200000,0x00000000eb100000)
  to   space 20480K, 0% used [0x00000000ee500000,0x00000000ee500000,0x00000000ef900000)
 ParOldGen       total 98304K, used 46557K [0x00000000a0000000, 0x00000000a6000000, 0x00000000e0000000)
  object space 98304K, 47% used [0x00000000a0000000,0x00000000a2d776d0,0x00000000a6000000)
 Metaspace       used 57174K, capacity 58950K, committed 59008K, reserved 1099776K
  class space    used 7835K, capacity 8303K, committed 8320K, reserved 1048576K
}

